<?xml version="1.0" encoding="UTF-8"?>
<coverage generated="1749981122641" clover="3.2.0">
  <project timestamp="1749981122641" name="All files">
    <metrics statements="580" coveredstatements="542" conditionals="199" coveredconditionals="168" methods="241" coveredmethods="212" elements="1020" coveredelements="922" complexity="0" loc="580" ncloc="580" packages="3" files="7" classes="7"/>
    <package name="dist">
      <metrics statements="248" coveredstatements="238" conditionals="117" coveredconditionals="100" methods="75" coveredmethods="70"/>
      <file name="bridge.js" path="D:\projects\TypeScript-Babel-Starter-master\dist\bridge.js">
        <metrics statements="248" coveredstatements="238" conditionals="117" coveredconditionals="100" methods="75" coveredmethods="70"/>
        <line num="2" count="4" type="stmt"/>
        <line num="3" count="4" type="stmt"/>
        <line num="4" count="4" type="stmt"/>
        <line num="5" count="4" type="stmt"/>
        <line num="6" count="4" type="stmt"/>
        <line num="7" count="4" type="stmt"/>
        <line num="8" count="4" type="stmt"/>
        <line num="9" count="4" type="stmt"/>
        <line num="10" count="4" type="stmt"/>
        <line num="12" count="4" type="stmt"/>
        <line num="13" count="8" type="cond" truecount="3" falsecount="2"/>
        <line num="14" count="8" type="stmt"/>
        <line num="15" count="148" type="cond" truecount="3" falsecount="1"/>
        <line num="16" count="6399" type="cond" truecount="2" falsecount="0"/>
        <line num="18" count="8" type="stmt"/>
        <line num="20" count="4" type="cond" truecount="1" falsecount="1"/>
        <line num="28" count="4" type="stmt"/>
        <line num="31" count="4" type="stmt"/>
        <line num="32" count="4" type="stmt"/>
        <line num="33" count="6" type="stmt"/>
        <line num="35" count="4" type="stmt"/>
        <line num="36" count="4" type="stmt"/>
        <line num="39" count="4" type="stmt"/>
        <line num="40" count="256" type="cond" truecount="2" falsecount="0"/>
        <line num="41" count="231" type="stmt"/>
        <line num="42" count="229" type="cond" truecount="2" falsecount="0"/>
        <line num="43" count="81" type="stmt"/>
        <line num="48" count="59" type="cond" truecount="2" falsecount="0"/>
        <line num="49" count="50" type="stmt"/>
        <line num="50" count="50" type="stmt"/>
        <line num="52" count="9" type="stmt"/>
        <line num="54" count="4" type="stmt"/>
        <line num="55" count="4" type="stmt"/>
        <line num="56" count="4" type="stmt"/>
        <line num="57" count="94" type="cond" truecount="1" falsecount="1"/>
        <line num="58" count="94" type="stmt"/>
        <line num="60" count="0" type="stmt"/>
        <line num="61" count="0" type="stmt"/>
        <line num="63" count="94" type="stmt"/>
        <line num="66" count="58" type="stmt"/>
        <line num="67" count="58" type="cond" truecount="2" falsecount="0"/>
        <line num="68" count="45" type="stmt"/>
        <line num="69" count="45" type="stmt"/>
        <line num="71" count="13" type="stmt"/>
        <line num="73" count="58" type="stmt"/>
        <line num="74" count="58" type="stmt"/>
        <line num="75" count="58" type="cond" truecount="2" falsecount="0"/>
        <line num="76" count="48" type="stmt"/>
        <line num="82" count="4" type="stmt"/>
        <line num="83" count="6" type="stmt"/>
        <line num="84" count="6" type="stmt"/>
        <line num="85" count="6" type="stmt"/>
        <line num="86" count="3" type="stmt"/>
        <line num="88" count="6" type="stmt"/>
        <line num="90" count="4" type="stmt"/>
        <line num="92" count="9" type="stmt"/>
        <line num="97" count="9" type="stmt"/>
        <line num="98" count="9" type="stmt"/>
        <line num="99" count="9" type="stmt"/>
        <line num="100" count="9" type="stmt"/>
        <line num="101" count="55" type="stmt"/>
        <line num="103" count="9" type="stmt"/>
        <line num="104" count="32" type="stmt"/>
        <line num="107" count="472" type="stmt"/>
        <line num="109" count="9" type="stmt"/>
        <line num="110" count="461" type="stmt"/>
        <line num="111" count="461" type="cond" truecount="2" falsecount="0"/>
        <line num="112" count="42" type="stmt"/>
        <line num="113" count="42" type="stmt"/>
        <line num="114" count="42" type="cond" truecount="2" falsecount="0"/>
        <line num="115" count="42" type="stmt"/>
        <line num="120" count="461" type="stmt"/>
        <line num="122" count="9" type="stmt"/>
        <line num="123" count="181" type="stmt"/>
        <line num="124" count="181" type="cond" truecount="2" falsecount="0"/>
        <line num="125" count="181" type="stmt"/>
        <line num="126" count="181" type="stmt"/>
        <line num="127" count="181" type="cond" truecount="2" falsecount="0"/>
        <line num="128" count="181" type="cond" truecount="2" falsecount="0"/>
        <line num="129" count="181" type="stmt"/>
        <line num="130" count="0" type="stmt"/>
        <line num="132" count="0" type="stmt"/>
        <line num="138" count="181" type="stmt"/>
        <line num="139" count="25" type="stmt"/>
        <line num="146" count="25" type="stmt"/>
        <line num="148" count="181" type="stmt"/>
        <line num="150" count="9" type="stmt"/>
        <line num="151" count="9" type="stmt"/>
        <line num="152" count="960" type="cond" truecount="2" falsecount="0"/>
        <line num="153" count="960" type="stmt"/>
        <line num="154" count="960" type="cond" truecount="2" falsecount="0"/>
        <line num="156" count="9" type="stmt"/>
        <line num="158" count="23" type="cond" truecount="1" falsecount="1"/>
        <line num="159" count="23" type="cond" truecount="2" falsecount="0"/>
        <line num="160" count="23" type="stmt"/>
        <line num="162" count="23" type="cond" truecount="4" falsecount="0"/>
        <line num="163" count="5" type="stmt"/>
        <line num="164" count="5" type="cond" truecount="2" falsecount="0"/>
        <line num="165" count="3" type="stmt"/>
        <line num="166" count="3" type="stmt"/>
        <line num="167" count="3" type="stmt"/>
        <line num="169" count="3" type="stmt"/>
        <line num="170" count="18" type="cond" truecount="3" falsecount="1"/>
        <line num="171" count="18" type="stmt"/>
        <line num="172" count="18" type="cond" truecount="2" falsecount="0"/>
        <line num="173" count="8" type="stmt"/>
        <line num="174" count="8" type="stmt"/>
        <line num="175" count="8" type="stmt"/>
        <line num="177" count="8" type="stmt"/>
        <line num="179" count="0" type="stmt"/>
        <line num="181" count="11" type="stmt"/>
        <line num="182" count="11" type="cond" truecount="1" falsecount="1"/>
        <line num="183" count="11" type="stmt"/>
        <line num="186" count="22" type="stmt"/>
        <line num="190" count="11" type="stmt"/>
        <line num="191" count="11" type="stmt"/>
        <line num="195" count="422" type="stmt"/>
        <line num="196" count="422" type="stmt"/>
        <line num="197" count="44" type="cond" truecount="2" falsecount="0"/>
        <line num="198" count="23" type="stmt"/>
        <line num="199" count="23" type="stmt"/>
        <line num="200" count="23" type="stmt"/>
        <line num="201" count="23" type="stmt"/>
        <line num="202" count="23" type="stmt"/>
        <line num="205" count="422" type="stmt"/>
        <line num="206" count="241" type="cond" truecount="2" falsecount="0"/>
        <line num="207" count="220" type="stmt"/>
        <line num="208" count="220" type="stmt"/>
        <line num="209" count="265" type="cond" truecount="2" falsecount="0"/>
        <line num="210" count="220" type="stmt"/>
        <line num="214" count="422" type="stmt"/>
        <line num="215" count="44" type="stmt"/>
        <line num="216" count="44" type="stmt"/>
        <line num="217" count="148" type="stmt"/>
        <line num="223" count="10" type="stmt"/>
        <line num="224" count="10" type="stmt"/>
        <line num="225" count="14" type="cond" truecount="2" falsecount="0"/>
        <line num="226" count="12" type="cond" truecount="2" falsecount="0"/>
        <line num="227" count="9" type="stmt"/>
        <line num="228" count="9" type="stmt"/>
        <line num="229" count="11" type="stmt"/>
        <line num="230" count="11" type="stmt"/>
        <line num="231" count="11" type="stmt"/>
        <line num="233" count="9" type="cond" truecount="2" falsecount="0"/>
        <line num="237" count="5" type="stmt"/>
        <line num="238" count="4" type="stmt"/>
        <line num="240" count="10" type="stmt"/>
        <line num="243" count="6" type="cond" truecount="2" falsecount="0"/>
        <line num="244" count="6" type="cond" truecount="2" falsecount="0"/>
        <line num="245" count="5" type="stmt"/>
        <line num="248" count="55" type="stmt"/>
        <line num="249" count="55" type="cond" truecount="2" falsecount="0"/>
        <line num="250" count="32" type="stmt"/>
        <line num="251" count="32" type="stmt"/>
        <line num="253" count="55" type="stmt"/>
        <line num="254" count="55" type="cond" truecount="2" falsecount="0"/>
        <line num="255" count="34" type="stmt"/>
        <line num="256" count="34" type="stmt"/>
        <line num="258" count="55" type="stmt"/>
        <line num="259" count="55" type="cond" truecount="4" falsecount="0"/>
        <line num="261" count="36" type="stmt"/>
        <line num="262" count="36" type="stmt"/>
        <line num="264" count="36" type="stmt"/>
        <line num="269" count="36" type="stmt"/>
        <line num="271" count="55" type="stmt"/>
        <line num="277" count="9" type="stmt"/>
        <line num="282" count="2" type="stmt"/>
        <line num="285" count="2" type="stmt"/>
        <line num="290" count="2" type="stmt"/>
        <line num="291" count="2" type="stmt"/>
        <line num="292" count="2" type="stmt"/>
        <line num="295" count="395" type="cond" truecount="2" falsecount="0"/>
        <line num="296" count="395" type="stmt"/>
        <line num="297" count="395" type="stmt"/>
        <line num="298" count="395" type="stmt"/>
        <line num="299" count="395" type="stmt"/>
        <line num="302" count="61" type="stmt"/>
        <line num="303" count="61" type="stmt"/>
        <line num="306" count="0" type="stmt"/>
        <line num="309" count="170" type="stmt"/>
        <line num="310" count="170" type="stmt"/>
        <line num="311" count="170" type="stmt"/>
        <line num="312" count="18" type="stmt"/>
        <line num="320" count="407" type="stmt"/>
        <line num="321" count="407" type="stmt"/>
        <line num="322" count="407" type="stmt"/>
        <line num="323" count="407" type="stmt"/>
        <line num="324" count="407" type="stmt"/>
        <line num="325" count="407" type="stmt"/>
        <line num="326" count="226" type="stmt"/>
        <line num="328" count="407" type="stmt"/>
        <line num="329" count="50" type="stmt"/>
        <line num="330" count="50" type="stmt"/>
        <line num="331" count="50" type="stmt"/>
        <line num="332" count="52" type="stmt"/>
        <line num="334" count="50" type="stmt"/>
        <line num="335" count="50" type="stmt"/>
        <line num="336" count="50" type="stmt"/>
        <line num="337" count="50" type="stmt"/>
        <line num="338" count="15" type="stmt"/>
        <line num="340" count="13" type="stmt"/>
        <line num="341" count="13" type="stmt"/>
        <line num="342" count="13" type="cond" truecount="2" falsecount="0"/>
        <line num="343" count="10" type="stmt"/>
        <line num="344" count="10" type="stmt"/>
        <line num="346" count="3" type="stmt"/>
        <line num="347" count="3" type="stmt"/>
        <line num="350" count="50" type="stmt"/>
        <line num="351" count="50" type="stmt"/>
        <line num="352" count="50" type="stmt"/>
        <line num="357" count="33" type="stmt"/>
        <line num="358" count="33" type="stmt"/>
        <line num="359" count="4" type="cond" truecount="2" falsecount="0"/>
        <line num="361" count="33" type="stmt"/>
        <line num="362" count="17" type="cond" truecount="2" falsecount="0"/>
        <line num="364" count="33" type="stmt"/>
        <line num="365" count="0" type="cond" truecount="0" falsecount="2"/>
        <line num="367" count="33" type="stmt"/>
        <line num="368" count="0" type="cond" truecount="0" falsecount="2"/>
        <line num="369" count="0" type="cond" truecount="0" falsecount="2"/>
        <line num="370" count="0" type="stmt"/>
        <line num="372" count="33" type="stmt"/>
        <line num="373" count="3" type="stmt"/>
        <line num="377" count="3" type="cond" truecount="2" falsecount="0"/>
        <line num="378" count="3" type="stmt"/>
        <line num="379" count="3" type="stmt"/>
        <line num="381" count="33" type="stmt"/>
        <line num="392" count="36" type="cond" truecount="1" falsecount="1"/>
        <line num="393" count="36" type="stmt"/>
        <line num="394" count="36" type="stmt"/>
        <line num="395" count="6" type="stmt"/>
        <line num="397" count="36" type="cond" truecount="2" falsecount="0"/>
        <line num="398" count="27" type="stmt"/>
        <line num="399" count="27" type="stmt"/>
        <line num="402" count="28" type="cond" truecount="2" falsecount="0"/>
        <line num="403" count="28" type="stmt"/>
        <line num="404" count="28" type="stmt"/>
        <line num="405" count="4" type="stmt"/>
        <line num="407" count="28" type="stmt"/>
        <line num="412" count="407" type="stmt"/>
        <line num="413" count="407" type="stmt"/>
        <line num="414" count="50" type="cond" truecount="2" falsecount="0"/>
        <line num="415" count="23" type="stmt"/>
        <line num="417" count="50" type="stmt"/>
        <line num="418" count="50" type="stmt"/>
        <line num="421" count="407" type="cond" truecount="2" falsecount="0"/>
        <line num="424" count="829" type="stmt"/>
        <line num="425" count="94" type="cond" truecount="1" falsecount="1"/>
      </file>
    </package>
    <package name="src">
      <metrics statements="26" coveredstatements="21" conditionals="12" coveredconditionals="9" methods="6" coveredmethods="5"/>
      <file name="utils.ts" path="D:\projects\TypeScript-Babel-Starter-master\src\utils.ts">
        <metrics statements="26" coveredstatements="21" conditionals="12" coveredconditionals="9" methods="6" coveredmethods="5"/>
        <line num="1" count="1" type="stmt"/>
        <line num="2" count="6" type="cond" truecount="1" falsecount="1"/>
        <line num="3" count="9" type="stmt"/>
        <line num="4" count="6" type="cond" truecount="2" falsecount="0"/>
        <line num="5" count="5" type="stmt"/>
        <line num="11" count="8" type="cond" truecount="2" falsecount="0"/>
        <line num="12" count="2" type="stmt"/>
        <line num="13" count="2" type="stmt"/>
        <line num="15" count="6" type="stmt"/>
        <line num="18" count="1" type="stmt"/>
        <line num="19" count="1" type="stmt"/>
        <line num="20" count="1" type="stmt"/>
        <line num="21" count="0" type="cond" truecount="0" falsecount="2"/>
        <line num="22" count="0" type="stmt"/>
        <line num="24" count="0" type="stmt"/>
        <line num="25" count="0" type="stmt"/>
        <line num="27" count="0" type="stmt"/>
        <line num="31" count="3" type="stmt"/>
        <line num="32" count="3" type="cond" truecount="2" falsecount="0"/>
        <line num="33" count="2" type="stmt"/>
        <line num="34" count="2" type="stmt"/>
        <line num="36" count="1" type="stmt"/>
        <line num="39" count="3" type="stmt"/>
        <line num="40" count="2" type="stmt"/>
        <line num="41" count="2" type="cond" truecount="2" falsecount="0"/>
        <line num="42" count="1" type="stmt"/>
      </file>
    </package>
    <package name="web-server-dev.examples">
      <metrics statements="306" coveredstatements="283" conditionals="70" coveredconditionals="59" methods="160" coveredmethods="137"/>
      <file name="example-async.tsx" path="D:\projects\TypeScript-Babel-Starter-master\web-server-dev\examples\example-async.tsx">
        <metrics statements="28" coveredstatements="28" conditionals="0" coveredconditionals="0" methods="23" coveredmethods="23"/>
        <line num="8" count="1" type="stmt"/>
        <line num="9" count="1" type="stmt"/>
        <line num="12" count="1" type="stmt"/>
        <line num="15" count="1" type="stmt"/>
        <line num="16" count="1" type="stmt"/>
        <line num="32" count="1" type="stmt"/>
        <line num="40" count="1" type="stmt"/>
        <line num="42" count="1" type="stmt"/>
        <line num="43" count="1" type="stmt"/>
        <line num="46" count="1" type="stmt"/>
        <line num="49" count="1" type="stmt"/>
        <line num="50" count="1" type="stmt"/>
        <line num="62" count="2" type="stmt"/>
        <line num="64" count="2" type="stmt"/>
        <line num="66" count="1" type="stmt"/>
        <line num="72" count="2" type="stmt"/>
        <line num="73" count="3" type="stmt"/>
        <line num="76" count="2" type="stmt"/>
        <line num="78" count="2" type="stmt"/>
        <line num="80" count="1" type="stmt"/>
        <line num="81" count="1" type="stmt"/>
        <line num="92" count="2" type="stmt"/>
        <line num="93" count="2" type="stmt"/>
        <line num="95" count="2" type="stmt"/>
        <line num="99" count="2" type="stmt"/>
        <line num="101" count="1" type="stmt"/>
        <line num="104" count="1" type="stmt"/>
        <line num="112" count="1" type="stmt"/>
      </file>
      <file name="example-multiple.tsx" path="D:\projects\TypeScript-Babel-Starter-master\web-server-dev\examples\example-multiple.tsx">
        <metrics statements="82" coveredstatements="78" conditionals="12" coveredconditionals="10" methods="44" coveredmethods="39"/>
        <line num="5" count="1" type="stmt"/>
        <line num="8" count="13" type="stmt"/>
        <line num="9" count="13" type="stmt"/>
        <line num="10" count="13" type="stmt"/>
        <line num="11" count="13" type="stmt"/>
        <line num="12" count="13" type="stmt"/>
        <line num="13" count="13" type="stmt"/>
        <line num="15" count="13" type="stmt"/>
        <line num="22" count="13" type="stmt"/>
        <line num="25" count="1" type="stmt"/>
        <line num="26" count="1" type="stmt"/>
        <line num="29" count="13" type="stmt"/>
        <line num="30" count="13" type="stmt"/>
        <line num="32" count="3" type="stmt"/>
        <line num="34" count="3" type="cond" truecount="2" falsecount="0"/>
        <line num="35" count="2" type="stmt"/>
        <line num="36" count="2" type="stmt"/>
        <line num="37" count="2" type="stmt"/>
        <line num="42" count="2" type="stmt"/>
        <line num="43" count="2" type="stmt"/>
        <line num="44" count="0" type="stmt"/>
        <line num="48" count="1" type="stmt"/>
        <line num="49" count="3" type="stmt"/>
        <line num="51" count="1" type="stmt"/>
        <line num="55" count="1" type="stmt"/>
        <line num="56" count="1" type="stmt"/>
        <line num="57" count="5" type="stmt"/>
        <line num="65" count="13" type="stmt"/>
        <line num="67" count="13" type="stmt"/>
        <line num="69" count="2" type="stmt"/>
        <line num="75" count="3" type="stmt"/>
        <line num="92" count="2" type="stmt"/>
        <line num="93" count="2" type="cond" truecount="1" falsecount="1"/>
        <line num="94" count="2" type="stmt"/>
        <line num="98" count="2" type="stmt"/>
        <line num="106" count="2" type="stmt"/>
        <line num="112" count="16" type="stmt"/>
        <line num="114" count="3" type="stmt"/>
        <line num="124" count="17" type="stmt"/>
        <line num="125" count="17" type="stmt"/>
        <line num="126" count="17" type="stmt"/>
        <line num="127" count="17" type="stmt"/>
        <line num="128" count="17" type="stmt"/>
        <line num="130" count="17" type="stmt"/>
        <line num="132" count="6" type="cond" truecount="2" falsecount="0"/>
        <line num="136" count="2" type="stmt"/>
        <line num="137" count="1" type="stmt"/>
        <line num="138" count="1" type="stmt"/>
        <line num="140" count="1" type="stmt"/>
        <line num="141" count="1" type="stmt"/>
        <line num="142" count="0" type="stmt"/>
        <line num="143" count="0" type="stmt"/>
        <line num="151" count="5" type="stmt"/>
        <line num="152" count="5" type="stmt"/>
        <line num="153" count="5" type="stmt"/>
        <line num="159" count="5" type="stmt"/>
        <line num="160" count="7" type="stmt"/>
        <line num="166" count="17" type="stmt"/>
        <line num="168" count="1" type="stmt"/>
        <line num="169" count="1" type="stmt"/>
        <line num="173" count="17" type="stmt"/>
        <line num="175" count="17" type="stmt"/>
        <line num="179" count="1" type="stmt"/>
        <line num="193" count="2" type="stmt"/>
        <line num="194" count="5" type="cond" truecount="1" falsecount="1"/>
        <line num="195" count="5" type="stmt"/>
        <line num="197" count="2" type="stmt"/>
        <line num="210" count="0" type="stmt"/>
        <line num="212" count="1" type="stmt"/>
        <line num="225" count="20" type="stmt"/>
        <line num="226" count="20" type="stmt"/>
        <line num="227" count="20" type="stmt"/>
        <line num="228" count="20" type="stmt"/>
        <line num="229" count="20" type="stmt"/>
        <line num="231" count="20" type="stmt"/>
        <line num="234" count="3" type="stmt"/>
        <line num="235" count="3" type="stmt"/>
        <line num="236" count="3" type="stmt"/>
        <line num="240" count="20" type="stmt"/>
        <line num="242" count="1" type="stmt"/>
        <line num="258" count="1" type="stmt"/>
        <line num="275" count="1" type="stmt"/>
      </file>
      <file name="example-nested.tsx" path="D:\projects\TypeScript-Babel-Starter-master\web-server-dev\examples\example-nested.tsx">
        <metrics statements="83" coveredstatements="74" conditionals="10" coveredconditionals="8" methods="47" coveredmethods="38"/>
        <line num="7" count="8" type="stmt"/>
        <line num="8" count="8" type="stmt"/>
        <line num="9" count="8" type="stmt"/>
        <line num="11" count="8" type="stmt"/>
        <line num="12" count="3" type="stmt"/>
        <line num="13" count="2" type="stmt"/>
        <line num="14" count="2" type="stmt"/>
        <line num="15" count="2" type="stmt"/>
        <line num="19" count="8" type="stmt"/>
        <line num="20" count="8" type="stmt"/>
        <line num="22" count="8" type="stmt"/>
        <line num="24" count="2" type="stmt"/>
        <line num="25" count="3" type="stmt"/>
        <line num="63" count="8" type="stmt"/>
        <line num="65" count="8" type="stmt"/>
        <line num="67" count="0" type="cond" truecount="0" falsecount="2"/>
        <line num="68" count="0" type="stmt"/>
        <line num="69" count="0" type="stmt"/>
        <line num="70" count="0" type="stmt"/>
        <line num="73" count="0" type="stmt"/>
        <line num="74" count="0" type="stmt"/>
        <line num="75" count="0" type="stmt"/>
        <line num="80" count="8" type="stmt"/>
        <line num="87" count="9" type="stmt"/>
        <line num="88" count="9" type="stmt"/>
        <line num="89" count="9" type="stmt"/>
        <line num="90" count="9" type="stmt"/>
        <line num="91" count="9" type="stmt"/>
        <line num="92" count="4" type="stmt"/>
        <line num="93" count="2" type="stmt"/>
        <line num="94" count="2" type="stmt"/>
        <line num="95" count="2" type="stmt"/>
        <line num="96" count="2" type="stmt"/>
        <line num="100" count="9" type="stmt"/>
        <line num="101" count="2" type="stmt"/>
        <line num="102" count="0" type="stmt"/>
        <line num="103" count="0" type="stmt"/>
        <line num="107" count="9" type="stmt"/>
        <line num="121" count="28" type="stmt"/>
        <line num="122" count="28" type="stmt"/>
        <line num="124" count="3" type="stmt"/>
        <line num="127" count="5" type="stmt"/>
        <line num="131" count="28" type="stmt"/>
        <line num="132" count="28" type="stmt"/>
        <line num="133" count="28" type="stmt"/>
        <line num="135" count="28" type="stmt"/>
        <line num="139" count="3" type="stmt"/>
        <line num="140" count="3" type="cond" truecount="2" falsecount="0"/>
        <line num="143" count="3" type="stmt"/>
        <line num="155" count="7" type="stmt"/>
        <line num="156" count="7" type="stmt"/>
        <line num="157" count="7" type="stmt"/>
        <line num="158" count="7" type="stmt"/>
        <line num="159" count="2" type="stmt"/>
        <line num="160" count="2" type="stmt"/>
        <line num="164" count="7" type="stmt"/>
        <line num="165" count="1" type="stmt"/>
        <line num="166" count="1" type="stmt"/>
        <line num="169" count="7" type="stmt"/>
        <line num="175" count="15" type="stmt"/>
        <line num="176" count="15" type="stmt"/>
        <line num="177" count="15" type="stmt"/>
        <line num="178" count="15" type="stmt"/>
        <line num="180" count="2" type="stmt"/>
        <line num="181" count="2" type="stmt"/>
        <line num="182" count="2" type="stmt"/>
        <line num="187" count="15" type="stmt"/>
        <line num="188" count="3" type="stmt"/>
        <line num="189" count="2" type="stmt"/>
        <line num="190" count="2" type="stmt"/>
        <line num="194" count="15" type="stmt"/>
        <line num="196" count="4" type="cond" truecount="2" falsecount="0"/>
        <line num="197" count="1" type="stmt"/>
        <line num="198" count="1" type="stmt"/>
        <line num="199" count="1" type="stmt"/>
        <line num="202" count="3" type="stmt"/>
        <line num="203" count="3" type="stmt"/>
        <line num="204" count="3" type="stmt"/>
        <line num="210" count="15" type="stmt"/>
        <line num="212" count="1" type="stmt"/>
        <line num="219" count="6" type="stmt"/>
        <line num="233" count="1" type="stmt"/>
        <line num="243" count="1" type="stmt"/>
      </file>
      <file name="example-tree.tsx" path="D:\projects\TypeScript-Babel-Starter-master\web-server-dev\examples\example-tree.tsx">
        <metrics statements="72" coveredstatements="69" conditionals="38" coveredconditionals="33" methods="25" coveredmethods="22"/>
        <line num="18" count="4" type="stmt"/>
        <line num="19" count="4" type="stmt"/>
        <line num="20" count="4" type="stmt"/>
        <line num="44" count="3" type="stmt"/>
        <line num="45" count="3" type="cond" truecount="1" falsecount="1"/>
        <line num="46" count="3" type="stmt"/>
        <line num="48" count="0" type="stmt"/>
        <line num="65" count="144" type="stmt"/>
        <line num="66" count="144" type="stmt"/>
        <line num="67" count="144" type="stmt"/>
        <line num="68" count="144" type="stmt"/>
        <line num="70" count="144" type="stmt"/>
        <line num="73" count="144" type="stmt"/>
        <line num="74" count="30" type="cond" truecount="2" falsecount="0"/>
        <line num="75" count="30" type="stmt"/>
        <line num="78" count="144" type="stmt"/>
        <line num="80" count="144" type="stmt"/>
        <line num="81" count="48" type="stmt"/>
        <line num="82" count="48" type="cond" truecount="1" falsecount="1"/>
        <line num="85" count="48" type="stmt"/>
        <line num="86" count="48" type="stmt"/>
        <line num="88" count="48" type="cond" truecount="2" falsecount="0"/>
        <line num="89" count="18" type="stmt"/>
        <line num="91" count="30" type="cond" truecount="2" falsecount="0"/>
        <line num="94" count="48" type="stmt"/>
        <line num="95" count="48" type="stmt"/>
        <line num="97" count="48" type="stmt"/>
        <line num="98" count="48" type="stmt"/>
        <line num="101" count="144" type="stmt"/>
        <line num="102" count="144" type="stmt"/>
        <line num="104" count="144" type="stmt"/>
        <line num="106" count="5" type="stmt"/>
        <line num="114" count="144" type="stmt"/>
        <line num="116" count="1" type="cond" truecount="1" falsecount="1"/>
        <line num="118" count="77" type="cond" truecount="1" falsecount="1"/>
        <line num="120" count="0" type="stmt"/>
        <line num="121" count="167" type="stmt"/>
        <line num="123" count="79" type="stmt"/>
        <line num="124" count="79" type="stmt"/>
        <line num="126" count="79" type="stmt"/>
        <line num="127" count="79" type="stmt"/>
        <line num="128" count="164" type="stmt"/>
        <line num="129" count="164" type="cond" truecount="1" falsecount="1"/>
        <line num="130" count="164" type="cond" truecount="2" falsecount="0"/>
        <line num="133" count="5" type="stmt"/>
        <line num="134" count="5" type="stmt"/>
        <line num="136" count="159" type="cond" truecount="2" falsecount="0"/>
        <line num="139" count="79" type="stmt"/>
        <line num="152" count="144" type="stmt"/>
        <line num="154" count="144" type="stmt"/>
        <line num="155" count="144" type="stmt"/>
        <line num="157" count="144" type="stmt"/>
        <line num="158" count="90" type="stmt"/>
        <line num="159" count="90" type="stmt"/>
        <line num="160" count="90" type="stmt"/>
        <line num="162" count="90" type="cond" truecount="2" falsecount="0"/>
        <line num="163" count="82" type="stmt"/>
        <line num="164" count="77" type="stmt"/>
        <line num="168" count="90" type="stmt"/>
        <line num="172" count="144" type="stmt"/>
        <line num="180" count="13" type="stmt"/>
        <line num="184" count="1" type="cond" truecount="2" falsecount="0"/>
        <line num="198" count="4" type="stmt"/>
        <line num="200" count="2" type="cond" truecount="2" falsecount="0"/>
        <line num="205" count="1" type="stmt"/>
        <line num="208" count="4" type="stmt"/>
        <line num="212" count="4" type="stmt"/>
        <line num="214" count="2" type="cond" truecount="2" falsecount="0"/>
        <line num="219" count="0" type="stmt"/>
        <line num="222" count="4" type="stmt"/>
        <line num="226" count="1" type="stmt"/>
        <line num="230" count="1" type="stmt"/>
      </file>
      <file name="example1.tsx" path="D:\projects\TypeScript-Babel-Starter-master\web-server-dev\examples\example1.tsx">
        <metrics statements="41" coveredstatements="34" conditionals="10" coveredconditionals="8" methods="21" coveredmethods="15"/>
        <line num="6" count="2" type="stmt"/>
        <line num="7" count="2" type="stmt"/>
        <line num="9" count="1" type="stmt"/>
        <line num="13" count="2" type="stmt"/>
        <line num="15" count="2" type="stmt"/>
        <line num="20" count="0" type="stmt"/>
        <line num="26" count="0" type="stmt"/>
        <line num="34" count="2" type="stmt"/>
        <line num="48" count="1" type="stmt"/>
        <line num="60" count="2" type="stmt"/>
        <line num="61" count="2" type="stmt"/>
        <line num="71" count="7" type="stmt"/>
        <line num="72" count="7" type="stmt"/>
        <line num="73" count="7" type="stmt"/>
        <line num="75" count="5" type="stmt"/>
        <line num="76" count="5" type="stmt"/>
        <line num="77" count="5" type="stmt"/>
        <line num="82" count="7" type="stmt"/>
        <line num="91" count="1" type="stmt"/>
        <line num="92" count="1" type="stmt"/>
        <line num="93" count="3" type="stmt"/>
        <line num="94" count="3" type="stmt"/>
        <line num="98" count="1" type="stmt"/>
        <line num="101" count="1" type="stmt"/>
        <line num="103" count="1" type="stmt"/>
        <line num="107" count="0" type="stmt"/>
        <line num="108" count="0" type="stmt"/>
        <line num="114" count="2" type="stmt"/>
        <line num="115" count="2" type="stmt"/>
        <line num="117" count="2" type="stmt"/>
        <line num="119" count="0" type="stmt"/>
        <line num="120" count="0" type="stmt"/>
        <line num="125" count="2" type="stmt"/>
        <line num="126" count="1" type="stmt"/>
        <line num="129" count="2" type="stmt"/>
        <line num="132" count="0" type="cond" truecount="0" falsecount="2"/>
        <line num="138" count="8" type="cond" truecount="2" falsecount="0"/>
        <line num="140" count="8" type="cond" truecount="2" falsecount="0"/>
        <line num="141" count="6" type="stmt"/>
        <line num="146" count="2" type="stmt"/>
        <line num="150" count="1" type="stmt"/>
      </file>
    </package>
  </project>
</coverage>
