<?xml version="1.0" encoding="UTF-8"?>
<coverage generated="1716742188365" clover="3.2.0">
  <project timestamp="1716742188365" name="All files">
    <metrics statements="42" coveredstatements="35" conditionals="255" coveredconditionals="67" methods="107" coveredmethods="59" elements="404" coveredelements="161" complexity="0" loc="42" ncloc="42" packages="2" files="2" classes="2"/>
    <package name="dist">
      <metrics statements="1" coveredstatements="1" conditionals="245" coveredconditionals="59" methods="86" coveredmethods="44"/>
      <file name="bridge.js" path="/Applications/react-awesome-api-bridge-master/dist/bridge.js">
        <metrics statements="1" coveredstatements="1" conditionals="245" coveredconditionals="59" methods="86" coveredmethods="44"/>
        <line num="2" count="16" type="cond" truecount="59" falsecount="186"/>
      </file>
    </package>
    <package name="web-server-dev.examples">
      <metrics statements="41" coveredstatements="34" conditionals="10" coveredconditionals="8" methods="21" coveredmethods="15"/>
      <file name="example1.tsx" path="/Applications/react-awesome-api-bridge-master/web-server-dev/examples/example1.tsx">
        <metrics statements="41" coveredstatements="34" conditionals="10" coveredconditionals="8" methods="21" coveredmethods="15"/>
        <line num="6" count="2" type="stmt"/>
        <line num="7" count="2" type="stmt"/>
        <line num="9" count="1" type="stmt"/>
        <line num="13" count="2" type="stmt"/>
        <line num="15" count="2" type="stmt"/>
        <line num="20" count="0" type="stmt"/>
        <line num="26" count="0" type="stmt"/>
        <line num="34" count="2" type="stmt"/>
        <line num="48" count="1" type="stmt"/>
        <line num="60" count="2" type="stmt"/>
        <line num="61" count="2" type="stmt"/>
        <line num="71" count="7" type="stmt"/>
        <line num="72" count="7" type="stmt"/>
        <line num="73" count="7" type="stmt"/>
        <line num="75" count="5" type="stmt"/>
        <line num="76" count="5" type="stmt"/>
        <line num="77" count="5" type="stmt"/>
        <line num="82" count="7" type="stmt"/>
        <line num="91" count="1" type="stmt"/>
        <line num="92" count="1" type="stmt"/>
        <line num="93" count="3" type="stmt"/>
        <line num="94" count="3" type="stmt"/>
        <line num="98" count="1" type="stmt"/>
        <line num="101" count="1" type="stmt"/>
        <line num="103" count="1" type="stmt"/>
        <line num="107" count="0" type="stmt"/>
        <line num="108" count="0" type="stmt"/>
        <line num="114" count="2" type="stmt"/>
        <line num="115" count="2" type="stmt"/>
        <line num="117" count="2" type="stmt"/>
        <line num="119" count="0" type="stmt"/>
        <line num="120" count="0" type="stmt"/>
        <line num="125" count="2" type="stmt"/>
        <line num="126" count="1" type="stmt"/>
        <line num="129" count="2" type="stmt"/>
        <line num="132" count="0" type="cond" truecount="0" falsecount="2"/>
        <line num="138" count="8" type="cond" truecount="2" falsecount="0"/>
        <line num="140" count="8" type="cond" truecount="2" falsecount="0"/>
        <line num="141" count="6" type="stmt"/>
        <line num="146" count="2" type="stmt"/>
        <line num="150" count="1" type="stmt"/>
      </file>
    </package>
  </project>
</coverage>
