{"D:\\projects\\TypeScript-Babel-Starter-master\\dist\\lib\\bridge.js": {"path":"D:\\projects\\TypeScript-Babel-Starter-master\\dist\\lib\\bridge.js","statementMap":{"0":{"start":{"line":2,"column":16},"end":{"line":2,"column":37}},"1":{"start":{"line":3,"column":23},"end":{"line":3,"column":54}},"2":{"start":{"line":4,"column":24},"end":{"line":4,"column":50}},"3":{"start":{"line":5,"column":19},"end":{"line":5,"column":50}},"4":{"start":{"line":6,"column":15},"end":{"line":9,"column":1}},"5":{"start":{"line":7,"column":2},"end":{"line":8,"column":66}},"6":{"start":{"line":8,"column":4},"end":{"line":8,"column":66}},"7":{"start":{"line":10,"column":18},"end":{"line":17,"column":1}},"8":{"start":{"line":11,"column":2},"end":{"line":15,"column":3}},"9":{"start":{"line":12,"column":4},"end":{"line":14,"column":123}},"10":{"start":{"line":13,"column":6},"end":{"line":14,"column":123}},"11":{"start":{"line":14,"column":8},"end":{"line":14,"column":123}},"12":{"start":{"line":14,"column":40},"end":{"line":14,"column":49}},"13":{"start":{"line":16,"column":2},"end":{"line":16,"column":12}},"14":{"start":{"line":18,"column":19},"end":{"line":18,"column":90}},"15":{"start":{"line":18,"column":28},"end":{"line":18,"column":90}},"16":{"start":{"line":19,"column":21},"end":{"line":19,"column":23}},"17":{"start":{"line":20,"column":0},"end":{"line":22,"column":3}},"18":{"start":{"line":21,"column":17},"end":{"line":21,"column":31}},"19":{"start":{"line":23,"column":0},"end":{"line":23,"column":46}},"20":{"start":{"line":24,"column":23},"end":{"line":24,"column":50}},"21":{"start":{"line":25,"column":21},"end":{"line":32,"column":1}},"22":{"start":{"line":26,"column":18},"end":{"line":26,"column":25}},"23":{"start":{"line":27,"column":17},"end":{"line":27,"column":57}},"24":{"start":{"line":28,"column":19},"end":{"line":30,"column":3}},"25":{"start":{"line":29,"column":4},"end":{"line":29,"column":61}},"26":{"start":{"line":31,"column":2},"end":{"line":31,"column":41}},"27":{"start":{"line":33,"column":21},"end":{"line":33,"column":33}}},"fnMap":{"0":{"name":"(anonymous_0)","decl":{"start":{"line":6,"column":15},"end":{"line":6,"column":16}},"loc":{"start":{"line":6,"column":32},"end":{"line":9,"column":1}},"line":6},"1":{"name":"(anonymous_1)","decl":{"start":{"line":10,"column":18},"end":{"line":10,"column":19}},"loc":{"start":{"line":10,"column":46},"end":{"line":17,"column":1}},"line":10},"2":{"name":"(anonymous_2)","decl":{"start":{"line":14,"column":34},"end":{"line":14,"column":35}},"loc":{"start":{"line":14,"column":40},"end":{"line":14,"column":49}},"line":14},"3":{"name":"(anonymous_3)","decl":{"start":{"line":18,"column":19},"end":{"line":18,"column":20}},"loc":{"start":{"line":18,"column":28},"end":{"line":18,"column":90}},"line":18},"4":{"name":"(anonymous_4)","decl":{"start":{"line":21,"column":11},"end":{"line":21,"column":12}},"loc":{"start":{"line":21,"column":17},"end":{"line":21,"column":31}},"line":21},"5":{"name":"(anonymous_5)","decl":{"start":{"line":25,"column":21},"end":{"line":25,"column":22}},"loc":{"start":{"line":25,"column":34},"end":{"line":32,"column":1}},"line":25},"6":{"name":"(anonymous_6)","decl":{"start":{"line":28,"column":19},"end":{"line":28,"column":20}},"loc":{"start":{"line":28,"column":32},"end":{"line":30,"column":3}},"line":28}},"branchMap":{"0":{"loc":{"start":{"line":11,"column":2},"end":{"line":15,"column":3}},"type":"if","locations":[{"start":{"line":11,"column":2},"end":{"line":15,"column":3}},{"start":{},"end":{}}],"line":11},"1":{"loc":{"start":{"line":11,"column":6},"end":{"line":11,"column":68}},"type":"binary-expr","locations":[{"start":{"line":11,"column":6},"end":{"line":11,"column":10}},{"start":{"line":11,"column":14},"end":{"line":11,"column":38}},{"start":{"line":11,"column":42},"end":{"line":11,"column":68}}],"line":11},"2":{"loc":{"start":{"line":13,"column":6},"end":{"line":14,"column":123}},"type":"if","locations":[{"start":{"line":13,"column":6},"end":{"line":14,"column":123}},{"start":{},"end":{}}],"line":13},"3":{"loc":{"start":{"line":13,"column":10},"end":{"line":13,"column":55}},"type":"binary-expr","locations":[{"start":{"line":13,"column":10},"end":{"line":13,"column":37}},{"start":{"line":13,"column":41},"end":{"line":13,"column":55}}],"line":13},"4":{"loc":{"start":{"line":14,"column":63},"end":{"line":14,"column":119}},"type":"binary-expr","locations":[{"start":{"line":14,"column":63},"end":{"line":14,"column":100}},{"start":{"line":14,"column":104},"end":{"line":14,"column":119}}],"line":14}},"s":{"0":1,"1":1,"2":1,"3":1,"4":1,"5":1,"6":1,"7":1,"8":1,"9":1,"10":1,"11":1,"12":1,"13":1,"14":1,"15":1,"16":1,"17":1,"18":1,"19":1,"20":1,"21":1,"22":1,"23":1,"24":1,"25":0,"26":1,"27":1},"f":{"0":1,"1":1,"2":1,"3":1,"4":1,"5":1,"6":0},"b":{"0":[1,0],"1":[1,1,0],"2":[1,0],"3":[1,1],"4":[1,1]},"_coverageSchema":"1a1c01bbd47fc00a2c39e90264f33305004495a9","hash":"2aa4956f40315c29dbb7c302295634e9dcc97ed9"}
,"D:\\projects\\TypeScript-Babel-Starter-master\\dist\\lib\\index.js": {"path":"D:\\projects\\TypeScript-Babel-Starter-master\\dist\\lib\\index.js","statementMap":{"0":{"start":{"line":2,"column":15},"end":{"line":2,"column":28}},"1":{"start":{"line":3,"column":16},"end":{"line":3,"column":37}},"2":{"start":{"line":4,"column":23},"end":{"line":4,"column":54}},"3":{"start":{"line":5,"column":24},"end":{"line":5,"column":50}},"4":{"start":{"line":6,"column":19},"end":{"line":6,"column":40}},"5":{"start":{"line":7,"column":19},"end":{"line":7,"column":50}},"6":{"start":{"line":8,"column":15},"end":{"line":11,"column":1}},"7":{"start":{"line":9,"column":2},"end":{"line":10,"column":66}},"8":{"start":{"line":10,"column":4},"end":{"line":10,"column":66}},"9":{"start":{"line":12,"column":18},"end":{"line":19,"column":1}},"10":{"start":{"line":13,"column":2},"end":{"line":17,"column":3}},"11":{"start":{"line":14,"column":4},"end":{"line":16,"column":123}},"12":{"start":{"line":15,"column":6},"end":{"line":16,"column":123}},"13":{"start":{"line":16,"column":8},"end":{"line":16,"column":123}},"14":{"start":{"line":16,"column":40},"end":{"line":16,"column":49}},"15":{"start":{"line":18,"column":2},"end":{"line":18,"column":12}},"16":{"start":{"line":20,"column":17},"end":{"line":20,"column":144}},"17":{"start":{"line":20,"column":49},"end":{"line":20,"column":143}},"18":{"start":{"line":21,"column":14},"end":{"line":28,"column":2}},"19":{"start":{"line":21,"column":44},"end":{"line":28,"column":1}},"20":{"start":{"line":29,"column":19},"end":{"line":29,"column":90}},"21":{"start":{"line":29,"column":28},"end":{"line":29,"column":90}},"22":{"start":{"line":30,"column":20},"end":{"line":30,"column":22}},"23":{"start":{"line":31,"column":0},"end":{"line":33,"column":3}},"24":{"start":{"line":32,"column":22},"end":{"line":32,"column":43}},"25":{"start":{"line":34,"column":0},"end":{"line":34,"column":45}},"26":{"start":{"line":35,"column":20},"end":{"line":35,"column":48}},"27":{"start":{"line":36,"column":0},"end":{"line":36,"column":65}}},"fnMap":{"0":{"name":"(anonymous_0)","decl":{"start":{"line":8,"column":15},"end":{"line":8,"column":16}},"loc":{"start":{"line":8,"column":32},"end":{"line":11,"column":1}},"line":8},"1":{"name":"(anonymous_1)","decl":{"start":{"line":12,"column":18},"end":{"line":12,"column":19}},"loc":{"start":{"line":12,"column":46},"end":{"line":19,"column":1}},"line":12},"2":{"name":"(anonymous_2)","decl":{"start":{"line":16,"column":34},"end":{"line":16,"column":35}},"loc":{"start":{"line":16,"column":40},"end":{"line":16,"column":49}},"line":16},"3":{"name":"(anonymous_3)","decl":{"start":{"line":20,"column":17},"end":{"line":20,"column":18}},"loc":{"start":{"line":20,"column":49},"end":{"line":20,"column":143}},"line":20},"4":{"name":"(anonymous_4)","decl":{"start":{"line":21,"column":14},"end":{"line":21,"column":15}},"loc":{"start":{"line":21,"column":44},"end":{"line":28,"column":1}},"line":21},"5":{"name":"(anonymous_5)","decl":{"start":{"line":29,"column":19},"end":{"line":29,"column":20}},"loc":{"start":{"line":29,"column":28},"end":{"line":29,"column":90}},"line":29},"6":{"name":"(anonymous_6)","decl":{"start":{"line":32,"column":16},"end":{"line":32,"column":17}},"loc":{"start":{"line":32,"column":22},"end":{"line":32,"column":43}},"line":32}},"branchMap":{"0":{"loc":{"start":{"line":13,"column":2},"end":{"line":17,"column":3}},"type":"if","locations":[{"start":{"line":13,"column":2},"end":{"line":17,"column":3}},{"start":{},"end":{}}],"line":13},"1":{"loc":{"start":{"line":13,"column":6},"end":{"line":13,"column":68}},"type":"binary-expr","locations":[{"start":{"line":13,"column":6},"end":{"line":13,"column":10}},{"start":{"line":13,"column":14},"end":{"line":13,"column":38}},{"start":{"line":13,"column":42},"end":{"line":13,"column":68}}],"line":13},"2":{"loc":{"start":{"line":15,"column":6},"end":{"line":16,"column":123}},"type":"if","locations":[{"start":{"line":15,"column":6},"end":{"line":16,"column":123}},{"start":{},"end":{}}],"line":15},"3":{"loc":{"start":{"line":15,"column":10},"end":{"line":15,"column":55}},"type":"binary-expr","locations":[{"start":{"line":15,"column":10},"end":{"line":15,"column":37}},{"start":{"line":15,"column":41},"end":{"line":15,"column":55}}],"line":15},"4":{"loc":{"start":{"line":16,"column":63},"end":{"line":16,"column":119}},"type":"binary-expr","locations":[{"start":{"line":16,"column":63},"end":{"line":16,"column":100}},{"start":{"line":16,"column":104},"end":{"line":16,"column":119}}],"line":16},"5":{"loc":{"start":{"line":20,"column":86},"end":{"line":20,"column":143}},"type":"binary-expr","locations":[{"start":{"line":20,"column":86},"end":{"line":20,"column":98}},{"start":{"line":20,"column":102},"end":{"line":20,"column":143}}],"line":20},"6":{"loc":{"start":{"line":21,"column":53},"end":{"line":21,"column":99}},"type":"cond-expr","locations":[{"start":{"line":21,"column":67},"end":{"line":21,"column":94}},{"start":{"line":21,"column":97},"end":{"line":21,"column":99}}],"line":21},"7":{"loc":{"start":{"line":26,"column":2},"end":{"line":26,"column":113}},"type":"cond-expr","locations":[{"start":{"line":26,"column":42},"end":{"line":26,"column":104}},{"start":{"line":26,"column":107},"end":{"line":26,"column":113}}],"line":26},"8":{"loc":{"start":{"line":26,"column":2},"end":{"line":26,"column":39}},"type":"binary-expr","locations":[{"start":{"line":26,"column":2},"end":{"line":26,"column":12}},{"start":{"line":26,"column":16},"end":{"line":26,"column":20}},{"start":{"line":26,"column":24},"end":{"line":26,"column":39}}],"line":26}},"s":{"0":1,"1":1,"2":1,"3":1,"4":1,"5":1,"6":1,"7":1,"8":1,"9":1,"10":4,"11":4,"12":27,"13":26,"14":111,"15":4,"16":1,"17":1,"18":1,"19":1,"20":1,"21":1,"22":1,"23":1,"24":1,"25":1,"26":1,"27":1},"f":{"0":1,"1":4,"2":111,"3":1,"4":1,"5":1,"6":1},"b":{"0":[4,0],"1":[4,4,0],"2":[26,1],"3":[27,26],"4":[26,26],"5":[1,1],"6":[1,0],"7":[0,1],"8":[1,1,1]},"_coverageSchema":"1a1c01bbd47fc00a2c39e90264f33305004495a9","hash":"b3bbb118ab827ce62f293586e48fe42ebc36b395"}
,"D:\\projects\\TypeScript-Babel-Starter-master\\dist\\lib\\core\\genOutput.js": {"path":"D:\\projects\\TypeScript-Babel-Starter-master\\dist\\lib\\core\\genOutput.js","statementMap":{"0":{"start":{"line":2,"column":16},"end":{"line":2,"column":37}},"1":{"start":{"line":3,"column":23},"end":{"line":3,"column":54}},"2":{"start":{"line":4,"column":24},"end":{"line":4,"column":50}},"3":{"start":{"line":5,"column":19},"end":{"line":5,"column":50}},"4":{"start":{"line":6,"column":15},"end":{"line":9,"column":1}},"5":{"start":{"line":7,"column":2},"end":{"line":8,"column":66}},"6":{"start":{"line":8,"column":4},"end":{"line":8,"column":66}},"7":{"start":{"line":10,"column":18},"end":{"line":17,"column":1}},"8":{"start":{"line":11,"column":2},"end":{"line":15,"column":3}},"9":{"start":{"line":12,"column":4},"end":{"line":14,"column":123}},"10":{"start":{"line":13,"column":6},"end":{"line":14,"column":123}},"11":{"start":{"line":14,"column":8},"end":{"line":14,"column":123}},"12":{"start":{"line":14,"column":40},"end":{"line":14,"column":49}},"13":{"start":{"line":16,"column":2},"end":{"line":16,"column":12}},"14":{"start":{"line":18,"column":19},"end":{"line":18,"column":90}},"15":{"start":{"line":18,"column":28},"end":{"line":18,"column":90}},"16":{"start":{"line":19,"column":24},"end":{"line":19,"column":26}},"17":{"start":{"line":20,"column":0},"end":{"line":22,"column":3}},"18":{"start":{"line":21,"column":19},"end":{"line":21,"column":28}},"19":{"start":{"line":23,"column":0},"end":{"line":23,"column":49}},"20":{"start":{"line":24,"column":19},"end":{"line":24,"column":35}},"21":{"start":{"line":26,"column":29},"end":{"line":30,"column":3}},"22":{"start":{"line":31,"column":24},"end":{"line":31,"column":75}},"23":{"start":{"line":32,"column":41},"end":{"line":32,"column":54}},"24":{"start":{"line":33,"column":47},"end":{"line":33,"column":56}},"25":{"start":{"line":34,"column":45},"end":{"line":34,"column":54}},"26":{"start":{"line":35,"column":17},"end":{"line":42,"column":3}},"27":{"start":{"line":43,"column":2},"end":{"line":43,"column":38}},"28":{"start":{"line":44,"column":2},"end":{"line":44,"column":24}},"29":{"start":{"line":45,"column":2},"end":{"line":45,"column":16}}},"fnMap":{"0":{"name":"(anonymous_0)","decl":{"start":{"line":6,"column":15},"end":{"line":6,"column":16}},"loc":{"start":{"line":6,"column":32},"end":{"line":9,"column":1}},"line":6},"1":{"name":"(anonymous_1)","decl":{"start":{"line":10,"column":18},"end":{"line":10,"column":19}},"loc":{"start":{"line":10,"column":46},"end":{"line":17,"column":1}},"line":10},"2":{"name":"(anonymous_2)","decl":{"start":{"line":14,"column":34},"end":{"line":14,"column":35}},"loc":{"start":{"line":14,"column":40},"end":{"line":14,"column":49}},"line":14},"3":{"name":"(anonymous_3)","decl":{"start":{"line":18,"column":19},"end":{"line":18,"column":20}},"loc":{"start":{"line":18,"column":28},"end":{"line":18,"column":90}},"line":18},"4":{"name":"(anonymous_4)","decl":{"start":{"line":21,"column":13},"end":{"line":21,"column":14}},"loc":{"start":{"line":21,"column":19},"end":{"line":21,"column":28}},"line":21},"5":{"name":"genOutput","decl":{"start":{"line":25,"column":9},"end":{"line":25,"column":18}},"loc":{"start":{"line":25,"column":43},"end":{"line":46,"column":1}},"line":25}},"branchMap":{"0":{"loc":{"start":{"line":11,"column":2},"end":{"line":15,"column":3}},"type":"if","locations":[{"start":{"line":11,"column":2},"end":{"line":15,"column":3}},{"start":{},"end":{}}],"line":11},"1":{"loc":{"start":{"line":11,"column":6},"end":{"line":11,"column":68}},"type":"binary-expr","locations":[{"start":{"line":11,"column":6},"end":{"line":11,"column":10}},{"start":{"line":11,"column":14},"end":{"line":11,"column":38}},{"start":{"line":11,"column":42},"end":{"line":11,"column":68}}],"line":11},"2":{"loc":{"start":{"line":13,"column":6},"end":{"line":14,"column":123}},"type":"if","locations":[{"start":{"line":13,"column":6},"end":{"line":14,"column":123}},{"start":{},"end":{}}],"line":13},"3":{"loc":{"start":{"line":13,"column":10},"end":{"line":13,"column":55}},"type":"binary-expr","locations":[{"start":{"line":13,"column":10},"end":{"line":13,"column":37}},{"start":{"line":13,"column":41},"end":{"line":13,"column":55}}],"line":13},"4":{"loc":{"start":{"line":14,"column":63},"end":{"line":14,"column":119}},"type":"binary-expr","locations":[{"start":{"line":14,"column":63},"end":{"line":14,"column":100}},{"start":{"line":14,"column":104},"end":{"line":14,"column":119}}],"line":14}},"s":{"0":1,"1":1,"2":1,"3":1,"4":1,"5":1,"6":1,"7":1,"8":1,"9":1,"10":1,"11":1,"12":1,"13":1,"14":1,"15":1,"16":1,"17":1,"18":1,"19":1,"20":1,"21":1,"22":1,"23":1,"24":1,"25":1,"26":1,"27":1,"28":1,"29":1},"f":{"0":1,"1":1,"2":1,"3":1,"4":1,"5":1},"b":{"0":[1,0],"1":[1,1,0],"2":[1,0],"3":[1,1],"4":[1,1]},"_coverageSchema":"1a1c01bbd47fc00a2c39e90264f33305004495a9","hash":"827590680759a0d5efccc5598431b6dcaab76f4d"}
,"D:\\projects\\TypeScript-Babel-Starter-master\\dist\\lib\\core\\getApiDesc.js": {"path":"D:\\projects\\TypeScript-Babel-Starter-master\\dist\\lib\\core\\getApiDesc.js","statementMap":{"0":{"start":{"line":2,"column":16},"end":{"line":2,"column":37}},"1":{"start":{"line":3,"column":23},"end":{"line":3,"column":54}},"2":{"start":{"line":4,"column":24},"end":{"line":4,"column":50}},"3":{"start":{"line":5,"column":19},"end":{"line":5,"column":50}},"4":{"start":{"line":6,"column":15},"end":{"line":9,"column":1}},"5":{"start":{"line":7,"column":2},"end":{"line":8,"column":66}},"6":{"start":{"line":8,"column":4},"end":{"line":8,"column":66}},"7":{"start":{"line":10,"column":18},"end":{"line":17,"column":1}},"8":{"start":{"line":11,"column":2},"end":{"line":15,"column":3}},"9":{"start":{"line":12,"column":4},"end":{"line":14,"column":123}},"10":{"start":{"line":13,"column":6},"end":{"line":14,"column":123}},"11":{"start":{"line":14,"column":8},"end":{"line":14,"column":123}},"12":{"start":{"line":14,"column":40},"end":{"line":14,"column":49}},"13":{"start":{"line":16,"column":2},"end":{"line":16,"column":12}},"14":{"start":{"line":18,"column":19},"end":{"line":18,"column":90}},"15":{"start":{"line":18,"column":28},"end":{"line":18,"column":90}},"16":{"start":{"line":19,"column":25},"end":{"line":19,"column":27}},"17":{"start":{"line":20,"column":0},"end":{"line":22,"column":3}},"18":{"start":{"line":21,"column":20},"end":{"line":21,"column":30}},"19":{"start":{"line":23,"column":0},"end":{"line":23,"column":50}},"20":{"start":{"line":24,"column":24},"end":{"line":24,"column":47}},"21":{"start":{"line":25,"column":19},"end":{"line":25,"column":35}},"22":{"start":{"line":26,"column":19},"end":{"line":38,"column":1}},"23":{"start":{"line":27,"column":18},"end":{"line":27,"column":23}},"24":{"start":{"line":28,"column":2},"end":{"line":36,"column":3}},"25":{"start":{"line":29,"column":4},"end":{"line":29,"column":21}},"26":{"start":{"line":30,"column":20},"end":{"line":30,"column":74}},"27":{"start":{"line":31,"column":21},"end":{"line":31,"column":65}},"28":{"start":{"line":32,"column":4},"end":{"line":35,"column":6}},"29":{"start":{"line":37,"column":2},"end":{"line":37,"column":56}}},"fnMap":{"0":{"name":"(anonymous_0)","decl":{"start":{"line":6,"column":15},"end":{"line":6,"column":16}},"loc":{"start":{"line":6,"column":32},"end":{"line":9,"column":1}},"line":6},"1":{"name":"(anonymous_1)","decl":{"start":{"line":10,"column":18},"end":{"line":10,"column":19}},"loc":{"start":{"line":10,"column":46},"end":{"line":17,"column":1}},"line":10},"2":{"name":"(anonymous_2)","decl":{"start":{"line":14,"column":34},"end":{"line":14,"column":35}},"loc":{"start":{"line":14,"column":40},"end":{"line":14,"column":49}},"line":14},"3":{"name":"(anonymous_3)","decl":{"start":{"line":18,"column":19},"end":{"line":18,"column":20}},"loc":{"start":{"line":18,"column":28},"end":{"line":18,"column":90}},"line":18},"4":{"name":"(anonymous_4)","decl":{"start":{"line":21,"column":14},"end":{"line":21,"column":15}},"loc":{"start":{"line":21,"column":20},"end":{"line":21,"column":30}},"line":21},"5":{"name":"(anonymous_5)","decl":{"start":{"line":26,"column":19},"end":{"line":26,"column":20}},"loc":{"start":{"line":26,"column":52},"end":{"line":38,"column":1}},"line":26}},"branchMap":{"0":{"loc":{"start":{"line":11,"column":2},"end":{"line":15,"column":3}},"type":"if","locations":[{"start":{"line":11,"column":2},"end":{"line":15,"column":3}},{"start":{},"end":{}}],"line":11},"1":{"loc":{"start":{"line":11,"column":6},"end":{"line":11,"column":68}},"type":"binary-expr","locations":[{"start":{"line":11,"column":6},"end":{"line":11,"column":10}},{"start":{"line":11,"column":14},"end":{"line":11,"column":38}},{"start":{"line":11,"column":42},"end":{"line":11,"column":68}}],"line":11},"2":{"loc":{"start":{"line":13,"column":6},"end":{"line":14,"column":123}},"type":"if","locations":[{"start":{"line":13,"column":6},"end":{"line":14,"column":123}},{"start":{},"end":{}}],"line":13},"3":{"loc":{"start":{"line":13,"column":10},"end":{"line":13,"column":55}},"type":"binary-expr","locations":[{"start":{"line":13,"column":10},"end":{"line":13,"column":37}},{"start":{"line":13,"column":41},"end":{"line":13,"column":55}}],"line":13},"4":{"loc":{"start":{"line":14,"column":63},"end":{"line":14,"column":119}},"type":"binary-expr","locations":[{"start":{"line":14,"column":63},"end":{"line":14,"column":100}},{"start":{"line":14,"column":104},"end":{"line":14,"column":119}}],"line":14},"5":{"loc":{"start":{"line":28,"column":2},"end":{"line":36,"column":3}},"type":"if","locations":[{"start":{"line":28,"column":2},"end":{"line":36,"column":3}},{"start":{},"end":{}}],"line":28},"6":{"loc":{"start":{"line":31,"column":21},"end":{"line":31,"column":65}},"type":"cond-expr","locations":[{"start":{"line":31,"column":31},"end":{"line":31,"column":33}},{"start":{"line":31,"column":36},"end":{"line":31,"column":65}}],"line":31}},"s":{"0":1,"1":1,"2":1,"3":1,"4":1,"5":1,"6":1,"7":1,"8":1,"9":1,"10":1,"11":1,"12":44,"13":1,"14":1,"15":1,"16":1,"17":1,"18":44,"19":1,"20":1,"21":1,"22":1,"23":44,"24":44,"25":6,"26":6,"27":6,"28":6,"29":44},"f":{"0":1,"1":1,"2":44,"3":1,"4":44,"5":44},"b":{"0":[1,0],"1":[1,1,0],"2":[1,0],"3":[1,1],"4":[1,1],"5":[6,38],"6":[0,6]},"_coverageSchema":"1a1c01bbd47fc00a2c39e90264f33305004495a9","hash":"efb2994a4a13421977ce81b2be98161b711e6c1e"}
,"D:\\projects\\TypeScript-Babel-Starter-master\\dist\\lib\\core\\getIsMulti.js": {"path":"D:\\projects\\TypeScript-Babel-Starter-master\\dist\\lib\\core\\getIsMulti.js","statementMap":{"0":{"start":{"line":2,"column":16},"end":{"line":2,"column":37}},"1":{"start":{"line":3,"column":23},"end":{"line":3,"column":54}},"2":{"start":{"line":4,"column":24},"end":{"line":4,"column":50}},"3":{"start":{"line":5,"column":19},"end":{"line":5,"column":50}},"4":{"start":{"line":6,"column":15},"end":{"line":9,"column":1}},"5":{"start":{"line":7,"column":2},"end":{"line":8,"column":66}},"6":{"start":{"line":8,"column":4},"end":{"line":8,"column":66}},"7":{"start":{"line":10,"column":18},"end":{"line":17,"column":1}},"8":{"start":{"line":11,"column":2},"end":{"line":15,"column":3}},"9":{"start":{"line":12,"column":4},"end":{"line":14,"column":123}},"10":{"start":{"line":13,"column":6},"end":{"line":14,"column":123}},"11":{"start":{"line":14,"column":8},"end":{"line":14,"column":123}},"12":{"start":{"line":14,"column":40},"end":{"line":14,"column":49}},"13":{"start":{"line":16,"column":2},"end":{"line":16,"column":12}},"14":{"start":{"line":18,"column":19},"end":{"line":18,"column":90}},"15":{"start":{"line":18,"column":28},"end":{"line":18,"column":90}},"16":{"start":{"line":19,"column":25},"end":{"line":19,"column":27}},"17":{"start":{"line":20,"column":0},"end":{"line":22,"column":3}},"18":{"start":{"line":21,"column":20},"end":{"line":21,"column":30}},"19":{"start":{"line":23,"column":0},"end":{"line":23,"column":50}},"20":{"start":{"line":24,"column":19},"end":{"line":26,"column":1}},"21":{"start":{"line":25,"column":2},"end":{"line":25,"column":40}}},"fnMap":{"0":{"name":"(anonymous_0)","decl":{"start":{"line":6,"column":15},"end":{"line":6,"column":16}},"loc":{"start":{"line":6,"column":32},"end":{"line":9,"column":1}},"line":6},"1":{"name":"(anonymous_1)","decl":{"start":{"line":10,"column":18},"end":{"line":10,"column":19}},"loc":{"start":{"line":10,"column":46},"end":{"line":17,"column":1}},"line":10},"2":{"name":"(anonymous_2)","decl":{"start":{"line":14,"column":34},"end":{"line":14,"column":35}},"loc":{"start":{"line":14,"column":40},"end":{"line":14,"column":49}},"line":14},"3":{"name":"(anonymous_3)","decl":{"start":{"line":18,"column":19},"end":{"line":18,"column":20}},"loc":{"start":{"line":18,"column":28},"end":{"line":18,"column":90}},"line":18},"4":{"name":"(anonymous_4)","decl":{"start":{"line":21,"column":14},"end":{"line":21,"column":15}},"loc":{"start":{"line":21,"column":20},"end":{"line":21,"column":30}},"line":21},"5":{"name":"(anonymous_5)","decl":{"start":{"line":24,"column":19},"end":{"line":24,"column":20}},"loc":{"start":{"line":24,"column":44},"end":{"line":26,"column":1}},"line":24}},"branchMap":{"0":{"loc":{"start":{"line":11,"column":2},"end":{"line":15,"column":3}},"type":"if","locations":[{"start":{"line":11,"column":2},"end":{"line":15,"column":3}},{"start":{},"end":{}}],"line":11},"1":{"loc":{"start":{"line":11,"column":6},"end":{"line":11,"column":68}},"type":"binary-expr","locations":[{"start":{"line":11,"column":6},"end":{"line":11,"column":10}},{"start":{"line":11,"column":14},"end":{"line":11,"column":38}},{"start":{"line":11,"column":42},"end":{"line":11,"column":68}}],"line":11},"2":{"loc":{"start":{"line":13,"column":6},"end":{"line":14,"column":123}},"type":"if","locations":[{"start":{"line":13,"column":6},"end":{"line":14,"column":123}},{"start":{},"end":{}}],"line":13},"3":{"loc":{"start":{"line":13,"column":10},"end":{"line":13,"column":55}},"type":"binary-expr","locations":[{"start":{"line":13,"column":10},"end":{"line":13,"column":37}},{"start":{"line":13,"column":41},"end":{"line":13,"column":55}}],"line":13},"4":{"loc":{"start":{"line":14,"column":63},"end":{"line":14,"column":119}},"type":"binary-expr","locations":[{"start":{"line":14,"column":63},"end":{"line":14,"column":100}},{"start":{"line":14,"column":104},"end":{"line":14,"column":119}}],"line":14}},"s":{"0":1,"1":1,"2":1,"3":1,"4":1,"5":1,"6":1,"7":1,"8":1,"9":1,"10":1,"11":1,"12":57,"13":1,"14":1,"15":1,"16":1,"17":1,"18":57,"19":1,"20":1,"21":57},"f":{"0":1,"1":1,"2":57,"3":1,"4":57,"5":57},"b":{"0":[1,0],"1":[1,1,0],"2":[1,0],"3":[1,1],"4":[1,1]},"_coverageSchema":"1a1c01bbd47fc00a2c39e90264f33305004495a9","hash":"851afde22fa1216d3561e99a4d35c973e1ad7593"}
,"D:\\projects\\TypeScript-Babel-Starter-master\\dist\\lib\\core\\getResolverOrCreateWhenMissing.js": {"path":"D:\\projects\\TypeScript-Babel-Starter-master\\dist\\lib\\core\\getResolverOrCreateWhenMissing.js","statementMap":{"0":{"start":{"line":2,"column":16},"end":{"line":2,"column":37}},"1":{"start":{"line":3,"column":23},"end":{"line":3,"column":54}},"2":{"start":{"line":4,"column":24},"end":{"line":4,"column":50}},"3":{"start":{"line":5,"column":19},"end":{"line":5,"column":50}},"4":{"start":{"line":6,"column":15},"end":{"line":9,"column":1}},"5":{"start":{"line":7,"column":2},"end":{"line":8,"column":66}},"6":{"start":{"line":8,"column":4},"end":{"line":8,"column":66}},"7":{"start":{"line":10,"column":18},"end":{"line":17,"column":1}},"8":{"start":{"line":11,"column":2},"end":{"line":15,"column":3}},"9":{"start":{"line":12,"column":4},"end":{"line":14,"column":123}},"10":{"start":{"line":13,"column":6},"end":{"line":14,"column":123}},"11":{"start":{"line":14,"column":8},"end":{"line":14,"column":123}},"12":{"start":{"line":14,"column":40},"end":{"line":14,"column":49}},"13":{"start":{"line":16,"column":2},"end":{"line":16,"column":12}},"14":{"start":{"line":18,"column":19},"end":{"line":18,"column":90}},"15":{"start":{"line":18,"column":28},"end":{"line":18,"column":90}},"16":{"start":{"line":19,"column":45},"end":{"line":19,"column":47}},"17":{"start":{"line":20,"column":0},"end":{"line":22,"column":3}},"18":{"start":{"line":21,"column":40},"end":{"line":21,"column":70}},"19":{"start":{"line":23,"column":0},"end":{"line":23,"column":70}},"20":{"start":{"line":25,"column":32},"end":{"line":27,"column":3}},"21":{"start":{"line":26,"column":4},"end":{"line":26,"column":45}},"22":{"start":{"line":28,"column":32},"end":{"line":30,"column":3}},"23":{"start":{"line":29,"column":4},"end":{"line":29,"column":50}},"24":{"start":{"line":31,"column":24},"end":{"line":31,"column":55}},"25":{"start":{"line":32,"column":2},"end":{"line":35,"column":3}},"26":{"start":{"line":33,"column":4},"end":{"line":33,"column":48}},"27":{"start":{"line":34,"column":4},"end":{"line":34,"column":53}},"28":{"start":{"line":36,"column":18},"end":{"line":36,"column":51}},"29":{"start":{"line":37,"column":2},"end":{"line":40,"column":3}},"30":{"start":{"line":38,"column":4},"end":{"line":38,"column":19}},"31":{"start":{"line":39,"column":4},"end":{"line":39,"column":49}},"32":{"start":{"line":41,"column":17},"end":{"line":41,"column":49}},"33":{"start":{"line":41,"column":39},"end":{"line":41,"column":48}},"34":{"start":{"line":42,"column":2},"end":{"line":53,"column":3}},"35":{"start":{"line":44,"column":23},"end":{"line":46,"column":6}},"36":{"start":{"line":45,"column":6},"end":{"line":45,"column":29}},"37":{"start":{"line":47,"column":4},"end":{"line":51,"column":6}},"38":{"start":{"line":52,"column":4},"end":{"line":52,"column":29}},"39":{"start":{"line":54,"column":2},"end":{"line":58,"column":4}}},"fnMap":{"0":{"name":"(anonymous_0)","decl":{"start":{"line":6,"column":15},"end":{"line":6,"column":16}},"loc":{"start":{"line":6,"column":32},"end":{"line":9,"column":1}},"line":6},"1":{"name":"(anonymous_1)","decl":{"start":{"line":10,"column":18},"end":{"line":10,"column":19}},"loc":{"start":{"line":10,"column":46},"end":{"line":17,"column":1}},"line":10},"2":{"name":"(anonymous_2)","decl":{"start":{"line":14,"column":34},"end":{"line":14,"column":35}},"loc":{"start":{"line":14,"column":40},"end":{"line":14,"column":49}},"line":14},"3":{"name":"(anonymous_3)","decl":{"start":{"line":18,"column":19},"end":{"line":18,"column":20}},"loc":{"start":{"line":18,"column":28},"end":{"line":18,"column":90}},"line":18},"4":{"name":"(anonymous_4)","decl":{"start":{"line":21,"column":34},"end":{"line":21,"column":35}},"loc":{"start":{"line":21,"column":40},"end":{"line":21,"column":70}},"line":21},"5":{"name":"getResolverOrCreateWhenMissing","decl":{"start":{"line":24,"column":9},"end":{"line":24,"column":39}},"loc":{"start":{"line":24,"column":93},"end":{"line":59,"column":1}},"line":24},"6":{"name":"(anonymous_6)","decl":{"start":{"line":25,"column":32},"end":{"line":25,"column":33}},"loc":{"start":{"line":25,"column":47},"end":{"line":27,"column":3}},"line":25},"7":{"name":"(anonymous_7)","decl":{"start":{"line":28,"column":32},"end":{"line":28,"column":33}},"loc":{"start":{"line":28,"column":52},"end":{"line":30,"column":3}},"line":28},"8":{"name":"(anonymous_8)","decl":{"start":{"line":41,"column":32},"end":{"line":41,"column":33}},"loc":{"start":{"line":41,"column":39},"end":{"line":41,"column":48}},"line":41},"9":{"name":"(anonymous_9)","decl":{"start":{"line":44,"column":35},"end":{"line":44,"column":36}},"loc":{"start":{"line":44,"column":48},"end":{"line":46,"column":5}},"line":44}},"branchMap":{"0":{"loc":{"start":{"line":11,"column":2},"end":{"line":15,"column":3}},"type":"if","locations":[{"start":{"line":11,"column":2},"end":{"line":15,"column":3}},{"start":{},"end":{}}],"line":11},"1":{"loc":{"start":{"line":11,"column":6},"end":{"line":11,"column":68}},"type":"binary-expr","locations":[{"start":{"line":11,"column":6},"end":{"line":11,"column":10}},{"start":{"line":11,"column":14},"end":{"line":11,"column":38}},{"start":{"line":11,"column":42},"end":{"line":11,"column":68}}],"line":11},"2":{"loc":{"start":{"line":13,"column":6},"end":{"line":14,"column":123}},"type":"if","locations":[{"start":{"line":13,"column":6},"end":{"line":14,"column":123}},{"start":{},"end":{}}],"line":13},"3":{"loc":{"start":{"line":13,"column":10},"end":{"line":13,"column":55}},"type":"binary-expr","locations":[{"start":{"line":13,"column":10},"end":{"line":13,"column":37}},{"start":{"line":13,"column":41},"end":{"line":13,"column":55}}],"line":13},"4":{"loc":{"start":{"line":14,"column":63},"end":{"line":14,"column":119}},"type":"binary-expr","locations":[{"start":{"line":14,"column":63},"end":{"line":14,"column":100}},{"start":{"line":14,"column":104},"end":{"line":14,"column":119}}],"line":14},"5":{"loc":{"start":{"line":32,"column":2},"end":{"line":35,"column":3}},"type":"if","locations":[{"start":{"line":32,"column":2},"end":{"line":35,"column":3}},{"start":{},"end":{}}],"line":32},"6":{"loc":{"start":{"line":37,"column":2},"end":{"line":40,"column":3}},"type":"if","locations":[{"start":{"line":37,"column":2},"end":{"line":40,"column":3}},{"start":{},"end":{}}],"line":37},"7":{"loc":{"start":{"line":42,"column":2},"end":{"line":53,"column":3}},"type":"if","locations":[{"start":{"line":42,"column":2},"end":{"line":53,"column":3}},{"start":{},"end":{}}],"line":42},"8":{"loc":{"start":{"line":42,"column":6},"end":{"line":42,"column":27}},"type":"binary-expr","locations":[{"start":{"line":42,"column":6},"end":{"line":42,"column":15}},{"start":{"line":42,"column":19},"end":{"line":42,"column":27}}],"line":42}},"s":{"0":1,"1":1,"2":1,"3":1,"4":1,"5":1,"6":1,"7":1,"8":1,"9":1,"10":1,"11":1,"12":8,"13":1,"14":1,"15":1,"16":1,"17":1,"18":8,"19":1,"20":8,"21":8,"22":8,"23":6,"24":8,"25":8,"26":6,"27":6,"28":8,"29":8,"30":6,"31":6,"32":8,"33":2,"34":8,"35":6,"36":6,"37":6,"38":6,"39":8},"f":{"0":1,"1":1,"2":8,"3":1,"4":8,"5":8,"6":8,"7":6,"8":2,"9":6},"b":{"0":[1,0],"1":[1,1,0],"2":[1,0],"3":[1,1],"4":[1,1],"5":[6,2],"6":[6,2],"7":[6,2],"8":[8,2]},"_coverageSchema":"1a1c01bbd47fc00a2c39e90264f33305004495a9","hash":"e28f7d05fdd8efc48f5e018be9ad6a1ba76dd4c3"}
,"D:\\projects\\TypeScript-Babel-Starter-master\\dist\\lib\\core\\getUpperApiDesc.js": {"path":"D:\\projects\\TypeScript-Babel-Starter-master\\dist\\lib\\core\\getUpperApiDesc.js","statementMap":{"0":{"start":{"line":2,"column":16},"end":{"line":2,"column":37}},"1":{"start":{"line":3,"column":23},"end":{"line":3,"column":54}},"2":{"start":{"line":4,"column":24},"end":{"line":4,"column":50}},"3":{"start":{"line":5,"column":19},"end":{"line":5,"column":50}},"4":{"start":{"line":6,"column":15},"end":{"line":9,"column":1}},"5":{"start":{"line":7,"column":2},"end":{"line":8,"column":66}},"6":{"start":{"line":8,"column":4},"end":{"line":8,"column":66}},"7":{"start":{"line":10,"column":18},"end":{"line":17,"column":1}},"8":{"start":{"line":11,"column":2},"end":{"line":15,"column":3}},"9":{"start":{"line":12,"column":4},"end":{"line":14,"column":123}},"10":{"start":{"line":13,"column":6},"end":{"line":14,"column":123}},"11":{"start":{"line":14,"column":8},"end":{"line":14,"column":123}},"12":{"start":{"line":14,"column":40},"end":{"line":14,"column":49}},"13":{"start":{"line":16,"column":2},"end":{"line":16,"column":12}},"14":{"start":{"line":18,"column":19},"end":{"line":18,"column":90}},"15":{"start":{"line":18,"column":28},"end":{"line":18,"column":90}},"16":{"start":{"line":19,"column":30},"end":{"line":19,"column":32}},"17":{"start":{"line":20,"column":0},"end":{"line":22,"column":3}},"18":{"start":{"line":21,"column":25},"end":{"line":21,"column":40}},"19":{"start":{"line":23,"column":0},"end":{"line":23,"column":55}},"20":{"start":{"line":24,"column":34},"end":{"line":24,"column":67}},"21":{"start":{"line":25,"column":24},"end":{"line":25,"column":47}},"22":{"start":{"line":27,"column":17},"end":{"line":27,"column":138}},"23":{"start":{"line":28,"column":2},"end":{"line":28,"column":22}},"24":{"start":{"line":28,"column":15},"end":{"line":28,"column":22}},"25":{"start":{"line":29,"column":2},"end":{"line":29,"column":80}}},"fnMap":{"0":{"name":"(anonymous_0)","decl":{"start":{"line":6,"column":15},"end":{"line":6,"column":16}},"loc":{"start":{"line":6,"column":32},"end":{"line":9,"column":1}},"line":6},"1":{"name":"(anonymous_1)","decl":{"start":{"line":10,"column":18},"end":{"line":10,"column":19}},"loc":{"start":{"line":10,"column":46},"end":{"line":17,"column":1}},"line":10},"2":{"name":"(anonymous_2)","decl":{"start":{"line":14,"column":34},"end":{"line":14,"column":35}},"loc":{"start":{"line":14,"column":40},"end":{"line":14,"column":49}},"line":14},"3":{"name":"(anonymous_3)","decl":{"start":{"line":18,"column":19},"end":{"line":18,"column":20}},"loc":{"start":{"line":18,"column":28},"end":{"line":18,"column":90}},"line":18},"4":{"name":"(anonymous_4)","decl":{"start":{"line":21,"column":19},"end":{"line":21,"column":20}},"loc":{"start":{"line":21,"column":25},"end":{"line":21,"column":40}},"line":21},"5":{"name":"getUpperApiDesc","decl":{"start":{"line":26,"column":9},"end":{"line":26,"column":24}},"loc":{"start":{"line":26,"column":70},"end":{"line":30,"column":1}},"line":26}},"branchMap":{"0":{"loc":{"start":{"line":11,"column":2},"end":{"line":15,"column":3}},"type":"if","locations":[{"start":{"line":11,"column":2},"end":{"line":15,"column":3}},{"start":{},"end":{}}],"line":11},"1":{"loc":{"start":{"line":11,"column":6},"end":{"line":11,"column":68}},"type":"binary-expr","locations":[{"start":{"line":11,"column":6},"end":{"line":11,"column":10}},{"start":{"line":11,"column":14},"end":{"line":11,"column":38}},{"start":{"line":11,"column":42},"end":{"line":11,"column":68}}],"line":11},"2":{"loc":{"start":{"line":13,"column":6},"end":{"line":14,"column":123}},"type":"if","locations":[{"start":{"line":13,"column":6},"end":{"line":14,"column":123}},{"start":{},"end":{}}],"line":13},"3":{"loc":{"start":{"line":13,"column":10},"end":{"line":13,"column":55}},"type":"binary-expr","locations":[{"start":{"line":13,"column":10},"end":{"line":13,"column":37}},{"start":{"line":13,"column":41},"end":{"line":13,"column":55}}],"line":13},"4":{"loc":{"start":{"line":14,"column":63},"end":{"line":14,"column":119}},"type":"binary-expr","locations":[{"start":{"line":14,"column":63},"end":{"line":14,"column":100}},{"start":{"line":14,"column":104},"end":{"line":14,"column":119}}],"line":14},"5":{"loc":{"start":{"line":27,"column":71},"end":{"line":27,"column":108}},"type":"binary-expr","locations":[{"start":{"line":27,"column":71},"end":{"line":27,"column":92}},{"start":{"line":27,"column":96},"end":{"line":27,"column":108}}],"line":27},"6":{"loc":{"start":{"line":28,"column":2},"end":{"line":28,"column":22}},"type":"if","locations":[{"start":{"line":28,"column":2},"end":{"line":28,"column":22}},{"start":{},"end":{}}],"line":28}},"s":{"0":1,"1":1,"2":1,"3":1,"4":1,"5":1,"6":1,"7":1,"8":1,"9":1,"10":1,"11":1,"12":0,"13":1,"14":1,"15":1,"16":1,"17":1,"18":0,"19":1,"20":1,"21":1,"22":0,"23":0,"24":0,"25":0},"f":{"0":1,"1":1,"2":0,"3":1,"4":0,"5":0},"b":{"0":[1,0],"1":[1,1,0],"2":[1,0],"3":[1,1],"4":[1,1],"5":[0,0],"6":[0,0]},"_coverageSchema":"1a1c01bbd47fc00a2c39e90264f33305004495a9","hash":"f07e380bfcfaa4fddada3738ff49d098096321ae"}
,"D:\\projects\\TypeScript-Babel-Starter-master\\dist\\lib\\core\\getUpperContextValue.js": {"path":"D:\\projects\\TypeScript-Babel-Starter-master\\dist\\lib\\core\\getUpperContextValue.js","statementMap":{"0":{"start":{"line":2,"column":16},"end":{"line":2,"column":37}},"1":{"start":{"line":3,"column":23},"end":{"line":3,"column":54}},"2":{"start":{"line":4,"column":24},"end":{"line":4,"column":50}},"3":{"start":{"line":5,"column":19},"end":{"line":5,"column":50}},"4":{"start":{"line":6,"column":15},"end":{"line":9,"column":1}},"5":{"start":{"line":7,"column":2},"end":{"line":8,"column":66}},"6":{"start":{"line":8,"column":4},"end":{"line":8,"column":66}},"7":{"start":{"line":10,"column":18},"end":{"line":17,"column":1}},"8":{"start":{"line":11,"column":2},"end":{"line":15,"column":3}},"9":{"start":{"line":12,"column":4},"end":{"line":14,"column":123}},"10":{"start":{"line":13,"column":6},"end":{"line":14,"column":123}},"11":{"start":{"line":14,"column":8},"end":{"line":14,"column":123}},"12":{"start":{"line":14,"column":40},"end":{"line":14,"column":49}},"13":{"start":{"line":16,"column":2},"end":{"line":16,"column":12}},"14":{"start":{"line":18,"column":19},"end":{"line":18,"column":90}},"15":{"start":{"line":18,"column":28},"end":{"line":18,"column":90}},"16":{"start":{"line":19,"column":35},"end":{"line":19,"column":37}},"17":{"start":{"line":20,"column":0},"end":{"line":22,"column":3}},"18":{"start":{"line":21,"column":30},"end":{"line":21,"column":50}},"19":{"start":{"line":23,"column":0},"end":{"line":23,"column":60}},"20":{"start":{"line":25,"column":15},"end":{"line":25,"column":27}},"21":{"start":{"line":26,"column":2},"end":{"line":41,"column":3}},"22":{"start":{"line":27,"column":4},"end":{"line":27,"column":23}},"23":{"start":{"line":27,"column":17},"end":{"line":27,"column":23}},"24":{"start":{"line":28,"column":4},"end":{"line":28,"column":35}},"25":{"start":{"line":28,"column":29},"end":{"line":28,"column":35}},"26":{"start":{"line":29,"column":21},"end":{"line":29,"column":47}},"27":{"start":{"line":30,"column":19},"end":{"line":34,"column":10}},"28":{"start":{"line":31,"column":21},"end":{"line":31,"column":43}},"29":{"start":{"line":32,"column":6},"end":{"line":32,"column":37}},"30":{"start":{"line":33,"column":6},"end":{"line":33,"column":17}},"31":{"start":{"line":35,"column":4},"end":{"line":39,"column":14}},"32":{"start":{"line":39,"column":8},"end":{"line":39,"column":14}},"33":{"start":{"line":40,"column":4},"end":{"line":40,"column":27}},"34":{"start":{"line":42,"column":2},"end":{"line":42,"column":16}}},"fnMap":{"0":{"name":"(anonymous_0)","decl":{"start":{"line":6,"column":15},"end":{"line":6,"column":16}},"loc":{"start":{"line":6,"column":32},"end":{"line":9,"column":1}},"line":6},"1":{"name":"(anonymous_1)","decl":{"start":{"line":10,"column":18},"end":{"line":10,"column":19}},"loc":{"start":{"line":10,"column":46},"end":{"line":17,"column":1}},"line":10},"2":{"name":"(anonymous_2)","decl":{"start":{"line":14,"column":34},"end":{"line":14,"column":35}},"loc":{"start":{"line":14,"column":40},"end":{"line":14,"column":49}},"line":14},"3":{"name":"(anonymous_3)","decl":{"start":{"line":18,"column":19},"end":{"line":18,"column":20}},"loc":{"start":{"line":18,"column":28},"end":{"line":18,"column":90}},"line":18},"4":{"name":"(anonymous_4)","decl":{"start":{"line":21,"column":24},"end":{"line":21,"column":25}},"loc":{"start":{"line":21,"column":30},"end":{"line":21,"column":50}},"line":21},"5":{"name":"getUpperContextValue","decl":{"start":{"line":24,"column":9},"end":{"line":24,"column":29}},"loc":{"start":{"line":24,"column":57},"end":{"line":43,"column":1}},"line":24},"6":{"name":"(anonymous_6)","decl":{"start":{"line":30,"column":35},"end":{"line":30,"column":36}},"loc":{"start":{"line":30,"column":53},"end":{"line":34,"column":5}},"line":30}},"branchMap":{"0":{"loc":{"start":{"line":11,"column":2},"end":{"line":15,"column":3}},"type":"if","locations":[{"start":{"line":11,"column":2},"end":{"line":15,"column":3}},{"start":{},"end":{}}],"line":11},"1":{"loc":{"start":{"line":11,"column":6},"end":{"line":11,"column":68}},"type":"binary-expr","locations":[{"start":{"line":11,"column":6},"end":{"line":11,"column":10}},{"start":{"line":11,"column":14},"end":{"line":11,"column":38}},{"start":{"line":11,"column":42},"end":{"line":11,"column":68}}],"line":11},"2":{"loc":{"start":{"line":13,"column":6},"end":{"line":14,"column":123}},"type":"if","locations":[{"start":{"line":13,"column":6},"end":{"line":14,"column":123}},{"start":{},"end":{}}],"line":13},"3":{"loc":{"start":{"line":13,"column":10},"end":{"line":13,"column":55}},"type":"binary-expr","locations":[{"start":{"line":13,"column":10},"end":{"line":13,"column":37}},{"start":{"line":13,"column":41},"end":{"line":13,"column":55}}],"line":13},"4":{"loc":{"start":{"line":14,"column":63},"end":{"line":14,"column":119}},"type":"binary-expr","locations":[{"start":{"line":14,"column":63},"end":{"line":14,"column":100}},{"start":{"line":14,"column":104},"end":{"line":14,"column":119}}],"line":14},"5":{"loc":{"start":{"line":27,"column":4},"end":{"line":27,"column":23}},"type":"if","locations":[{"start":{"line":27,"column":4},"end":{"line":27,"column":23}},{"start":{},"end":{}}],"line":27},"6":{"loc":{"start":{"line":28,"column":4},"end":{"line":28,"column":35}},"type":"if","locations":[{"start":{"line":28,"column":4},"end":{"line":28,"column":35}},{"start":{},"end":{}}],"line":28},"7":{"loc":{"start":{"line":35,"column":4},"end":{"line":39,"column":14}},"type":"if","locations":[{"start":{"line":35,"column":4},"end":{"line":39,"column":14}},{"start":{},"end":{}}],"line":35}},"s":{"0":1,"1":1,"2":1,"3":1,"4":1,"5":1,"6":1,"7":1,"8":1,"9":1,"10":1,"11":1,"12":0,"13":1,"14":1,"15":1,"16":1,"17":1,"18":0,"19":1,"20":0,"21":0,"22":0,"23":0,"24":0,"25":0,"26":0,"27":0,"28":0,"29":0,"30":0,"31":0,"32":0,"33":0,"34":0},"f":{"0":1,"1":1,"2":0,"3":1,"4":0,"5":0,"6":0},"b":{"0":[1,0],"1":[1,1,0],"2":[1,0],"3":[1,1],"4":[1,1],"5":[0,0],"6":[0,0],"7":[0,0]},"_coverageSchema":"1a1c01bbd47fc00a2c39e90264f33305004495a9","hash":"ddc4a0a1810418f9ea53a8a4814cf44399d8d777"}
,"D:\\projects\\TypeScript-Babel-Starter-master\\dist\\lib\\core\\index.js": {"path":"D:\\projects\\TypeScript-Babel-Starter-master\\dist\\lib\\core\\index.js","statementMap":{"0":{"start":{"line":2,"column":16},"end":{"line":2,"column":37}},"1":{"start":{"line":3,"column":23},"end":{"line":3,"column":54}},"2":{"start":{"line":4,"column":24},"end":{"line":4,"column":50}},"3":{"start":{"line":5,"column":19},"end":{"line":5,"column":50}},"4":{"start":{"line":6,"column":15},"end":{"line":9,"column":1}},"5":{"start":{"line":7,"column":2},"end":{"line":8,"column":66}},"6":{"start":{"line":8,"column":4},"end":{"line":8,"column":66}},"7":{"start":{"line":10,"column":18},"end":{"line":17,"column":1}},"8":{"start":{"line":11,"column":2},"end":{"line":15,"column":3}},"9":{"start":{"line":12,"column":4},"end":{"line":14,"column":123}},"10":{"start":{"line":13,"column":6},"end":{"line":14,"column":123}},"11":{"start":{"line":14,"column":8},"end":{"line":14,"column":123}},"12":{"start":{"line":14,"column":40},"end":{"line":14,"column":49}},"13":{"start":{"line":16,"column":2},"end":{"line":16,"column":12}},"14":{"start":{"line":18,"column":19},"end":{"line":18,"column":90}},"15":{"start":{"line":18,"column":28},"end":{"line":18,"column":90}},"16":{"start":{"line":19,"column":19},"end":{"line":19,"column":21}},"17":{"start":{"line":20,"column":0},"end":{"line":30,"column":3}},"18":{"start":{"line":21,"column":19},"end":{"line":21,"column":45}},"19":{"start":{"line":22,"column":20},"end":{"line":22,"column":48}},"20":{"start":{"line":23,"column":20},"end":{"line":23,"column":48}},"21":{"start":{"line":24,"column":40},"end":{"line":24,"column":108}},"22":{"start":{"line":25,"column":25},"end":{"line":25,"column":63}},"23":{"start":{"line":26,"column":30},"end":{"line":26,"column":78}},"24":{"start":{"line":27,"column":29},"end":{"line":27,"column":75}},"25":{"start":{"line":28,"column":30},"end":{"line":28,"column":78}},"26":{"start":{"line":29,"column":23},"end":{"line":29,"column":57}},"27":{"start":{"line":31,"column":0},"end":{"line":31,"column":44}},"28":{"start":{"line":32,"column":23},"end":{"line":32,"column":45}},"29":{"start":{"line":33,"column":24},"end":{"line":33,"column":47}},"30":{"start":{"line":34,"column":24},"end":{"line":34,"column":47}},"31":{"start":{"line":35,"column":44},"end":{"line":35,"column":87}},"32":{"start":{"line":36,"column":29},"end":{"line":36,"column":57}},"33":{"start":{"line":37,"column":34},"end":{"line":37,"column":67}},"34":{"start":{"line":38,"column":33},"end":{"line":38,"column":65}},"35":{"start":{"line":39,"column":34},"end":{"line":39,"column":67}},"36":{"start":{"line":40,"column":27},"end":{"line":40,"column":53}}},"fnMap":{"0":{"name":"(anonymous_0)","decl":{"start":{"line":6,"column":15},"end":{"line":6,"column":16}},"loc":{"start":{"line":6,"column":32},"end":{"line":9,"column":1}},"line":6},"1":{"name":"(anonymous_1)","decl":{"start":{"line":10,"column":18},"end":{"line":10,"column":19}},"loc":{"start":{"line":10,"column":46},"end":{"line":17,"column":1}},"line":10},"2":{"name":"(anonymous_2)","decl":{"start":{"line":14,"column":34},"end":{"line":14,"column":35}},"loc":{"start":{"line":14,"column":40},"end":{"line":14,"column":49}},"line":14},"3":{"name":"(anonymous_3)","decl":{"start":{"line":18,"column":19},"end":{"line":18,"column":20}},"loc":{"start":{"line":18,"column":28},"end":{"line":18,"column":90}},"line":18},"4":{"name":"(anonymous_4)","decl":{"start":{"line":21,"column":13},"end":{"line":21,"column":14}},"loc":{"start":{"line":21,"column":19},"end":{"line":21,"column":45}},"line":21},"5":{"name":"(anonymous_5)","decl":{"start":{"line":22,"column":14},"end":{"line":22,"column":15}},"loc":{"start":{"line":22,"column":20},"end":{"line":22,"column":48}},"line":22},"6":{"name":"(anonymous_6)","decl":{"start":{"line":23,"column":14},"end":{"line":23,"column":15}},"loc":{"start":{"line":23,"column":20},"end":{"line":23,"column":48}},"line":23},"7":{"name":"(anonymous_7)","decl":{"start":{"line":24,"column":34},"end":{"line":24,"column":35}},"loc":{"start":{"line":24,"column":40},"end":{"line":24,"column":108}},"line":24},"8":{"name":"(anonymous_8)","decl":{"start":{"line":25,"column":19},"end":{"line":25,"column":20}},"loc":{"start":{"line":25,"column":25},"end":{"line":25,"column":63}},"line":25},"9":{"name":"(anonymous_9)","decl":{"start":{"line":26,"column":24},"end":{"line":26,"column":25}},"loc":{"start":{"line":26,"column":30},"end":{"line":26,"column":78}},"line":26},"10":{"name":"(anonymous_10)","decl":{"start":{"line":27,"column":23},"end":{"line":27,"column":24}},"loc":{"start":{"line":27,"column":29},"end":{"line":27,"column":75}},"line":27},"11":{"name":"(anonymous_11)","decl":{"start":{"line":28,"column":24},"end":{"line":28,"column":25}},"loc":{"start":{"line":28,"column":30},"end":{"line":28,"column":78}},"line":28},"12":{"name":"(anonymous_12)","decl":{"start":{"line":29,"column":17},"end":{"line":29,"column":18}},"loc":{"start":{"line":29,"column":23},"end":{"line":29,"column":57}},"line":29}},"branchMap":{"0":{"loc":{"start":{"line":11,"column":2},"end":{"line":15,"column":3}},"type":"if","locations":[{"start":{"line":11,"column":2},"end":{"line":15,"column":3}},{"start":{},"end":{}}],"line":11},"1":{"loc":{"start":{"line":11,"column":6},"end":{"line":11,"column":68}},"type":"binary-expr","locations":[{"start":{"line":11,"column":6},"end":{"line":11,"column":10}},{"start":{"line":11,"column":14},"end":{"line":11,"column":38}},{"start":{"line":11,"column":42},"end":{"line":11,"column":68}}],"line":11},"2":{"loc":{"start":{"line":13,"column":6},"end":{"line":14,"column":123}},"type":"if","locations":[{"start":{"line":13,"column":6},"end":{"line":14,"column":123}},{"start":{},"end":{}}],"line":13},"3":{"loc":{"start":{"line":13,"column":10},"end":{"line":13,"column":55}},"type":"binary-expr","locations":[{"start":{"line":13,"column":10},"end":{"line":13,"column":37}},{"start":{"line":13,"column":41},"end":{"line":13,"column":55}}],"line":13},"4":{"loc":{"start":{"line":14,"column":63},"end":{"line":14,"column":119}},"type":"binary-expr","locations":[{"start":{"line":14,"column":63},"end":{"line":14,"column":100}},{"start":{"line":14,"column":104},"end":{"line":14,"column":119}}],"line":14}},"s":{"0":1,"1":1,"2":1,"3":1,"4":1,"5":1,"6":9,"7":1,"8":1,"9":1,"10":9,"11":9,"12":227,"13":1,"14":1,"15":1,"16":1,"17":1,"18":0,"19":44,"20":48,"21":8,"22":0,"23":0,"24":0,"25":96,"26":31,"27":1,"28":1,"29":1,"30":1,"31":1,"32":1,"33":1,"34":1,"35":1,"36":1},"f":{"0":1,"1":1,"2":227,"3":1,"4":0,"5":44,"6":48,"7":8,"8":0,"9":0,"10":0,"11":96,"12":31},"b":{"0":[1,0],"1":[1,1,0],"2":[9,0],"3":[9,9],"4":[9,9]},"_coverageSchema":"1a1c01bbd47fc00a2c39e90264f33305004495a9","hash":"94e2fc269cab672dd7120e4ae6f155fc16b46a5e"}
,"D:\\projects\\TypeScript-Babel-Starter-master\\dist\\lib\\core\\mountHookInitEffect.js": {"path":"D:\\projects\\TypeScript-Babel-Starter-master\\dist\\lib\\core\\mountHookInitEffect.js","statementMap":{"0":{"start":{"line":2,"column":16},"end":{"line":2,"column":37}},"1":{"start":{"line":3,"column":23},"end":{"line":3,"column":54}},"2":{"start":{"line":4,"column":24},"end":{"line":4,"column":50}},"3":{"start":{"line":5,"column":19},"end":{"line":5,"column":50}},"4":{"start":{"line":6,"column":15},"end":{"line":9,"column":1}},"5":{"start":{"line":7,"column":2},"end":{"line":8,"column":66}},"6":{"start":{"line":8,"column":4},"end":{"line":8,"column":66}},"7":{"start":{"line":10,"column":18},"end":{"line":17,"column":1}},"8":{"start":{"line":11,"column":2},"end":{"line":15,"column":3}},"9":{"start":{"line":12,"column":4},"end":{"line":14,"column":123}},"10":{"start":{"line":13,"column":6},"end":{"line":14,"column":123}},"11":{"start":{"line":14,"column":8},"end":{"line":14,"column":123}},"12":{"start":{"line":14,"column":40},"end":{"line":14,"column":49}},"13":{"start":{"line":16,"column":2},"end":{"line":16,"column":12}},"14":{"start":{"line":18,"column":19},"end":{"line":18,"column":90}},"15":{"start":{"line":18,"column":28},"end":{"line":18,"column":90}},"16":{"start":{"line":19,"column":34},"end":{"line":19,"column":36}},"17":{"start":{"line":20,"column":0},"end":{"line":22,"column":3}},"18":{"start":{"line":21,"column":29},"end":{"line":21,"column":48}},"19":{"start":{"line":23,"column":0},"end":{"line":23,"column":59}},"20":{"start":{"line":24,"column":24},"end":{"line":24,"column":47}},"21":{"start":{"line":25,"column":33},"end":{"line":25,"column":72}},"22":{"start":{"line":26,"column":23},"end":{"line":26,"column":52}},"23":{"start":{"line":28,"column":2},"end":{"line":28,"column":22}},"24":{"start":{"line":28,"column":15},"end":{"line":28,"column":22}},"25":{"start":{"line":29,"column":18},"end":{"line":29,"column":81}},"26":{"start":{"line":30,"column":26},"end":{"line":30,"column":28}},"27":{"start":{"line":32,"column":2},"end":{"line":50,"column":3}},"28":{"start":{"line":33,"column":25},"end":{"line":33,"column":33}},"29":{"start":{"line":34,"column":4},"end":{"line":34,"column":38}},"30":{"start":{"line":34,"column":31},"end":{"line":34,"column":38}},"31":{"start":{"line":35,"column":28},"end":{"line":35,"column":34}},"32":{"start":{"line":36,"column":4},"end":{"line":38,"column":6}},"33":{"start":{"line":37,"column":6},"end":{"line":37,"column":43}},"34":{"start":{"line":39,"column":4},"end":{"line":39,"column":39}},"35":{"start":{"line":40,"column":9},"end":{"line":50,"column":3}},"36":{"start":{"line":41,"column":29},"end":{"line":41,"column":37}},"37":{"start":{"line":42,"column":4},"end":{"line":42,"column":41}},"38":{"start":{"line":42,"column":34},"end":{"line":42,"column":41}},"39":{"start":{"line":43,"column":28},"end":{"line":43,"column":34}},"40":{"start":{"line":44,"column":4},"end":{"line":46,"column":6}},"41":{"start":{"line":45,"column":6},"end":{"line":45,"column":55}},"42":{"start":{"line":47,"column":4},"end":{"line":47,"column":46}},"43":{"start":{"line":49,"column":4},"end":{"line":49,"column":73}},"44":{"start":{"line":51,"column":17},"end":{"line":51,"column":19}},"45":{"start":{"line":52,"column":2},"end":{"line":59,"column":3}},"46":{"start":{"line":52,"column":39},"end":{"line":52,"column":90}},"47":{"start":{"line":53,"column":4},"end":{"line":58,"column":6}},"48":{"start":{"line":56,"column":8},"end":{"line":56,"column":105}},"49":{"start":{"line":60,"column":2},"end":{"line":62,"column":4}},"50":{"start":{"line":61,"column":4},"end":{"line":61,"column":49}}},"fnMap":{"0":{"name":"(anonymous_0)","decl":{"start":{"line":6,"column":15},"end":{"line":6,"column":16}},"loc":{"start":{"line":6,"column":32},"end":{"line":9,"column":1}},"line":6},"1":{"name":"(anonymous_1)","decl":{"start":{"line":10,"column":18},"end":{"line":10,"column":19}},"loc":{"start":{"line":10,"column":46},"end":{"line":17,"column":1}},"line":10},"2":{"name":"(anonymous_2)","decl":{"start":{"line":14,"column":34},"end":{"line":14,"column":35}},"loc":{"start":{"line":14,"column":40},"end":{"line":14,"column":49}},"line":14},"3":{"name":"(anonymous_3)","decl":{"start":{"line":18,"column":19},"end":{"line":18,"column":20}},"loc":{"start":{"line":18,"column":28},"end":{"line":18,"column":90}},"line":18},"4":{"name":"(anonymous_4)","decl":{"start":{"line":21,"column":23},"end":{"line":21,"column":24}},"loc":{"start":{"line":21,"column":29},"end":{"line":21,"column":48}},"line":21},"5":{"name":"mountHookInitEffect","decl":{"start":{"line":27,"column":9},"end":{"line":27,"column":28}},"loc":{"start":{"line":27,"column":98},"end":{"line":63,"column":1}},"line":27},"6":{"name":"(anonymous_6)","decl":{"start":{"line":36,"column":14},"end":{"line":36,"column":15}},"loc":{"start":{"line":36,"column":20},"end":{"line":38,"column":5}},"line":36},"7":{"name":"(anonymous_7)","decl":{"start":{"line":44,"column":14},"end":{"line":44,"column":15}},"loc":{"start":{"line":44,"column":20},"end":{"line":46,"column":5}},"line":44},"8":{"name":"(anonymous_8)","decl":{"start":{"line":52,"column":27},"end":{"line":52,"column":28}},"loc":{"start":{"line":52,"column":39},"end":{"line":52,"column":90}},"line":52},"9":{"name":"(anonymous_9)","decl":{"start":{"line":55,"column":29},"end":{"line":55,"column":30}},"loc":{"start":{"line":55,"column":41},"end":{"line":57,"column":7}},"line":55},"10":{"name":"(anonymous_10)","decl":{"start":{"line":60,"column":9},"end":{"line":60,"column":10}},"loc":{"start":{"line":60,"column":15},"end":{"line":62,"column":3}},"line":60}},"branchMap":{"0":{"loc":{"start":{"line":11,"column":2},"end":{"line":15,"column":3}},"type":"if","locations":[{"start":{"line":11,"column":2},"end":{"line":15,"column":3}},{"start":{},"end":{}}],"line":11},"1":{"loc":{"start":{"line":11,"column":6},"end":{"line":11,"column":68}},"type":"binary-expr","locations":[{"start":{"line":11,"column":6},"end":{"line":11,"column":10}},{"start":{"line":11,"column":14},"end":{"line":11,"column":38}},{"start":{"line":11,"column":42},"end":{"line":11,"column":68}}],"line":11},"2":{"loc":{"start":{"line":13,"column":6},"end":{"line":14,"column":123}},"type":"if","locations":[{"start":{"line":13,"column":6},"end":{"line":14,"column":123}},{"start":{},"end":{}}],"line":13},"3":{"loc":{"start":{"line":13,"column":10},"end":{"line":13,"column":55}},"type":"binary-expr","locations":[{"start":{"line":13,"column":10},"end":{"line":13,"column":37}},{"start":{"line":13,"column":41},"end":{"line":13,"column":55}}],"line":13},"4":{"loc":{"start":{"line":14,"column":63},"end":{"line":14,"column":119}},"type":"binary-expr","locations":[{"start":{"line":14,"column":63},"end":{"line":14,"column":100}},{"start":{"line":14,"column":104},"end":{"line":14,"column":119}}],"line":14},"5":{"loc":{"start":{"line":28,"column":2},"end":{"line":28,"column":22}},"type":"if","locations":[{"start":{"line":28,"column":2},"end":{"line":28,"column":22}},{"start":{},"end":{}}],"line":28},"6":{"loc":{"start":{"line":29,"column":18},"end":{"line":29,"column":81}},"type":"binary-expr","locations":[{"start":{"line":29,"column":18},"end":{"line":29,"column":72}},{"start":{"line":29,"column":76},"end":{"line":29,"column":81}}],"line":29},"7":{"loc":{"start":{"line":32,"column":2},"end":{"line":50,"column":3}},"type":"if","locations":[{"start":{"line":32,"column":2},"end":{"line":50,"column":3}},{"start":{"line":40,"column":9},"end":{"line":50,"column":3}}],"line":32},"8":{"loc":{"start":{"line":32,"column":6},"end":{"line":32,"column":26}},"type":"binary-expr","locations":[{"start":{"line":32,"column":6},"end":{"line":32,"column":14}},{"start":{"line":32,"column":18},"end":{"line":32,"column":26}}],"line":32},"9":{"loc":{"start":{"line":34,"column":4},"end":{"line":34,"column":38}},"type":"if","locations":[{"start":{"line":34,"column":4},"end":{"line":34,"column":38}},{"start":{},"end":{}}],"line":34},"10":{"loc":{"start":{"line":40,"column":9},"end":{"line":50,"column":3}},"type":"if","locations":[{"start":{"line":40,"column":9},"end":{"line":50,"column":3}},{"start":{"line":48,"column":9},"end":{"line":50,"column":3}}],"line":40},"11":{"loc":{"start":{"line":40,"column":13},"end":{"line":40,"column":32}},"type":"binary-expr","locations":[{"start":{"line":40,"column":13},"end":{"line":40,"column":21}},{"start":{"line":40,"column":25},"end":{"line":40,"column":32}}],"line":40},"12":{"loc":{"start":{"line":42,"column":4},"end":{"line":42,"column":41}},"type":"if","locations":[{"start":{"line":42,"column":4},"end":{"line":42,"column":41}},{"start":{},"end":{}}],"line":42},"13":{"loc":{"start":{"line":52,"column":2},"end":{"line":59,"column":3}},"type":"if","locations":[{"start":{"line":52,"column":2},"end":{"line":59,"column":3}},{"start":{},"end":{}}],"line":52}},"s":{"0":1,"1":1,"2":1,"3":1,"4":1,"5":1,"6":1,"7":1,"8":1,"9":1,"10":1,"11":1,"12":3,"13":1,"14":1,"15":1,"16":1,"17":1,"18":3,"19":1,"20":1,"21":1,"22":1,"23":3,"24":0,"25":3,"26":3,"27":3,"28":3,"29":3,"30":0,"31":3,"32":3,"33":3,"34":3,"35":0,"36":0,"37":0,"38":0,"39":0,"40":0,"41":0,"42":0,"43":0,"44":3,"45":3,"46":3,"47":3,"48":3,"49":3,"50":3},"f":{"0":1,"1":1,"2":3,"3":1,"4":3,"5":3,"6":3,"7":0,"8":3,"9":3,"10":3},"b":{"0":[1,0],"1":[1,1,0],"2":[1,0],"3":[1,1],"4":[1,1],"5":[0,3],"6":[3,3],"7":[3,0],"8":[3,3],"9":[0,3],"10":[0,0],"11":[0,0],"12":[0,0],"13":[3,0]},"_coverageSchema":"1a1c01bbd47fc00a2c39e90264f33305004495a9","hash":"4a46e0902fdf65644a5e69e17b457fac1471c479"}
,"D:\\projects\\TypeScript-Babel-Starter-master\\dist\\lib\\core\\useFinalContextValue.js": {"path":"D:\\projects\\TypeScript-Babel-Starter-master\\dist\\lib\\core\\useFinalContextValue.js","statementMap":{"0":{"start":{"line":2,"column":16},"end":{"line":2,"column":37}},"1":{"start":{"line":3,"column":23},"end":{"line":3,"column":54}},"2":{"start":{"line":4,"column":24},"end":{"line":4,"column":50}},"3":{"start":{"line":5,"column":19},"end":{"line":5,"column":50}},"4":{"start":{"line":6,"column":15},"end":{"line":9,"column":1}},"5":{"start":{"line":7,"column":2},"end":{"line":8,"column":66}},"6":{"start":{"line":8,"column":4},"end":{"line":8,"column":66}},"7":{"start":{"line":10,"column":18},"end":{"line":17,"column":1}},"8":{"start":{"line":11,"column":2},"end":{"line":15,"column":3}},"9":{"start":{"line":12,"column":4},"end":{"line":14,"column":123}},"10":{"start":{"line":13,"column":6},"end":{"line":14,"column":123}},"11":{"start":{"line":14,"column":8},"end":{"line":14,"column":123}},"12":{"start":{"line":14,"column":40},"end":{"line":14,"column":49}},"13":{"start":{"line":16,"column":2},"end":{"line":16,"column":12}},"14":{"start":{"line":18,"column":19},"end":{"line":18,"column":90}},"15":{"start":{"line":18,"column":28},"end":{"line":18,"column":90}},"16":{"start":{"line":19,"column":35},"end":{"line":19,"column":37}},"17":{"start":{"line":20,"column":0},"end":{"line":22,"column":3}},"18":{"start":{"line":21,"column":30},"end":{"line":21,"column":50}},"19":{"start":{"line":23,"column":0},"end":{"line":23,"column":60}},"20":{"start":{"line":24,"column":19},"end":{"line":24,"column":35}},"21":{"start":{"line":25,"column":29},"end":{"line":29,"column":1}},"22":{"start":{"line":26,"column":47},"end":{"line":26,"column":60}},"23":{"start":{"line":27,"column":26},"end":{"line":27,"column":69}},"24":{"start":{"line":28,"column":2},"end":{"line":28,"column":47}}},"fnMap":{"0":{"name":"(anonymous_0)","decl":{"start":{"line":6,"column":15},"end":{"line":6,"column":16}},"loc":{"start":{"line":6,"column":32},"end":{"line":9,"column":1}},"line":6},"1":{"name":"(anonymous_1)","decl":{"start":{"line":10,"column":18},"end":{"line":10,"column":19}},"loc":{"start":{"line":10,"column":46},"end":{"line":17,"column":1}},"line":10},"2":{"name":"(anonymous_2)","decl":{"start":{"line":14,"column":34},"end":{"line":14,"column":35}},"loc":{"start":{"line":14,"column":40},"end":{"line":14,"column":49}},"line":14},"3":{"name":"(anonymous_3)","decl":{"start":{"line":18,"column":19},"end":{"line":18,"column":20}},"loc":{"start":{"line":18,"column":28},"end":{"line":18,"column":90}},"line":18},"4":{"name":"(anonymous_4)","decl":{"start":{"line":21,"column":24},"end":{"line":21,"column":25}},"loc":{"start":{"line":21,"column":30},"end":{"line":21,"column":50}},"line":21},"5":{"name":"(anonymous_5)","decl":{"start":{"line":25,"column":29},"end":{"line":25,"column":30}},"loc":{"start":{"line":25,"column":57},"end":{"line":29,"column":1}},"line":25}},"branchMap":{"0":{"loc":{"start":{"line":11,"column":2},"end":{"line":15,"column":3}},"type":"if","locations":[{"start":{"line":11,"column":2},"end":{"line":15,"column":3}},{"start":{},"end":{}}],"line":11},"1":{"loc":{"start":{"line":11,"column":6},"end":{"line":11,"column":68}},"type":"binary-expr","locations":[{"start":{"line":11,"column":6},"end":{"line":11,"column":10}},{"start":{"line":11,"column":14},"end":{"line":11,"column":38}},{"start":{"line":11,"column":42},"end":{"line":11,"column":68}}],"line":11},"2":{"loc":{"start":{"line":13,"column":6},"end":{"line":14,"column":123}},"type":"if","locations":[{"start":{"line":13,"column":6},"end":{"line":14,"column":123}},{"start":{},"end":{}}],"line":13},"3":{"loc":{"start":{"line":13,"column":10},"end":{"line":13,"column":55}},"type":"binary-expr","locations":[{"start":{"line":13,"column":10},"end":{"line":13,"column":37}},{"start":{"line":13,"column":41},"end":{"line":13,"column":55}}],"line":13},"4":{"loc":{"start":{"line":14,"column":63},"end":{"line":14,"column":119}},"type":"binary-expr","locations":[{"start":{"line":14,"column":63},"end":{"line":14,"column":100}},{"start":{"line":14,"column":104},"end":{"line":14,"column":119}}],"line":14},"5":{"loc":{"start":{"line":26,"column":47},"end":{"line":26,"column":60}},"type":"binary-expr","locations":[{"start":{"line":26,"column":47},"end":{"line":26,"column":54}},{"start":{"line":26,"column":58},"end":{"line":26,"column":60}}],"line":26},"6":{"loc":{"start":{"line":28,"column":9},"end":{"line":28,"column":46}},"type":"binary-expr","locations":[{"start":{"line":28,"column":9},"end":{"line":28,"column":27}},{"start":{"line":28,"column":31},"end":{"line":28,"column":46}}],"line":28}},"s":{"0":1,"1":1,"2":1,"3":1,"4":1,"5":1,"6":1,"7":1,"8":1,"9":1,"10":1,"11":1,"12":96,"13":1,"14":1,"15":1,"16":1,"17":1,"18":96,"19":1,"20":1,"21":1,"22":96,"23":96,"24":96},"f":{"0":1,"1":1,"2":96,"3":1,"4":96,"5":96},"b":{"0":[1,0],"1":[1,1,0],"2":[1,0],"3":[1,1],"4":[1,1],"5":[96,72],"6":[96,96]},"_coverageSchema":"1a1c01bbd47fc00a2c39e90264f33305004495a9","hash":"f7f56683f4034131599b7a08dd158361413c9812"}
,"D:\\projects\\TypeScript-Babel-Starter-master\\dist\\lib\\core\\useInitEffect.js": {"path":"D:\\projects\\TypeScript-Babel-Starter-master\\dist\\lib\\core\\useInitEffect.js","statementMap":{"0":{"start":{"line":2,"column":16},"end":{"line":2,"column":37}},"1":{"start":{"line":3,"column":23},"end":{"line":3,"column":54}},"2":{"start":{"line":4,"column":24},"end":{"line":4,"column":50}},"3":{"start":{"line":5,"column":19},"end":{"line":5,"column":50}},"4":{"start":{"line":6,"column":15},"end":{"line":9,"column":1}},"5":{"start":{"line":7,"column":2},"end":{"line":8,"column":66}},"6":{"start":{"line":8,"column":4},"end":{"line":8,"column":66}},"7":{"start":{"line":10,"column":18},"end":{"line":17,"column":1}},"8":{"start":{"line":11,"column":2},"end":{"line":15,"column":3}},"9":{"start":{"line":12,"column":4},"end":{"line":14,"column":123}},"10":{"start":{"line":13,"column":6},"end":{"line":14,"column":123}},"11":{"start":{"line":14,"column":8},"end":{"line":14,"column":123}},"12":{"start":{"line":14,"column":40},"end":{"line":14,"column":49}},"13":{"start":{"line":16,"column":2},"end":{"line":16,"column":12}},"14":{"start":{"line":18,"column":19},"end":{"line":18,"column":90}},"15":{"start":{"line":18,"column":28},"end":{"line":18,"column":90}},"16":{"start":{"line":19,"column":28},"end":{"line":19,"column":30}},"17":{"start":{"line":20,"column":0},"end":{"line":22,"column":3}},"18":{"start":{"line":21,"column":23},"end":{"line":21,"column":36}},"19":{"start":{"line":23,"column":0},"end":{"line":23,"column":53}},"20":{"start":{"line":24,"column":23},"end":{"line":24,"column":52}},"21":{"start":{"line":25,"column":19},"end":{"line":25,"column":35}},"22":{"start":{"line":26,"column":33},"end":{"line":26,"column":72}},"23":{"start":{"line":27,"column":32},"end":{"line":27,"column":70}},"24":{"start":{"line":28,"column":33},"end":{"line":28,"column":65}},"25":{"start":{"line":30,"column":17},"end":{"line":30,"column":50}},"26":{"start":{"line":31,"column":2},"end":{"line":39,"column":9}},"27":{"start":{"line":32,"column":4},"end":{"line":32,"column":24}},"28":{"start":{"line":32,"column":17},"end":{"line":32,"column":24}},"29":{"start":{"line":33,"column":24},"end":{"line":33,"column":121}},"30":{"start":{"line":34,"column":28},"end":{"line":34,"column":148}},"31":{"start":{"line":35,"column":4},"end":{"line":38,"column":6}},"32":{"start":{"line":36,"column":6},"end":{"line":36,"column":20}},"33":{"start":{"line":37,"column":6},"end":{"line":37,"column":26}},"34":{"start":{"line":40,"column":2},"end":{"line":48,"column":15}},"35":{"start":{"line":41,"column":4},"end":{"line":41,"column":24}},"36":{"start":{"line":41,"column":17},"end":{"line":41,"column":24}},"37":{"start":{"line":42,"column":21},"end":{"line":42,"column":49}},"38":{"start":{"line":43,"column":4},"end":{"line":47,"column":7}},"39":{"start":{"line":44,"column":6},"end":{"line":46,"column":7}},"40":{"start":{"line":45,"column":8},"end":{"line":45,"column":31}},"41":{"start":{"line":49,"column":2},"end":{"line":55,"column":9}},"42":{"start":{"line":50,"column":4},"end":{"line":54,"column":6}},"43":{"start":{"line":51,"column":6},"end":{"line":53,"column":9}},"44":{"start":{"line":52,"column":8},"end":{"line":52,"column":71}}},"fnMap":{"0":{"name":"(anonymous_0)","decl":{"start":{"line":6,"column":15},"end":{"line":6,"column":16}},"loc":{"start":{"line":6,"column":32},"end":{"line":9,"column":1}},"line":6},"1":{"name":"(anonymous_1)","decl":{"start":{"line":10,"column":18},"end":{"line":10,"column":19}},"loc":{"start":{"line":10,"column":46},"end":{"line":17,"column":1}},"line":10},"2":{"name":"(anonymous_2)","decl":{"start":{"line":14,"column":34},"end":{"line":14,"column":35}},"loc":{"start":{"line":14,"column":40},"end":{"line":14,"column":49}},"line":14},"3":{"name":"(anonymous_3)","decl":{"start":{"line":18,"column":19},"end":{"line":18,"column":20}},"loc":{"start":{"line":18,"column":28},"end":{"line":18,"column":90}},"line":18},"4":{"name":"(anonymous_4)","decl":{"start":{"line":21,"column":17},"end":{"line":21,"column":18}},"loc":{"start":{"line":21,"column":23},"end":{"line":21,"column":36}},"line":21},"5":{"name":"useInitEffect","decl":{"start":{"line":29,"column":9},"end":{"line":29,"column":22}},"loc":{"start":{"line":29,"column":114},"end":{"line":56,"column":1}},"line":29},"6":{"name":"(anonymous_6)","decl":{"start":{"line":31,"column":30},"end":{"line":31,"column":31}},"loc":{"start":{"line":31,"column":36},"end":{"line":39,"column":3}},"line":31},"7":{"name":"(anonymous_7)","decl":{"start":{"line":35,"column":11},"end":{"line":35,"column":12}},"loc":{"start":{"line":35,"column":17},"end":{"line":38,"column":5}},"line":35},"8":{"name":"(anonymous_8)","decl":{"start":{"line":40,"column":30},"end":{"line":40,"column":31}},"loc":{"start":{"line":40,"column":36},"end":{"line":48,"column":3}},"line":40},"9":{"name":"(anonymous_9)","decl":{"start":{"line":43,"column":22},"end":{"line":43,"column":23}},"loc":{"start":{"line":43,"column":34},"end":{"line":47,"column":5}},"line":43},"10":{"name":"(anonymous_10)","decl":{"start":{"line":49,"column":30},"end":{"line":49,"column":31}},"loc":{"start":{"line":49,"column":36},"end":{"line":55,"column":3}},"line":49},"11":{"name":"(anonymous_11)","decl":{"start":{"line":50,"column":11},"end":{"line":50,"column":12}},"loc":{"start":{"line":50,"column":17},"end":{"line":54,"column":5}},"line":50},"12":{"name":"(anonymous_12)","decl":{"start":{"line":51,"column":35},"end":{"line":51,"column":36}},"loc":{"start":{"line":51,"column":49},"end":{"line":53,"column":7}},"line":51}},"branchMap":{"0":{"loc":{"start":{"line":11,"column":2},"end":{"line":15,"column":3}},"type":"if","locations":[{"start":{"line":11,"column":2},"end":{"line":15,"column":3}},{"start":{},"end":{}}],"line":11},"1":{"loc":{"start":{"line":11,"column":6},"end":{"line":11,"column":68}},"type":"binary-expr","locations":[{"start":{"line":11,"column":6},"end":{"line":11,"column":10}},{"start":{"line":11,"column":14},"end":{"line":11,"column":38}},{"start":{"line":11,"column":42},"end":{"line":11,"column":68}}],"line":11},"2":{"loc":{"start":{"line":13,"column":6},"end":{"line":14,"column":123}},"type":"if","locations":[{"start":{"line":13,"column":6},"end":{"line":14,"column":123}},{"start":{},"end":{}}],"line":13},"3":{"loc":{"start":{"line":13,"column":10},"end":{"line":13,"column":55}},"type":"binary-expr","locations":[{"start":{"line":13,"column":10},"end":{"line":13,"column":37}},{"start":{"line":13,"column":41},"end":{"line":13,"column":55}}],"line":13},"4":{"loc":{"start":{"line":14,"column":63},"end":{"line":14,"column":119}},"type":"binary-expr","locations":[{"start":{"line":14,"column":63},"end":{"line":14,"column":100}},{"start":{"line":14,"column":104},"end":{"line":14,"column":119}}],"line":14},"5":{"loc":{"start":{"line":32,"column":4},"end":{"line":32,"column":24}},"type":"if","locations":[{"start":{"line":32,"column":4},"end":{"line":32,"column":24}},{"start":{},"end":{}}],"line":32},"6":{"loc":{"start":{"line":41,"column":4},"end":{"line":41,"column":24}},"type":"if","locations":[{"start":{"line":41,"column":4},"end":{"line":41,"column":24}},{"start":{},"end":{}}],"line":41},"7":{"loc":{"start":{"line":44,"column":6},"end":{"line":46,"column":7}},"type":"if","locations":[{"start":{"line":44,"column":6},"end":{"line":46,"column":7}},{"start":{},"end":{}}],"line":44}},"s":{"0":1,"1":1,"2":1,"3":1,"4":1,"5":1,"6":1,"7":1,"8":1,"9":1,"10":1,"11":1,"12":31,"13":1,"14":1,"15":1,"16":1,"17":1,"18":31,"19":1,"20":1,"21":1,"22":1,"23":1,"24":1,"25":31,"26":31,"27":4,"28":1,"29":3,"30":3,"31":3,"32":3,"33":3,"34":31,"35":25,"36":1,"37":24,"38":24,"39":24,"40":24,"41":31,"42":4,"43":4,"44":5},"f":{"0":1,"1":1,"2":31,"3":1,"4":31,"5":31,"6":4,"7":3,"8":25,"9":24,"10":4,"11":4,"12":5},"b":{"0":[1,0],"1":[1,1,0],"2":[1,0],"3":[1,1],"4":[1,1],"5":[1,3],"6":[1,24],"7":[24,0]},"_coverageSchema":"1a1c01bbd47fc00a2c39e90264f33305004495a9","hash":"265279d6b68480503c6f53abefee667183137f92"}
,"D:\\projects\\TypeScript-Babel-Starter-master\\dist\\lib\\features\\index.js": {"path":"D:\\projects\\TypeScript-Babel-Starter-master\\dist\\lib\\features\\index.js","statementMap":{"0":{"start":{"line":2,"column":15},"end":{"line":2,"column":28}},"1":{"start":{"line":3,"column":16},"end":{"line":3,"column":37}},"2":{"start":{"line":4,"column":23},"end":{"line":4,"column":54}},"3":{"start":{"line":5,"column":24},"end":{"line":5,"column":50}},"4":{"start":{"line":6,"column":19},"end":{"line":6,"column":40}},"5":{"start":{"line":7,"column":19},"end":{"line":7,"column":50}},"6":{"start":{"line":8,"column":15},"end":{"line":11,"column":1}},"7":{"start":{"line":9,"column":2},"end":{"line":10,"column":66}},"8":{"start":{"line":10,"column":4},"end":{"line":10,"column":66}},"9":{"start":{"line":12,"column":18},"end":{"line":19,"column":1}},"10":{"start":{"line":13,"column":2},"end":{"line":17,"column":3}},"11":{"start":{"line":14,"column":4},"end":{"line":16,"column":123}},"12":{"start":{"line":15,"column":6},"end":{"line":16,"column":123}},"13":{"start":{"line":16,"column":8},"end":{"line":16,"column":123}},"14":{"start":{"line":16,"column":40},"end":{"line":16,"column":49}},"15":{"start":{"line":18,"column":2},"end":{"line":18,"column":12}},"16":{"start":{"line":20,"column":14},"end":{"line":27,"column":2}},"17":{"start":{"line":20,"column":44},"end":{"line":27,"column":1}},"18":{"start":{"line":28,"column":19},"end":{"line":28,"column":90}},"19":{"start":{"line":28,"column":28},"end":{"line":28,"column":90}},"20":{"start":{"line":29,"column":23},"end":{"line":29,"column":25}},"21":{"start":{"line":30,"column":0},"end":{"line":42,"column":3}},"22":{"start":{"line":31,"column":24},"end":{"line":31,"column":47}},"23":{"start":{"line":32,"column":22},"end":{"line":32,"column":54}},"24":{"start":{"line":33,"column":27},"end":{"line":33,"column":69}},"25":{"start":{"line":34,"column":16},"end":{"line":34,"column":36}},"26":{"start":{"line":35,"column":28},"end":{"line":35,"column":72}},"27":{"start":{"line":36,"column":28},"end":{"line":36,"column":72}},"28":{"start":{"line":37,"column":24},"end":{"line":37,"column":58}},"29":{"start":{"line":38,"column":21},"end":{"line":38,"column":51}},"30":{"start":{"line":39,"column":18},"end":{"line":39,"column":42}},"31":{"start":{"line":40,"column":21},"end":{"line":40,"column":51}},"32":{"start":{"line":41,"column":33},"end":{"line":41,"column":87}},"33":{"start":{"line":43,"column":0},"end":{"line":43,"column":48}},"34":{"start":{"line":44,"column":22},"end":{"line":44,"column":63}},"35":{"start":{"line":45,"column":20},"end":{"line":45,"column":45}},"36":{"start":{"line":46,"column":22},"end":{"line":46,"column":49}},"37":{"start":{"line":47,"column":25},"end":{"line":47,"column":55}},"38":{"start":{"line":48,"column":32},"end":{"line":48,"column":69}},"39":{"start":{"line":49,"column":32},"end":{"line":49,"column":69}},"40":{"start":{"line":50,"column":26},"end":{"line":50,"column":57}},"41":{"start":{"line":51,"column":25},"end":{"line":51,"column":55}},"42":{"start":{"line":52,"column":37},"end":{"line":52,"column":79}},"43":{"start":{"line":53,"column":26},"end":{"line":53,"column":59}},"44":{"start":{"line":54,"column":31},"end":{"line":54,"column":69}}},"fnMap":{"0":{"name":"(anonymous_0)","decl":{"start":{"line":8,"column":15},"end":{"line":8,"column":16}},"loc":{"start":{"line":8,"column":32},"end":{"line":11,"column":1}},"line":8},"1":{"name":"(anonymous_1)","decl":{"start":{"line":12,"column":18},"end":{"line":12,"column":19}},"loc":{"start":{"line":12,"column":46},"end":{"line":19,"column":1}},"line":12},"2":{"name":"(anonymous_2)","decl":{"start":{"line":16,"column":34},"end":{"line":16,"column":35}},"loc":{"start":{"line":16,"column":40},"end":{"line":16,"column":49}},"line":16},"3":{"name":"(anonymous_3)","decl":{"start":{"line":20,"column":14},"end":{"line":20,"column":15}},"loc":{"start":{"line":20,"column":44},"end":{"line":27,"column":1}},"line":20},"4":{"name":"(anonymous_4)","decl":{"start":{"line":28,"column":19},"end":{"line":28,"column":20}},"loc":{"start":{"line":28,"column":28},"end":{"line":28,"column":90}},"line":28},"5":{"name":"(anonymous_5)","decl":{"start":{"line":31,"column":18},"end":{"line":31,"column":19}},"loc":{"start":{"line":31,"column":24},"end":{"line":31,"column":47}},"line":31},"6":{"name":"(anonymous_6)","decl":{"start":{"line":32,"column":16},"end":{"line":32,"column":17}},"loc":{"start":{"line":32,"column":22},"end":{"line":32,"column":54}},"line":32},"7":{"name":"(anonymous_7)","decl":{"start":{"line":33,"column":21},"end":{"line":33,"column":22}},"loc":{"start":{"line":33,"column":27},"end":{"line":33,"column":69}},"line":33},"8":{"name":"(anonymous_8)","decl":{"start":{"line":34,"column":10},"end":{"line":34,"column":11}},"loc":{"start":{"line":34,"column":16},"end":{"line":34,"column":36}},"line":34},"9":{"name":"(anonymous_9)","decl":{"start":{"line":35,"column":22},"end":{"line":35,"column":23}},"loc":{"start":{"line":35,"column":28},"end":{"line":35,"column":72}},"line":35},"10":{"name":"(anonymous_10)","decl":{"start":{"line":36,"column":22},"end":{"line":36,"column":23}},"loc":{"start":{"line":36,"column":28},"end":{"line":36,"column":72}},"line":36},"11":{"name":"(anonymous_11)","decl":{"start":{"line":37,"column":18},"end":{"line":37,"column":19}},"loc":{"start":{"line":37,"column":24},"end":{"line":37,"column":58}},"line":37},"12":{"name":"(anonymous_12)","decl":{"start":{"line":38,"column":15},"end":{"line":38,"column":16}},"loc":{"start":{"line":38,"column":21},"end":{"line":38,"column":51}},"line":38},"13":{"name":"(anonymous_13)","decl":{"start":{"line":39,"column":12},"end":{"line":39,"column":13}},"loc":{"start":{"line":39,"column":18},"end":{"line":39,"column":42}},"line":39},"14":{"name":"(anonymous_14)","decl":{"start":{"line":40,"column":15},"end":{"line":40,"column":16}},"loc":{"start":{"line":40,"column":21},"end":{"line":40,"column":51}},"line":40},"15":{"name":"(anonymous_15)","decl":{"start":{"line":41,"column":27},"end":{"line":41,"column":28}},"loc":{"start":{"line":41,"column":33},"end":{"line":41,"column":87}},"line":41}},"branchMap":{"0":{"loc":{"start":{"line":13,"column":2},"end":{"line":17,"column":3}},"type"
[...]
d":{"line":14,"column":49}},"line":14},"3":{"name":"(anonymous_3)","decl":{"start":{"line":18,"column":19},"end":{"line":18,"column":20}},"loc":{"start":{"line":18,"column":28},"end":{"line":18,"column":90}},"line":18},"4":{"name":"(anonymous_4)","decl":{"start":{"line":21,"column":13},"end":{"line":21,"column":14}},"loc":{"start":{"line":21,"column":19},"end":{"line":21,"column":28}},"line":21},"5":{"name":"tryInvoke","decl":{"start":{"line":24,"column":9},"end":{"line":24,"column":18}},"loc":{"start":{"line":24,"column":26},"end":{"line":30,"column":1}},"line":24}},"branchMap":{"0":{"loc":{"start":{"line":11,"column":2},"end":{"line":15,"column":3}},"type":"if","locations":[{"start":{"line":11,"column":2},"end":{"line":15,"column":3}},{"start":{},"end":{}}],"line":11},"1":{"loc":{"start":{"line":11,"column":6},"end":{"line":11,"column":68}},"type":"binary-expr","locations":[{"start":{"line":11,"column":6},"end":{"line":11,"column":10}},{"start":{"line":11,"column":14},"end":{"line":11,"column":38}},{"start":{"line":11,"column":42},"end":{"line":11,"column":68}}],"line":11},"2":{"loc":{"start":{"line":13,"column":6},"end":{"line":14,"column":123}},"type":"if","locations":[{"start":{"line":13,"column":6},"end":{"line":14,"column":123}},{"start":{},"end":{}}],"line":13},"3":{"loc":{"start":{"line":13,"column":10},"end":{"line":13,"column":55}},"type":"binary-expr","locations":[{"start":{"line":13,"column":10},"end":{"line":13,"column":37}},{"start":{"line":13,"column":41},"end":{"line":13,"column":55}}],"line":13},"4":{"loc":{"start":{"line":14,"column":63},"end":{"line":14,"column":119}},"type":"binary-expr","locations":[{"start":{"line":14,"column":63},"end":{"line":14,"column":100}},{"start":{"line":14,"column":104},"end":{"line":14,"column":119}}],"line":14},"5":{"loc":{"start":{"line":25,"column":2},"end":{"line":28,"column":3}},"type":"if","locations":[{"start":{"line":25,"column":2},"end":{"line":28,"column":3}},{"start":{},"end":{}}],"line":25}},"s":{"0":1,"1":1,"2":1,"3":1,"4":1,"5":1,"6":1,"7":1,"8":1,"9":1,"10":1,"11":1,"12":9,"13":1,"14":1,"15":1,"16":1,"17":1,"18":9,"19":1,"20":6,"21":3,"22":3,"23":3},"f":{"0":1,"1":1,"2":9,"3":1,"4":9,"5":6},"b":{"0":[1,0],"1":[1,1,0],"2":[1,0],"3":[1,1],"4":[1,1],"5":[3,3]},"_coverageSchema":"1a1c01bbd47fc00a2c39e90264f33305004495a9","hash":"e41484270ad812a51cf1acb21af4d0f345bb98ec"}
,"D:\\projects\\TypeScript-Babel-Starter-master\\dist\\lib\\utils\\useHookId.js": {"path":"D:\\projects\\TypeScript-Babel-Starter-master\\dist\\lib\\utils\\useHookId.js","statementMap":{"0":{"start":{"line":2,"column":16},"end":{"line":2,"column":37}},"1":{"start":{"line":3,"column":23},"end":{"line":3,"column":54}},"2":{"start":{"line":4,"column":24},"end":{"line":4,"column":50}},"3":{"start":{"line":5,"column":19},"end":{"line":5,"column":50}},"4":{"start":{"line":6,"column":15},"end":{"line":9,"column":1}},"5":{"start":{"line":7,"column":2},"end":{"line":8,"column":66}},"6":{"start":{"line":8,"column":4},"end":{"line":8,"column":66}},"7":{"start":{"line":10,"column":18},"end":{"line":17,"column":1}},"8":{"start":{"line":11,"column":2},"end":{"line":15,"column":3}},"9":{"start":{"line":12,"column":4},"end":{"line":14,"column":123}},"10":{"start":{"line":13,"column":6},"end":{"line":14,"column":123}},"11":{"start":{"line":14,"column":8},"end":{"line":14,"column":123}},"12":{"start":{"line":14,"column":40},"end":{"line":14,"column":49}},"13":{"start":{"line":16,"column":2},"end":{"line":16,"column":12}},"14":{"start":{"line":18,"column":19},"end":{"line":18,"column":90}},"15":{"start":{"line":18,"column":28},"end":{"line":18,"column":90}},"16":{"start":{"line":19,"column":24},"end":{"line":19,"column":26}},"17":{"start":{"line":20,"column":0},"end":{"line":22,"column":3}},"18":{"start":{"line":21,"column":19},"end":{"line":21,"column":28}},"19":{"start":{"line":23,"column":0},"end":{"line":23,"column":49}},"20":{"start":{"line":24,"column":19},"end":{"line":24,"column":35}},"21":{"start":{"line":25,"column":23},"end":{"line":25,"column":45}},"22":{"start":{"line":27,"column":2},"end":{"line":29,"column":9}},"23":{"start":{"line":28,"column":4},"end":{"line":28,"column":71}}},"fnMap":{"0":{"name":"(anonymous_0)","decl":{"start":{"line":6,"column":15},"end":{"line":6,"column":16}},"loc":{"start":{"line":6,"column":32},"end":{"line":9,"column":1}},"line":6},"1":{"name":"(anonymous_1)","decl":{"start":{"line":10,"column":18},"end":{"line":10,"column":19}},"loc":{"start":{"line":10,"column":46},"end":{"line":17,"column":1}},"line":10},"2":{"name":"(anonymous_2)","decl":{"start":{"line":14,"column":34},"end":{"line":14,"column":35}},"loc":{"start":{"line":14,"column":40},"end":{"line":14,"column":49}},"line":14},"3":{"name":"(anonymous_3)","decl":{"start":{"line":18,"column":19},"end":{"line":18,"column":20}},"loc":{"start":{"line":18,"column":28},"end":{"line":18,"column":90}},"line":18},"4":{"name":"(anonymous_4)","decl":{"start":{"line":21,"column":13},"end":{"line":21,"column":14}},"loc":{"start":{"line":21,"column":19},"end":{"line":21,"column":28}},"line":21},"5":{"name":"useHookId","decl":{"start":{"line":26,"column":9},"end":{"line":26,"column":18}},"loc":{"start":{"line":26,"column":21},"end":{"line":30,"column":1}},"line":26},"6":{"name":"(anonymous_6)","decl":{"start":{"line":27,"column":35},"end":{"line":27,"column":36}},"loc":{"start":{"line":27,"column":41},"end":{"line":29,"column":3}},"line":27}},"branchMap":{"0":{"loc":{"start":{"line":11,"column":2},"end":{"line":15,"column":3}},"type":"if","locations":[{"start":{"line":11,"column":2},"end":{"line":15,"column":3}},{"start":{},"end":{}}],"line":11},"1":{"loc":{"start":{"line":11,"column":6},"end":{"line":11,"column":68}},"type":"binary-expr","locations":[{"start":{"line":11,"column":6},"end":{"line":11,"column":10}},{"start":{"line":11,"column":14},"end":{"line":11,"column":38}},{"start":{"line":11,"column":42},"end":{"line":11,"column":68}}],"line":11},"2":{"loc":{"start":{"line":13,"column":6},"end":{"line":14,"column":123}},"type":"if","locations":[{"start":{"line":13,"column":6},"end":{"line":14,"column":123}},{"start":{},"end":{}}],"line":13},"3":{"loc":{"start":{"line":13,"column":10},"end":{"line":13,"column":55}},"type":"binary-expr","locations":[{"start":{"line":13,"column":10},"end":{"line":13,"column":37}},{"start":{"line":13,"column":41},"end":{"line":13,"column":55}}],"line":13},"4":{"loc":{"start":{"line":14,"column":63},"end":{"line":14,"column":119}},"type":"binary-expr","locations":[{"start":{"line":14,"column":63},"end":{"line":14,"column":100}},{"start":{"line":14,"column":104},"end":{"line":14,"column":119}}],"line":14},"5":{"loc":{"start":{"line":28,"column":11},"end":{"line":28,"column":70}},"type":"cond-expr","locations":[{"start":{"line":28,"column":18},"end":{"line":28,"column":51}},{"start":{"line":28,"column":54},"end":{"line":28,"column":70}}],"line":28}},"s":{"0":1,"1":1,"2":1,"3":1,"4":1,"5":1,"6":1,"7":1,"8":1,"9":1,"10":1,"11":1,"12":31,"13":1,"14":1,"15":1,"16":1,"17":1,"18":31,"19":1,"20":1,"21":1,"22":31,"23":4},"f":{"0":1,"1":1,"2":31,"3":1,"4":31,"5":31,"6":4},"b":{"0":[1,0],"1":[1,1,0],"2":[1,0],"3":[1,1],"4":[1,1],"5":[4,0]},"_coverageSchema":"1a1c01bbd47fc00a2c39e90264f33305004495a9","hash":"baaddd230cf5d8db62011bb9bdfc33bc97327471"}
,"D:\\projects\\TypeScript-Babel-Starter-master\\dist\\lib\\utils\\useUniqueElementRef.js": {"path":"D:\\projects\\TypeScript-Babel-Starter-master\\dist\\lib\\utils\\useUniqueElementRef.js","statementMap":{"0":{"start":{"line":2,"column":16},"end":{"line":2,"column":37}},"1":{"start":{"line":3,"column":23},"end":{"line":3,"column":54}},"2":{"start":{"line":4,"column":24},"end":{"line":4,"column":50}},"3":{"start":{"line":5,"column":19},"end":{"line":5,"column":50}},"4":{"start":{"line":6,"column":15},"end":{"line":9,"column":1}},"5":{"start":{"line":7,"column":2},"end":{"line":8,"column":66}},"6":{"start":{"line":8,"column":4},"end":{"line":8,"column":66}},"7":{"start":{"line":10,"column":18},"end":{"line":17,"column":1}},"8":{"start":{"line":11,"column":2},"end":{"line":15,"column":3}},"9":{"start":{"line":12,"column":4},"end":{"line":14,"column":123}},"10":{"start":{"line":13,"column":6},"end":{"line":14,"column":123}},"11":{"start":{"line":14,"column":8},"end":{"line":14,"column":123}},"12":{"start":{"line":14,"column":40},"end":{"line":14,"column":49}},"13":{"start":{"line":16,"column":2},"end":{"line":16,"column":12}},"14":{"start":{"line":18,"column":19},"end":{"line":18,"column":90}},"15":{"start":{"line":18,"column":28},"end":{"line":18,"column":90}},"16":{"start":{"line":19,"column":34},"end":{"line":19,"column":36}},"17":{"start":{"line":20,"column":0},"end":{"line":22,"column":3}},"18":{"start":{"line":21,"column":29},"end":{"line":21,"column":48}},"19":{"start":{"line":23,"column":0},"end":{"line":23,"column":59}},"20":{"start":{"line":24,"column":19},"end":{"line":24,"column":35}},"21":{"start":{"line":25,"column":32},"end":{"line":25,"column":63}},"22":{"start":{"line":27,"column":16},"end":{"line":27,"column":46}},"23":{"start":{"line":28,"column":2},"end":{"line":35,"column":15}},"24":{"start":{"line":29,"column":4},"end":{"line":31,"column":5}},"25":{"start":{"line":30,"column":6},"end":{"line":30,"column":25}},"26":{"start":{"line":32,"column":4},"end":{"line":34,"column":6}},"27":{"start":{"line":33,"column":6},"end":{"line":33,"column":71}},"28":{"start":{"line":36,"column":2},"end":{"line":36,"column":48}}},"fnMap":{"0":{"name":"(anonymous_0)","decl":{"start":{"line":6,"column":15},"end":{"line":6,"column":16}},"loc":{"start":{"line":6,"column":32},"end":{"line":9,"column":1}},"line":6},"1":{"name":"(anonymous_1)","decl":{"start":{"line":10,"column":18},"end":{"line":10,"column":19}},"loc":{"start":{"line":10,"column":46},"end":{"line":17,"column":1}},"line":10},"2":{"name":"(anonymous_2)","decl":{"start":{"line":14,"column":34},"end":{"line":14,"column":35}},"loc":{"start":{"line":14,"column":40},"end":{"line":14,"column":49}},"line":14},"3":{"name":"(anonymous_3)","decl":{"start":{"line":18,"column":19},"end":{"line":18,"column":20}},"loc":{"start":{"line":18,"column":28},"end":{"line":18,"column":90}},"line":18},"4":{"name":"(anonymous_4)","decl":{"start":{"line":21,"column":23},"end":{"line":21,"column":24}},"loc":{"start":{"line":21,"column":29},"end":{"line":21,"column":48}},"line":21},"5":{"name":"useUniqueElementRef","decl":{"start":{"line":26,"column":9},"end":{"line":26,"column":28}},"loc":{"start":{"line":26,"column":37},"end":{"line":37,"column":1}},"line":26},"6":{"name":"(anonymous_6)","decl":{"start":{"line":28,"column":30},"end":{"line":28,"column":31}},"loc":{"start":{"line":28,"column":36},"end":{"line":35,"column":3}},"line":28},"7":{"name":"(anonymous_7)","decl":{"start":{"line":32,"column":11},"end":{"line":32,"column":12}},"loc":{"start":{"line":32,"column":17},"end":{"line":34,"column":5}},"line":32}},"branchMap":{"0":{"loc":{"start":{"line":11,"column":2},"end":{"line":15,"column":3}},"type":"if","locations":[{"start":{"line":11,"column":2},"end":{"line":15,"column":3}},{"start":{},"end":{}}],"line":11},"1":{"loc":{"start":{"line":11,"column":6},"end":{"line":11,"column":68}},"type":"binary-expr","locations":[{"start":{"line":11,"column":6},"end":{"line":11,"column":10}},{"start":{"line":11,"column":14},"end":{"line":11,"column":38}},{"start":{"line":11,"column":42},"end":{"line":11,"column":68}}],"line":11},"2":{"loc":{"start":{"line":13,"column":6},"end":{"line":14,"column":123}},"type":"if","locations":[{"start":{"line":13,"column":6},"end":{"line":14,"column":123}},{"start":{},"end":{}}],"line":13},"3":{"loc":{"start":{"line":13,"column":10},"end":{"line":13,"column":55}},"type":"binary-expr","locations":[{"start":{"line":13,"column":10},"end":{"line":13,"column":37}},{"start":{"line":13,"column":41},"end":{"line":13,"column":55}}],"line":13},"4":{"loc":{"start":{"line":14,"column":63},"end":{"line":14,"column":119}},"type":"binary-expr","locations":[{"start":{"line":14,"column":63},"end":{"line":14,"column":100}},{"start":{"line":14,"column":104},"end":{"line":14,"column":119}}],"line":14},"5":{"loc":{"start":{"line":29,"column":4},"end":{"line":31,"column":5}},"type":"if","locations":[{"start":{"line":29,"column":4},"end":{"line":31,"column":5}},{"start":{},"end":{}}],"line":29},"6":{"loc":{"start":{"line":36,"column":9},"end":{"line":36,"column":47}},"type":"cond-expr","locations":[{"start":{"line":36,"column":33},"end":{"line":36,"column":38}},{"start":{"line":36,"column":41},"end":{"line":36,"column":47}}],"line":36}},"s":{"0":1,"1":1,"2":1,"3":1,"4":1,"5":1,"6":1,"7":1,"8":1,"9":1,"10":1,"11":1,"12":48,"13":1,"14":1,"15":1,"16":1,"17":1,"18":48,"19":1,"20":1,"21":1,"22":48,"23":48,"24":6,"25":0,"26":6,"27":6,"28":48},"f":{"0":1,"1":1,"2":48,"3":1,"4":48,"5":48,"6":6,"7":6},"b":{"0":[1,0],"1":[1,1,0],"2":[1,0],"3":[1,1],"4":[1,1],"5":[0,6],"6":[0,48]},"_coverageSchema":"1a1c01bbd47fc00a2c39e90264f33305004495a9","hash":"4cfac9545de417204da86b09f64717ab73d623de"}
,"D:\\projects\\TypeScript-Babel-Starter-master\\web-server-dev\\examples\\example-getApi.tsx": {"path":"D:\\projects\\TypeScript-Babel-Starter-master\\web-server-dev\\examples\\example-getApi.tsx","statementMap":{"0":{"start":{"line":9,"column":34},"end":{"line":9,"column":46}},"1":{"start":{"line":10,"column":26},"end":{"line":10,"column":41}},"2":{"start":{"line":11,"column":4},"end":{"line":17,"column":7}},"3":{"start":{"line":12,"column":8},"end":{"line":16,"column":9}},"4":{"start":{"line":13,"column":12},"end":{"line":13,"column":34}},"5":{"start":{"line":15,"column":12},"end":{"line":15,"column":27}},"6":{"start":{"line":20,"column":4},"end":{"line":24,"column":7}},"7":{"start":{"line":22,"column":12},"end":{"line":22,"column":39}},"8":{"start":{"line":26,"column":15},"end":{"line":26,"column":45}},"9":{"start":{"line":30,"column":4},"end":{"line":32,"column":7}},"10":{"start":{"line":31,"column":8},"end":{"line":31,"column":34}},"11":{"start":{"line":31,"column":21},"end":{"line":31,"column":33}},"12":{"start":{"line":34,"column":18},"end":{"line":34,"column":43}},"13":{"start":{"line":38,"column":4},"end":{"line":69,"column":10}},"14":{"start":{"line":48,"column":16},"end":{"line":48,"column":59}},"15":{"start":{"line":52,"column":16},"end":{"line":52,"column":34}},"16":{"start":{"line":63,"column":16},"end":{"line":63,"column":81}},"17":{"start":{"line":76,"column":26},"end":{"line":76,"column":41}},"18":{"start":{"line":77,"column":34},"end":{"line":77,"column":46}},"19":{"start":{"line":79,"column":4},"end":{"line":83,"column":7}},"20":{"start":{"line":81,"column":12},"end":{"line":81,"column":39}},"21":{"start":{"line":85,"column":4},"end":{"line":90,"column":7}},"22":{"start":{"line":86,"column":8},"end":{"line":89,"column":9}},"23":{"start":{"line":87,"column":12},"end":{"line":87,"column":43}},"24":{"start":{"line":88,"column":12},"end":{"line":88,"column":38}},"25":{"start":{"line":92,"column":4},"end":{"line":97,"column":7}},"26":{"start":{"line":93,"column":8},"end":{"line":96,"column":9}},"27":{"start":{"line":94,"column":12},"end":{"line":94,"column":47}},"28":{"start":{"line":95,"column":12},"end":{"line":95,"column":25}},"29":{"start":{"line":99,"column":26},"end":{"line":99,"column":46}},"30":{"start":{"line":102,"column":4},"end":{"line":121,"column":10}},"31":{"start":{"line":111,"column":12},"end":{"line":113,"column":15}},"32":{"start":{"line":112,"column":16},"end":{"line":112,"column":31}},"33":{"start":{"line":117,"column":12},"end":{"line":117,"column":55}},"34":{"start":{"line":125,"column":19},"end":{"line":130,"column":3}},"35":{"start":{"line":132,"column":21},"end":{"line":132,"column":47}}},"fnMap":{"0":{"name":"ExampleGetApi","decl":{"start":{"line":7,"column":24},"end":{"line":7,"column":37}},"loc":{"start":{"line":7,"column":40},"end":{"line":70,"column":1}},"line":7},"1":{"name":"(anonymous_1)","decl":{"start":{"line":11,"column":38},"end":{"line":11,"column":39}},"loc":{"start":{"line":11,"column":44},"end":{"line":17,"column":5}},"line":11},"2":{"name":"(anonymous_2)","decl":{"start":{"line":12,"column":15},"end":{"line":12,"column":16}},"loc":{"start":{"line":12,"column":21},"end":{"line":16,"column":9}},"line":12},"3":{"name":"(anonymous_3)","decl":{"start":{"line":21,"column":16},"end":{"line":21,"column":17}},"loc":{"start":{"line":21,"column":25},"end":{"line":23,"column":9}},"line":21},"4":{"name":"(anonymous_4)","decl":{"start":{"line":30,"column":35},"end":{"line":30,"column":36}},"loc":{"start":{"line":30,"column":41},"end":{"line":32,"column":5}},"line":30},"5":{"name":"(anonymous_5)","decl":{"start":{"line":31,"column":15},"end":{"line":31,"column":16}},"loc":{"start":{"line":31,"column":21},"end":{"line":31,"column":33}},"line":31},"6":{"name":"(anonymous_6)","decl":{"start":{"line":47,"column":64},"end":{"line":47,"column":65}},"loc":{"start":{"line":47,"column":70},"end":{"line":49,"column":13}},"line":47},"7":{"name":"(anonymous_7)","decl":{"start":{"line":51,"column":69},"end":{"line":51,"column":70}},"loc":{"start":{"line":51,"column":75},"end":{"line":53,"column":13}},"line":51},"8":{"name":"(anonymous_8)","decl":{"start":{"line":62,"column":70},"end":{"line":62,"column":71}},"loc":{"start":{"line":62,"column":76},"end":{"line":64,"column":13}},"line":62},"9":{"name":"IkunComponent","decl":{"start":{"line":74,"column":9},"end":{"line":74,"column":22}},"loc":{"start":{"line":74,"column":44},"end":{"line":122,"column":1}},"line":74},"10":{"name":"(anonymous_10)","decl":{"start":{"line":80,"column":16},"end":{"line":80,"column":17}},"loc":{"start":{"line":80,"column":25},"end":{"line":82,"column":9}},"line":80},"11":{"name":"(anonymous_11)","decl":{"start":{"line":85,"column":38},"end":{"line":85,"column":39}},"loc":{"start":{"line":85,"column":44},"end":{"line":90,"column":5}},"line":85},"12":{"name":"(anonymous_12)","decl":{"start":{"line":86,"column":15},"end":{"line":86,"column":16}},"loc":{"start":{"line":86,"column":21},"end":{"line":89,"column":9}},"line":86},"13":{"name":"(anonymous_13)","decl":{"start":{"line":92,"column":35},"end":{"line":92,"column":36}},"loc":{"start":{"line":92,"column":41},"end":{"line":97,"column":5}},"line":92},"14":{"name":"(anonymous_14)","decl":{"start":{"line":93,"column":15},"end":{"line":93,"column":16}},"loc":{"start":{"line":93,"column":21},"end":{"line":96,"column":9}},"line":93},"15":{"name":"(anonymous_15)","decl":{"start":{"line":110,"column":65},"end":{"line":110,"column":66}},"loc":{"start":{"line":110,"column":71},"end":{"line":114,"column":9}},"line":110},"16":{"name":"(anonymous_16)","decl":{"start":{"line":111,"column":36},"end":{"line":111,"column":37}},"loc":{"start":{"line":111,"column":45},"end":{"line":113,"column":13}},"line":111},"17":{"name":"(anonymous_17)","decl":{"start":{"line":116,"column":72},"end":{"line":116,"column":73}},"loc":{"start":{"line":116,"column":78},"end":{"line":118,"column":9}},"line":116}},"branchMap":{"0":{"loc":{"start":{"line":57,"column":52},"end":{"line":57,"column":72}},"type":"cond-expr","locations":[{"start":{"line":57,"column":58},"end":{"line":57,"column":67}},{"start":{"line":57,"column":70},"end":{"line":57,"column":72}}],"line":57},"1":{"loc":{"start":{"line":108,"column":53},"end":{"line":108,"column":73}},"type":"cond-expr","locations":[{"start":{"line":108,"column":59},"end":{"line":108,"column":68}},{"start":{"line":108,"column":71},"end":{"line":108,"column":73}}],"line":108}},"s":{"0":8,"1":7,"2":7,"3":7,"4":1,"5":1,"6":7,"7":1,"8":7,"9":7,"10":7,"11":5,"12":7,"13":7,"14":1,"15":1,"16":1,"17":18,"18":17,"19":17,"20":2,"21":17,"22":17,"23":2,"24":2,"25":17,"26":17,"27":3,"28":3,"29":17,"30":17,"31":2,"32":2,"33":3,"34":1,"35":1},"f":{"0":8,"1":7,"2":1,"3":1,"4":7,"5":5,"6":1,"7":1,"8":1,"9":18,"10":2,"11":17,"12":2,"13":17,"14":3,"15":2,"16":2,"17":3},"b":{"0":[3,4],"1":[6,11]},"_coverageSchema":"1a1c01bbd47fc00a2c39e90264f33305004495a9","hash":"40941030171a4eeb819f5e550c7aa3332fe25133"}
}
