{"/Applications/react-awesome-api-bridge-master/dist/bridge.js": {"path":"/Applications/react-awesome-api-bridge-master/dist/bridge.js","statementMap":{"0":{"start":{"line":9,"column":0},"end":{"line":150,"column":3}},"1":{"start":{"line":10,"column":1},"end":{"line":17,"column":45}},"2":{"start":{"line":11,"column":2},"end":{"line":11,"column":45}},"3":{"start":{"line":12,"column":6},"end":{"line":17,"column":45}},"4":{"start":{"line":13,"column":2},"end":{"line":13,"column":42}},"5":{"start":{"line":14,"column":6},"end":{"line":17,"column":45}},"6":{"start":{"line":15,"column":2},"end":{"line":15,"column":51}},"7":{"start":{"line":17,"column":2},"end":{"line":17,"column":45}},"8":{"start":{"line":19,"column":0},"end":{"line":149,"column":1}},"9":{"start":{"line":21,"column":37},"end":{"line":73,"column":11}},"10":{"start":{"line":29,"column":0},"end":{"line":29,"column":57886}},"11":{"start":{"line":39,"column":0},"end":{"line":39,"column":5766}},"12":{"start":{"line":49,"column":0},"end":{"line":49,"column":110737}},"13":{"start":{"line":59,"column":0},"end":{"line":59,"column":1023}},"14":{"start":{"line":69,"column":0},"end":{"line":69,"column":51}},"15":{"start":{"line":76,"column":41},"end":{"line":76,"column":43}},"16":{"start":{"line":81,"column":30},"end":{"line":81,"column":64}},"17":{"start":{"line":82,"column":11},"end":{"line":84,"column":12}},"18":{"start":{"line":83,"column":12},"end":{"line":83,"column":40}},"19":{"start":{"line":86,"column":24},"end":{"line":90,"column":12}},"20":{"start":{"line":93,"column":11},"end":{"line":93,"column":86}},"21":{"start":{"line":96,"column":11},"end":{"line":96,"column":33}},"22":{"start":{"line":101,"column":10},"end":{"line":110,"column":15}},"23":{"start":{"line":103,"column":11},"end":{"line":109,"column":13}},"24":{"start":{"line":104,"column":25},"end":{"line":106,"column":27}},"25":{"start":{"line":105,"column":20},"end":{"line":105,"column":37}},"26":{"start":{"line":106,"column":20},"end":{"line":106,"column":26}},"27":{"start":{"line":107,"column":12},"end":{"line":107,"column":57}},"28":{"start":{"line":108,"column":12},"end":{"line":108,"column":26}},"29":{"start":{"line":113,"column":10},"end":{"line":122,"column":15}},"30":{"start":{"line":115,"column":11},"end":{"line":121,"column":13}},"31":{"start":{"line":116,"column":12},"end":{"line":120,"column":13}},"32":{"start":{"line":117,"column":13},"end":{"line":119,"column":14}},"33":{"start":{"line":118,"column":14},"end":{"line":118,"column":94}},"34":{"start":{"line":125,"column":10},"end":{"line":127,"column":15}},"35":{"start":{"line":126,"column":11},"end":{"line":126,"column":99}},"36":{"start":{"line":126,"column":51},"end":{"line":126,"column":98}},"37":{"start":{"line":130,"column":10},"end":{"line":138,"column":15}},"38":{"start":{"line":132,"column":11},"end":{"line":137,"column":13}},"39":{"start":{"line":133,"column":12},"end":{"line":135,"column":13}},"40":{"start":{"line":134,"column":13},"end":{"line":134,"column":85}},"41":{"start":{"line":136,"column":12},"end":{"line":136,"column":74}},"42":{"start":{"line":145,"column":36},"end":{"line":145,"column":76}},"43":{"start":{"line":147,"column":10},"end":{"line":147,"column":37}}},"fnMap":{"0":{"name":"webpackUniversalModuleDefinition","decl":{"start":{"line":9,"column":10},"end":{"line":9,"column":42}},"loc":{"start":{"line":9,"column":58},"end":{"line":18,"column":1}},"line":9},"1":{"name":"(anonymous_1)","decl":{"start":{"line":18,"column":9},"end":{"line":18,"column":10}},"loc":{"start":{"line":18,"column":48},"end":{"line":150,"column":1}},"line":18},"2":{"name":"(anonymous_2)","decl":{"start":{"line":19,"column":17},"end":{"line":19,"column":18}},"loc":{"start":{"line":19,"column":23},"end":{"line":148,"column":10}},"line":19},"3":{"name":"(anonymous_3)","decl":{"start":{"line":27,"column":7},"end":{"line":27,"column":8}},"loc":{"start":{"line":27,"column":78},"end":{"line":31,"column":7}},"line":27},"4":{"name":"(anonymous_4)","decl":{"start":{"line":37,"column":7},"end":{"line":37,"column":8}},"loc":{"start":{"line":37,"column":78},"end":{"line":41,"column":7}},"line":37},"5":{"name":"(anonymous_5)","decl":{"start":{"line":47,"column":7},"end":{"line":47,"column":8}},"loc":{"start":{"line":47,"column":66},"end":{"line":51,"column":7}},"line":47},"6":{"name":"(anonymous_6)","decl":{"start":{"line":57,"column":7},"end":{"line":57,"column":8}},"loc":{"start":{"line":57,"column":66},"end":{"line":61,"column":7}},"line":57},"7":{"name":"(anonymous_7)","decl":{"start":{"line":67,"column":7},"end":{"line":67,"column":8}},"loc":{"start":{"line":67,"column":19},"end":{"line":71,"column":7}},"line":67},"8":{"name":"__webpack_require__","decl":{"start":{"line":79,"column":19},"end":{"line":79,"column":38}},"loc":{"start":{"line":79,"column":49},"end":{"line":97,"column":11}},"line":79},"9":{"name":"(anonymous_9)","decl":{"start":{"line":101,"column":11},"end":{"line":101,"column":12}},"loc":{"start":{"line":101,"column":17},"end":{"line":110,"column":11}},"line":101},"10":{"name":"(anonymous_10)","decl":{"start":{"line":103,"column":35},"end":{"line":103,"column":36}},"loc":{"start":{"line":103,"column":47},"end":{"line":109,"column":12}},"line":103},"11":{"name":"(anonymous_11)","decl":{"start":{"line":105,"column":13},"end":{"line":105,"column":14}},"loc":{"start":{"line":105,"column":20},"end":{"line":105,"column":37}},"line":105},"12":{"name":"(anonymous_12)","decl":{"start":{"line":106,"column":13},"end":{"line":106,"column":14}},"loc":{"start":{"line":106,"column":20},"end":{"line":106,"column":26}},"line":106},"13":{"name":"(anonymous_13)","decl":{"start":{"line":113,"column":11},"end":{"line":113,"column":12}},"loc":{"start":{"line":113,"column":17},"end":{"line":122,"column":11}},"line":113},"14":{"name":"(anonymous_14)","decl":{"start":{"line":115,"column":35},"end":{"line":115,"column":36}},"loc":{"start":{"line":115,"column":60},"end":{"line":121,"column":12}},"line":115},"15":{"name":"(anonymous_15)","decl":{"start":{"line":125,"column":11},"end":{"line":125,"column":12}},"loc":{"start":{"line":125,"column":17},"end":{"line":127,"column":11}},"line":125},"16":{"name":"(anonymous_16)","decl":{"start":{"line":126,"column":35},"end":{"line":126,"column":36}},"loc":{"start":{"line":126,"column":51},"end":{"line":126,"column":98}},"line":126},"17":{"name":"(anonymous_17)","decl":{"start":{"line":130,"column":11},"end":{"line":130,"column":12}},"loc":{"start":{"line":130,"column":17},"end":{"line":138,"column":11}},"line":130},"18":{"name":"(anonymous_18)","decl":{"start":{"line":132,"column":35},"end":{"line":132,"column":36}},"loc":{"start":{"line":132,"column":48},"end":{"line":137,"column":12}},"line":132}},"branchMap":{"0":{"loc":{"start":{"line":10,"column":1},"end":{"line":17,"column":45}},"type":"if","locations":[{"start":{"line":10,"column":1},"end":{"line":17,"column":45}},{"start":{"line":12,"column":6},"end":{"line":17,"column":45}}],"line":10},"1":{"loc":{"start":{"line":10,"column":4},"end":{"line":10,"column":61}},"type":"binary-expr","locations":[{"start":{"line":10,"column":4},"end":{"line":10,"column":31}},{"start":{"line":10,"column":35},"end":{"line":10,"column":61}}],"line":10},"2":{"loc":{"start":{"line":12,"column":6},"end":{"line":17,"column":45}},"type":"if","locations":[{"start":{"line":12,"column":6},"end":{"line":17,"column":45}},{"start":{"line":14,"column":6},"end":{"line":17,"column":45}}],"line":12},"3":{"loc":{"start":{"line":12,"column":9},"end":{"line":12,"column":51}},"type":"binary-expr","locations":[{"start":{"line":12,"column":9},"end":{"line":12,"column":37}},{"start":{"line":12,"column":41},"end":{"line":12,"column":51}}],"line":12},"4":{"loc":{"start":{"line":14,"column":6},"end":{"line":17,"column":45}},"type":"if","locations":[{"start":{"line":14,"column":6},"end":{"line":17,"column":45}},{"start":{"line":17,"column":2},"end":{"line":17,"column":45}}],"line":14},"5":{"loc":{"start":{"line":82,"column":11},"end":{"line":84,"column":12}},"type":"if","locations":[{"start":{"line":82,"column":11},"end":{"line":84,"column":12}},{"start":{},"end":{}}],"line":82},"6":{"loc":{"start":{"line":104,"column":25},"end":{"line":106,"column":27}},"type":"cond-expr","locations":[{"start":{"line":105,"column":13},"end":{"line":105,"column":38}},{"start":{"line":106,"column":13},"end":{"line":106,"column":27}}],"line":104},"7":{"loc":{"start":{"line":104,"column":25},"end":{"line":104,"column":52}},"type":"binary-expr","locations":[{"start":{"line":104,"column":25},"end":{"line":104,"column":31}},{"start":{"line":104,"column":35},"end":{"line":104,"column":52}}],"line":104},"8":{"loc":{"start":{"line":117,"column":13},"end":{"line":119,"column":14}},"type":"if","locations":[{"start":{"line":117,"column":13},"end":{"line":119,"column":14}},{"start":{},"end":{}}],"line":117},"9":{"loc":{"start":{"line":117,"column":16},"end":{"line":117,"column":94}},"type":"binary-expr","locations":[{"start":{"line":117,"column":16},"end":{"line":117,"column":54}},{"start":{"line":117,"column":58},"end":{"line":117,"column":94}}],"line":117},"10":{"loc":{"start":{"line":133,"column":12},"end":{"line":135,"column":13}},"type":"if","locations":[{"start":{"line":133,"column":12},"end":{"line":135,"column":13}},{"start":{},"end":{}}],"line":133},"11":{"loc":{"start":{"line":133,"column":15},"end":{"line":133,"column":66}},"type":"binary-expr","locations":[{"start":{"line":133,"column":15},"end":{"line":133,"column":44}},{"start":{"line":133,"column":48},"end":{"line":133,"column":66}}],"line":133}},"s":{"0":1,"1":1,"2":1,"3":0,"4":0,"5":0,"6":0,"7":0,"8":1,"9":1,"10":1,"11":1,"12":1,"13":1,"14":1,"15":1,"16":6,"17":6,"18":1,"19":5,"20":5,"21":5,"22":1,"23":1,"24":1,"25":0,"26":0,"27":1,"28":1,"29":1,"30":1,"31":3,"32":6,"33":6,"34":1,"35":1,"36":12,"37":1,"38":1,"39":2,"40":2,"41":2,"42":1,"43":1},"f":{"0":1,"1":1,"2":1,"3":1,"4":1,"5":1,"6":1,"7":1,"8":6,"9":1,"10":1,"11":0,"12":0,"13":1,"14":3,"15":1,"16":12,"17":1,"18":2},"b":{"0":[1,0],"1":[1,1],"2":[0,0],"3":[0,0],"4":[0,0],"5":[1,5],"6":[0,1],"7":[1,1],"8":[6,0],"9":[6,6],"10":[2,0],"11":[2,2]},"_coverageSchema":"1a1c01bbd47fc00a2c39e90264f33305004495a9","hash":"2c1a8cc8aa795db1ab6623cc21436b07e8fb7a24"}
,"/Applications/react-awesome-api-bridge-master/web-server-dev/examples/example-multiple.tsx": {"path":"/Applications/react-awesome-api-bridge-master/web-server-dev/examples/example-multiple.tsx","statementMap":{"0":{"start":{"line":5,"column":19},"end":{"line":5,"column":38}},"1":{"start":{"line":6,"column":19},"end":{"line":6,"column":38}},"2":{"start":{"line":9,"column":15},"end":{"line":9,"column":22}},"3":{"start":{"line":10,"column":21},"end":{"line":10,"column":40}},"4":{"start":{"line":11,"column":28},"end":{"line":11,"column":50}},"5":{"start":{"line":12,"column":30},"end":{"line":12,"column":42}},"6":{"start":{"line":13,"column":52},"end":{"line":13,"column":67}},"7":{"start":{"line":14,"column":22},"end":{"line":14,"column":51}},"8":{"start":{"line":16,"column":44},"end":{"line":18,"column":9}},"9":{"start":{"line":23,"column":4},"end":{"line":29,"column":12}},"10":{"start":{"line":23,"column":37},"end":{"line":29,"column":5}},"11":{"start":{"line":26,"column":12},"end":{"line":26,"column":38}},"12":{"start":{"line":27,"column":12},"end":{"line":27,"column":31}},"13":{"start":{"line":30,"column":21},"end":{"line":30,"column":41}},"14":{"start":{"line":31,"column":4},"end":{"line":64,"column":7}},"15":{"start":{"line":33,"column":12},"end":{"line":33,"column":64}},"16":{"start":{"line":35,"column":12},"end":{"line":61,"column":13}},"17":{"start":{"line":36,"column":28},"end":{"line":36,"column":43}},"18":{"start":{"line":37,"column":16},"end":{"line":42,"column":18}},"19":{"start":{"line":38,"column":20},"end":{"line":41,"column":21}},"20":{"start":{"line":43,"column":16},"end":{"line":47,"column":17}},"21":{"start":{"line":44,"column":20},"end":{"line":46,"column":22}},"22":{"start":{"line":45,"column":24},"end":{"line":45,"column":65}},"23":{"start":{"line":45,"column":54},"end":{"line":45,"column":64}},"24":{"start":{"line":49,"column":31},"end":{"line":51,"column":18}},"25":{"start":{"line":50,"column":20},"end":{"line":50,"column":42}},"26":{"start":{"line":52,"column":16},"end":{"line":54,"column":17}},"27":{"start":{"line":56,"column":16},"end":{"line":60,"column":17}},"28":{"start":{"line":57,"column":20},"end":{"line":59,"column":22}},"29":{"start":{"line":58,"column":24},"end":{"line":58,"column":75}},"30":{"start":{"line":58,"column":54},"end":{"line":58,"column":74}},"31":{"start":{"line":66,"column":30},"end":{"line":66,"column":44}},"32":{"start":{"line":68,"column":4},"end":{"line":121,"column":10}},"33":{"start":{"line":70,"column":12},"end":{"line":70,"column":92}},"34":{"start":{"line":70,"column":41},"end":{"line":70,"column":68}},"35":{"start":{"line":76,"column":12},"end":{"line":76,"column":83}},"36":{"start":{"line":76,"column":34},"end":{"line":76,"column":59}},"37":{"start":{"line":93,"column":16},"end":{"line":93,"column":35}},"38":{"start":{"line":94,"column":16},"end":{"line":94,"column":48}},"39":{"start":{"line":94,"column":41},"end":{"line":94,"column":48}},"40":{"start":{"line":95,"column":16},"end":{"line":95,"column":42}},"41":{"start":{"line":99,"column":84},"end":{"line":99,"column":108}},"42":{"start":{"line":107,"column":59},"end":{"line":107,"column":75}},"43":{"start":{"line":113,"column":16},"end":{"line":117,"column":44}},"44":{"start":{"line":115,"column":39},"end":{"line":115,"column":76}},"45":{"start":{"line":115,"column":65},"end":{"line":115,"column":74}},"46":{"start":{"line":125,"column":41},"end":{"line":125,"column":60}},"47":{"start":{"line":126,"column":32},"end":{"line":126,"column":47}},"48":{"start":{"line":127,"column":22},"end":{"line":127,"column":42}},"49":{"start":{"line":128,"column":44},"end":{"line":128,"column":66}},"50":{"start":{"line":129,"column":38},"end":{"line":129,"column":50}},"51":{"start":{"line":131,"column":4},"end":{"line":165,"column":7}},"52":{"start":{"line":133,"column":12},"end":{"line":163,"column":13}},"53":{"start":{"line":137,"column":31},"end":{"line":137,"column":64}},"54":{"start":{"line":137,"column":48},"end":{"line":137,"column":63}},"55":{"start":{"line":138,"column":16},"end":{"line":140,"column":18}},"56":{"start":{"line":139,"column":20},"end":{"line":139,"column":33}},"57":{"start":{"line":141,"column":16},"end":{"line":147,"column":17}},"58":{"start":{"line":142,"column":20},"end":{"line":146,"column":22}},"59":{"start":{"line":143,"column":24},"end":{"line":145,"column":27}},"60":{"start":{"line":144,"column":28},"end":{"line":144,"column":55}},"61":{"start":{"line":152,"column":27},"end":{"line":152,"column":42}},"62":{"start":{"line":153,"column":16},"end":{"line":158,"column":18}},"63":{"start":{"line":154,"column":20},"end":{"line":157,"column":21}},"64":{"start":{"line":160,"column":16},"end":{"line":162,"column":17}},"65":{"start":{"line":161,"column":20},"end":{"line":161,"column":87}},"66":{"start":{"line":161,"column":51},"end":{"line":161,"column":86}},"67":{"start":{"line":161,"column":75},"end":{"line":161,"column":85}},"68":{"start":{"line":167,"column":4},"end":{"line":172,"column":29}},"69":{"start":{"line":167,"column":37},"end":{"line":172,"column":5}},"70":{"start":{"line":169,"column":12},"end":{"line":169,"column":58}},"71":{"start":{"line":170,"column":12},"end":{"line":170,"column":35}},"72":{"start":{"line":174,"column":19},"end":{"line":174,"column":39}},"73":{"start":{"line":176,"column":4},"end":{"line":217,"column":10}},"74":{"start":{"line":180,"column":16},"end":{"line":180,"column":39}},"75":{"start":{"line":194,"column":32},"end":{"line":197,"column":18}},"76":{"start":{"line":195,"column":33},"end":{"line":195,"column":50}},"77":{"start":{"line":196,"column":20},"end":{"line":196,"column":38}},"78":{"start":{"line":198,"column":16},"end":{"line":198,"column":46}},"79":{"start":{"line":211,"column":16},"end":{"line":211,"column":34}},"80":{"start":{"line":213,"column":90},"end":{"line":213,"column":115}},"81":{"start":{"line":226,"column":17},"end":{"line":226,"column":22}},"82":{"start":{"line":227,"column":38},"end":{"line":227,"column":59}},"83":{"start":{"line":228,"column":22},"end":{"line":228,"column":51}},"84":{"start":{"line":229,"column":21},"end":{"line":229,"column":30}},"85":{"start":{"line":230,"column":48},"end":{"line":230,"column":60}},"86":{"start":{"line":232,"column":4},"end":{"line":239,"column":23}},"87":{"start":{"line":232,"column":37},"end":{"line":239,"column":5}},"88":{"start":{"line":235,"column":12},"end":{"line":235,"column":31}},"89":{"start":{"line":236,"column":12},"end":{"line":236,"column":66}},"90":{"start":{"line":237,"column":12},"end":{"line":237,"column":67}},"91":{"start":{"line":241,"column":4},"end":{"line":256,"column":10}},"92":{"start":{"line":243,"column":91},"end":{"line":243,"column":119}},"93":{"start":{"line":259,"column":17},"end":{"line":274,"column":2}},"94":{"start":{"line":276,"column":0},"end":{"line":276,"column":22}}},"fnMap":{"0":{"name":"ExampleMultiple","decl":{"start":{"line":8,"column":24},"end":{"line":8,"column":39}},"loc":{"start":{"line":8,"column":42},"end":{"line":122,"column":1}},"line":8},"1":{"name":"(anonymous_1)","decl":{"start":{"line":23,"column":30},"end":{"line":23,"column":31}},"loc":{"start":{"line":23,"column":37},"end":{"line":29,"column":5}},"line":23},"2":{"name":"(anonymous_2)","decl":{"start":{"line":25,"column":19},"end":{"line":25,"column":20}},"loc":{"start":{"line":25,"column":25},"end":{"line":28,"column":9}},"line":25},"3":{"name":"(anonymous_3)","decl":{"start":{"line":32,"column":16},"end":{"line":32,"column":17}},"loc":{"start":{"line":32,"column":32},"end":{"line":63,"column":9}},"line":32},"4":{"name":"(anonymous_4)","decl":{"start":{"line":37,"column":32},"end":{"line":37,"column":33}},"loc":{"start":{"line":37,"column":47},"end":{"line":42,"column":17}},"line":37},"5":{"name":"(anonymous_5)","decl":{"start":{"line":43,"column":23},"end":{"line":43,"column":24}},"loc":{"start":{"line":43,"column":29},"end":{"line":47,"column":17}},"line":43},"6":{"name":"(anonymous_6)","decl":{"start":{"line":44,"column":36},"end":{"line":44,"column":37}},"loc":{"start":{"line":44,"column":51},"end":{"line":46,"column":21}},"line":44},"7":{"name":"(anonymous_7)","decl":{"start":{"line":45,"column":48},"end":{"line":45,"column":49}},"loc":{"start":{"line":45,"column":54},"end":{"line":45,"column":64}},"line":45},"8":{"name":"(anonymous_8)","decl":{"start":{"line":49,"column":41},"end":{"line":49,"column":42}},"loc":{"start":{"line":49,"column":50},"end":{"line":51,"column":17}},"line":49},"9":{"name":"(anonymous_9)","decl":{"start":{"line":56,"column":23},"end":{"line":56,"column":24}},"loc":{"start":{"line":56,"column":29},"end":{"line":60,"column":17}},"line":56},"10":{"name":"(anonymous_10)","decl":{"start":{"line":57,"column":36},"end":{"line":57,"column":37}},"loc":{"start":{"line":57,"column":49},"end":{"line":59,"column":21}},"line":57},"11":{"name":"(anonymous_11)","decl":{"start":{"line":58,"column":48},"end":{"line":58,"column":49}},"loc":{"start":{"line":58,"column":54},"end":{"line":58,"column":74}},"line":58},"12":{"name":"(anonymous_12)","decl":{"start":{"line":69,"column":66},"end":{"line":69,"column":67}},"loc":{"start":{"line":69,"column":72},"end":{"line":71,"column":9}},"line":69},"13":{"name":"(anonymous_13)","decl":{"start":{"line":70,"column":29},"end":{"line":70,"column":30}},"loc":{"start":{"line":70,"column":41},"end":{"line":70,"column":68}},"line":70},"14":{"name":"(anonymous_14)","decl":{"start":{"line":75,"column":25},"end":{"line":75,"column":26}},"loc":{"start":{"line":75,"column":31},"end":{"line":77,"column":9}},"line":75},"15":{"name":"(anonymous_15)","decl":{"start":{"line":76,"column":26},"end":{"line":76,"column":27}},"loc":{"start":{"line":76,"column":34},"end":{"line":76,"column":59}},"line":76},"16":{"name":"(anonymous_16)","decl":{"start":{"line":92,"column":28},"end":{"line":92,"column":29}},"loc":{"start":{"line":92,"column":35},"end":{"line":96,"column":13}},"line":92},"17":{"name":"(anonymous_17)","decl":{"start":{"line":99,"column":77},"end":{"line":99,"column":78}},"loc":{"start":{"line":99,"column":84},"end":{"line":99,"column":108}},"line":99},"18":{"name":"(anonymous_18)","decl":{"start":{"line":107,"column":53},"end":{"line":107,"column":54}},"loc":{"start":{"line":107,"column":59},"end":{"line":107,"column":75}},"line":107},"19":{"name":"(anonymous_19)","decl":{"start":{"line":112,"column":21},"end":{"line":112,"column":22}},"loc":{"start":{"line":112,"column":29},"end":{"line":118,"column":13}},"line":112},"20":{"name":"(anonymous_20)","decl":{"start":{"line":114,"column":45},"end":{"line":114,"column":46}},"loc":{"start":{"line":114,"column":51},"end":{"line":116,"column":36}},"line":114},"21":{"name":"(anonymous_21)","decl":{"start":{"line":115,"column":59},"end":{"line":115,"column":60}},"loc":{"start":{"line":115,"column":65},"end":{"line":115,"column":74}},"line":115},"22":{"name":"AComponent","decl":{"start":{"line":124,"column":9},"end":{"line":124,"column":19}},"loc":{"start":{"line":124,"column":21},"end":{"line":218,"column":1}},"line":124},"23":{"name":"(anonymous_23)","decl":{"start":{"line":132,"column":16},"end":{"line":132,"column":17}},"loc":{"start":{"line":132,"column":32},"end":{"line":164,"column":9}},"line":132},"24":{"name":"(anonymous_24)","decl":{"start":{"line":137,"column":41},"end":{"line":137,"column":42}},"loc":{"start":{"line":137,"column":48},"end":{"line":137,"column":63}},"line":137},"25":{"name":"(anonymous_25)","decl":{"start":{"line":138,"column":32},"end":{"line":138,"column":33}},"loc":{"start":{"line":138,"column":47},"end":{"line":140,"column":17}},"line":138},"26":{"name":"(anonymous_26)","decl":{"start":{"line":141,"column":23},"end":{"line":141,"column":24}},"loc":{"start":{"line":141,"column":29},"end":{"line":147,"column":17}},"line":141},"27":{"name":"(anonymous_27)","decl":{"start":{"line":142,"column":37},"end":{"line":142,"column":38}},"loc":{"start":{"line":142,"column":51},"end":{"line":146,"column":21}},"line":142},"28":{"name":"(anonymous_28)","decl":{"start":{"line":143,"column":48},"end":{"line":143,"column":49}},"loc":{"start":{"line":143,"column":56},"end":{"line":145,"column":25}},"line":143},"29":{"name":"(anonymous_29)","decl":{"start":{"line":153,"column":32},"end":{"line":153,"column":33}},"loc":{"start":{"line":153,"column":47},"end":{"line":158,"column":17}},"line":153},"30":{"name":"(anonymous_30)","decl":{"start":{"line":160,"column":23},"end":{"line":160,"column":24}},"loc":{"start":{"line":160,"column":29},"end":{"line":162,"column":17}},"line":160},"31":{"name":"(anonymous_31)","decl":{"start":{"line":161,"column":36},"end":{"line":161,"column":37}},"loc":{"start":{"line":161,"column":51},"end":{"line":161,"column":86}},"line":161},"32":{"name":"(anonymous_32)","decl":{"start":{"line":161,"column":68},"end":{"line":161,"column":69}},"loc":{"start":{"line":161,"column":75},"end":{"line":161,"column":85}},"line":161},"33":{"name":"(anonymous_33)","decl":{"start":{"line":167,"column":30},"end":{"line":167,"column":31}},"loc":{"start":{"line":167,"column":37},"end":{"line":172,"column":5}},"line":167},"34":{"name":"(anonymous_34)","decl":{"start":{"line":168,"column":8},"end":{"line":168,"column":9}},"loc":{"start":{"line":168,"column":14},"end":{"line":171,"column":9}},"line":168},"35":{"name":"(anonymous_35)","decl":{"start":{"line":179,"column":29},"end":{"line":179,"column":30}},"loc":{"start":{"line":179,"column":35},"end":{"line":181,"column":13}},"line":179},"36":{"name":"(anonymous_36)","decl":{"start":{"line":193,"column":25},"end":{"line":193,"column":26}},"loc":{"start":{"line":193,"column":31},"end":{"line":199,"column":13}},"line":193},"37":{"name":"(anonymous_37)","decl":{"start":{"line":194,"column":49},"end":{"line":194,"column":50}},"loc":{"start":{"line":194,"column":58},"end":{"line":197,"column":17}},"line":194},"38":{"name":"(anonymous_38)","decl":{"start":{"line":209,"column":28},"end":{"line":209,"column":29}},"loc":{"start":{"line":209,"column":35},"end":{"line":212,"column":13}},"line":209},"39":{"name":"(anonymous_39)","decl":{"start":{"line":213,"column":85},"end":{"line":213,"column":86}},"loc":{"start":{"line":213,"column":90},"end":{"line":213,"column":115}},"line":213},"40":{"name":"BComponent","decl":{"start":{"line":225,"column":9},"end":{"line":225,"column":19}},"loc":{"start":{"line":225,"column":43},"end":{"line":257,"column":1}},"line":225},"41":{"name":"(anonymous_41)","decl":{"start":{"line":232,"column":30},"end":{"line":232,"column":31}},"loc":{"start":{"line":232,"column":37},"end":{"line":239,"column":5}},"line":232},"42":{"name":"(anonymous_42)","decl":{"start":{"line":234,"column":8},"end":{"line":234,"column":9}},"loc":{"start":{"line":234,"column":19},"end":{"line":238,"column":9}},"line":234},"43":{"name":"(anonymous_43)","decl":{"start":{"line":243,"column":84},"end":{"line":243,"column":85}},"loc":{"start":{"line":243,"column":91},"end":{"line":243,"column":119}},"line":243}},"branchMap":{"0":{"loc":{"start":{"line":35,"column":12},"end":{"line":61,"column":13}},"type":"if","locations":[{"start":{"line":35,"column":12},"end":{"line":61,"column":13}},{"start":{"line":48,"column":19},"end":{"line":61,"column":13}}],"line":35},"1":{"loc":{"start":{"line":89,"column":9},"end":{"line":89,"column":75}},"type":"binary-expr","locations":[{"start":{"line":89,"column":9},"end":{"line":89,"column":25}},{"start":{"line":89,"column":29},"end":{"line":89,"column":75}}],"line":89},"2":{"loc":{"start":{"line":94,"column":16},"end":{"line":94,"column":48}},"type":"if","locations":[{"start":{"line":94,"column":16},"end":{"line":94,"column":48}},{"start":{},"end":{}}],"line":94},"3":{"loc":{"start":{"line":108,"column":9},"end":{"line":108,"column":31}},"type":"binary-expr","locations":[{"start":{"line":108,"column":9},"end":{"line":108,"column":14}},{"start":{"line":108,"column":18},"end":{"line":108,"column":31}}],"line":108},"4":{"loc":{"start":{"line":133,"column":12},"end":{"line":163,"column":13}},"type":"if","locations":[{"start":{"line":133,"column":12},"end":{"line":163,"column":13}},{"start":{"line":148,"column":19},"end":{"line":163,"column":13}}],"line":133},"5":{"loc":{"start":{"line":195,"column":33},"end":{"line":195,"column":50}},"type":"binary-expr","locations":[{"start":{"line":195,"column":33},"end":{"line":195,"column":44}},{"start":{"line":195,"column":48},"end":{"line":195,"column":50}}],"line":195}},"s":{"0":1,"1":1,"2":0,"3":0,"4":0,"5":0,"6":0,"7":0,"8":0,"9":0,"10":0,"11":0,"12":0,"13":0,"14":0,"15":0,"16":0,"17":0,"18":0,"19":0,"20":0,"21":0,"22":0,"23":0,"24":0,"25":0,"26":0,"27":0,"28":0,"29":0,"30":0,"31":0,"32":0,"33":0,"34":0,"35":0,"36":0,"37":0,"38":0,"39":0,"40":0,"41":0,"42":0,"43":0,"44":0,"45":0,"46":0,"47":0,"48":0,"49":0,"50":0,"51":0,"52":0,"53":0,"54":0,"55":0,"56":0,"57":0,"58":0,"59":0,"60":0,"61":0,"62":0,"63":0,"64":0,"65":0,"66":0,"67":0,"68":0,"69":0,"70":0,"71":0,"72":0,"73":0,"74":0,"75":0,"76":0,"77":0,"78":0,"79":0,"80":0,"81":0,"82":0,"83":0,"84":0,"85":0,"86":0,"87":0,"88":0,"89":0,"90":0,"91":0,"92":0,"93":1,"94":1},"f":{"0":0,"1":0,"2":0,"3":0,"4":0,"5":0,"6":0,"7":0,"8":0,"9":0,"10":0,"11":0,"12":0,"13":0,"14":0,"15":0,"16":0,"17":0,"18":0,"19":0,"20":0,"21":0,"22":0,"23":0,"24":0,"25":0,"26":0,"27":0,"28":0,"29":0,"30":0,"31":0,"32":0,"33":0,"34":0,"35":0,"36":0,"37":0,"38":0,"39":0,"40":0,"41":0,"42":0,"43":0},"b":{"0":[0,0],"1":[0,0],"2":[0,0],"3":[0,0],"4":[0,0],"5":[0,0]},"_coverageSchema":"1a1c01bbd47fc00a2c39e90264f33305004495a9","hash":"0d59407b47c2aa99245dbf557bad36b6222022f6"}
,"/Applications/react-awesome-api-bridge-master/web-server-dev/examples/example1.tsx": {"path":"/Applications/react-awesome-api-bridge-master/web-server-dev/examples/example1.tsx","statementMap":{"0":{"start":{"line":6,"column":17},"end":{"line":6,"column":38}},"1":{"start":{"line":7,"column":17},"end":{"line":11,"column":6}},"2":{"start":{"line":9,"column":12},"end":{"line":9,"column":92}},"3":{"start":{"line":13,"column":30},"end":{"line":13,"column":45}},"4":{"start":{"line":15,"column":4},"end":{"line":66,"column":7}},"5":{"start":{"line":20,"column":20},"end":{"line":20,"column":42}},"6":{"start":{"line":26,"column":20},"end":{"line":26,"column":48}},"7":{"start":{"line":34,"column":39},"end":{"line":34,"column":72}},"8":{"start":{"line":48,"column":35},"end":{"line":48,"column":51}},"9":{"start":{"line":60,"column":29},"end":{"line":60,"column":50}},"10":{"start":{"line":61,"column":16},"end":{"line":61,"column":43}},"11":{"start":{"line":71,"column":21},"end":{"line":71,"column":34}},"12":{"start":{"line":72,"column":34},"end":{"line":72,"column":46}},"13":{"start":{"line":73,"column":4},"end":{"line":79,"column":12}},"14":{"start":{"line":73,"column":38},"end":{"line":79,"column":5}},"15":{"start":{"line":75,"column":24},"end":{"line":75,"column":38}},"16":{"start":{"line":76,"column":12},"end":{"line":76,"column":30}},"17":{"start":{"line":77,"column":12},"end":{"line":77,"column":40}},"18":{"start":{"line":82,"column":4},"end":{"line":87,"column":10}},"19":{"start":{"line":91,"column":17},"end":{"line":91,"column":38}},"20":{"start":{"line":92,"column":20},"end":{"line":96,"column":10}},"21":{"start":{"line":93,"column":8},"end":{"line":93,"column":48}},"22":{"start":{"line":94,"column":8},"end":{"line":94,"column":33}},"23":{"start":{"line":98,"column":4},"end":{"line":100,"column":12}},"24":{"start":{"line":98,"column":38},"end":{"line":100,"column":5}},"25":{"start":{"line":101,"column":21},"end":{"line":101,"column":41}},"26":{"start":{"line":103,"column":4},"end":{"line":110,"column":10}},"27":{"start":{"line":107,"column":12},"end":{"line":107,"column":61}},"28":{"start":{"line":108,"column":12},"end":{"line":108,"column":42}},"29":{"start":{"line":114,"column":28},"end":{"line":114,"column":56}},"30":{"start":{"line":115,"column":36},"end":{"line":115,"column":47}},"31":{"start":{"line":117,"column":4},"end":{"line":123,"column":26}},"32":{"start":{"line":117,"column":38},"end":{"line":123,"column":5}},"33":{"start":{"line":119,"column":12},"end":{"line":119,"column":57}},"34":{"start":{"line":120,"column":12},"end":{"line":120,"column":42}},"35":{"start":{"line":125,"column":4},"end":{"line":127,"column":14}},"36":{"start":{"line":126,"column":8},"end":{"line":126,"column":50}},"37":{"start":{"line":129,"column":4},"end":{"line":134,"column":10}},"38":{"start":{"line":132,"column":12},"end":{"line":132,"column":49}},"39":{"start":{"line":138,"column":21},"end":{"line":138,"column":42}},"40":{"start":{"line":140,"column":4},"end":{"line":147,"column":5}},"41":{"start":{"line":141,"column":8},"end":{"line":143,"column":14}},"42":{"start":{"line":146,"column":8},"end":{"line":146,"column":28}},"43":{"start":{"line":150,"column":18},"end":{"line":163,"column":3}}},"fnMap":{"0":{"name":"Example1","decl":{"start":{"line":5,"column":24},"end":{"line":5,"column":32}},"loc":{"start":{"line":5,"column":35},"end":{"line":67,"column":1}},"line":5},"1":{"name":"(anonymous_1)","decl":{"start":{"line":8,"column":16},"end":{"line":8,"column":17}},"loc":{"start":{"line":8,"column":25},"end":{"line":10,"column":9}},"line":8},"2":{"name":"(anonymous_2)","decl":{"start":{"line":19,"column":33},"end":{"line":19,"column":34}},"loc":{"start":{"line":19,"column":39},"end":{"line":21,"column":17}},"line":19},"3":{"name":"(anonymous_3)","decl":{"start":{"line":25,"column":33},"end":{"line":25,"column":34}},"loc":{"start":{"line":25,"column":39},"end":{"line":27,"column":17}},"line":25},"4":{"name":"(anonymous_4)","decl":{"start":{"line":34,"column":33},"end":{"line":34,"column":34}},"loc":{"start":{"line":34,"column":39},"end":{"line":34,"column":72}},"line":34},"5":{"name":"(anonymous_5)","decl":{"start":{"line":36,"column":33},"end":{"line":36,"column":34}},"loc":{"start":{"line":36,"column":39},"end":{"line":37,"column":17}},"line":36},"6":{"name":"(anonymous_6)","decl":{"start":{"line":48,"column":29},"end":{"line":48,"column":30}},"loc":{"start":{"line":48,"column":35},"end":{"line":48,"column":51}},"line":48},"7":{"name":"(anonymous_7)","decl":{"start":{"line":59,"column":29},"end":{"line":59,"column":30}},"loc":{"start":{"line":59,"column":35},"end":{"line":62,"column":13}},"line":59},"8":{"name":"AComponent","decl":{"start":{"line":70,"column":9},"end":{"line":70,"column":19}},"loc":{"start":{"line":70,"column":22},"end":{"line":88,"column":1}},"line":70},"9":{"name":"(anonymous_9)","decl":{"start":{"line":73,"column":31},"end":{"line":73,"column":32}},"loc":{"start":{"line":73,"column":38},"end":{"line":79,"column":5}},"line":73},"10":{"name":"(anonymous_10)","decl":{"start":{"line":74,"column":8},"end":{"line":74,"column":9}},"loc":{"start":{"line":74,"column":27},"end":{"line":78,"column":9}},"line":74},"11":{"name":"BComponent","decl":{"start":{"line":90,"column":9},"end":{"line":90,"column":19}},"loc":{"start":{"line":90,"column":22},"end":{"line":111,"column":1}},"line":90},"12":{"name":"(anonymous_12)","decl":{"start":{"line":92,"column":32},"end":{"line":92,"column":33}},"loc":{"start":{"line":92,"column":50},"end":{"line":96,"column":5}},"line":92},"13":{"name":"(anonymous_13)","decl":{"start":{"line":98,"column":31},"end":{"line":98,"column":32}},"loc":{"start":{"line":98,"column":38},"end":{"line":100,"column":5}},"line":98},"14":{"name":"(anonymous_14)","decl":{"start":{"line":106,"column":25},"end":{"line":106,"column":26}},"loc":{"start":{"line":106,"column":31},"end":{"line":109,"column":9}},"line":106},"15":{"name":"CComponent","decl":{"start":{"line":113,"column":9},"end":{"line":113,"column":19}},"loc":{"start":{"line":113,"column":22},"end":{"line":135,"column":1}},"line":113},"16":{"name":"(anonymous_16)","decl":{"start":{"line":117,"column":31},"end":{"line":117,"column":32}},"loc":{"start":{"line":117,"column":38},"end":{"line":123,"column":5}},"line":117},"17":{"name":"(anonymous_17)","decl":{"start":{"line":118,"column":8},"end":{"line":118,"column":9}},"loc":{"start":{"line":118,"column":19},"end":{"line":121,"column":9}},"line":118},"18":{"name":"(anonymous_18)","decl":{"start":{"line":125,"column":14},"end":{"line":125,"column":15}},"loc":{"start":{"line":125,"column":20},"end":{"line":127,"column":5}},"line":125},"19":{"name":"(anonymous_19)","decl":{"start":{"line":131,"column":25},"end":{"line":131,"column":26}},"loc":{"start":{"line":131,"column":31},"end":{"line":133,"column":9}},"line":131},"20":{"name":"DeepC","decl":{"start":{"line":137,"column":9},"end":{"line":137,"column":14}},"loc":{"start":{"line":137,"column":61},"end":{"line":148,"column":1}},"line":137}},"branchMap":{"0":{"loc":{"start":{"line":50,"column":16},"end":{"line":51,"column":41}},"type":"binary-expr","locations":[{"start":{"line":50,"column":16},"end":{"line":50,"column":21}},{"start":{"line":51,"column":16},"end":{"line":51,"column":41}}],"line":50},"1":{"loc":{"start":{"line":85,"column":12},"end":{"line":85,"column":37}},"type":"binary-expr","locations":[{"start":{"line":85,"column":12},"end":{"line":85,"column":19}},{"start":{"line":85,"column":23},"end":{"line":85,"column":37}}],"line":85},"2":{"loc":{"start":{"line":132,"column":20},"end":{"line":132,"column":48}},"type":"cond-expr","locations":[{"start":{"line":132,"column":36},"end":{"line":132,"column":41}},{"start":{"line":132,"column":44},"end":{"line":132,"column":48}}],"line":132},"3":{"loc":{"start":{"line":138,"column":21},"end":{"line":138,"column":42}},"type":"binary-expr","locations":[{"start":{"line":138,"column":21},"end":{"line":138,"column":37}},{"start":{"line":138,"column":41},"end":{"line":138,"column":42}}],"line":138},"4":{"loc":{"start":{"line":140,"column":4},"end":{"line":147,"column":5}},"type":"if","locations":[{"start":{"line":140,"column":4},"end":{"line":147,"column":5}},{"start":{"line":145,"column":11},"end":{"line":147,"column":5}}],"line":140}},"s":{"0":2,"1":2,"2":1,"3":2,"4":2,"5":0,"6":0,"7":2,"8":1,"9":2,"10":2,"11":7,"12":7,"13":7,"14":1,"15":5,"16":5,"17":5,"18":7,"19":1,"20":1,"21":3,"22":3,"23":1,"24":1,"25":1,"26":1,"27":0,"28":0,"29":2,"30":2,"31":2,"32":1,"33":0,"34":0,"35":2,"36":1,"37":2,"38":0,"39":8,"40":8,"41":6,"42":2,"43":1},"f":{"0":2,"1":1,"2":0,"3":0,"4":2,"5":0,"6":1,"7":2,"8":7,"9":1,"10":5,"11":1,"12":3,"13":1,"14":0,"15":2,"16":1,"17":0,"18":1,"19":0,"20":8},"b":{"0":[2,1],"1":[7,6],"2":[0,0],"3":[8,2],"4":[6,2]},"_coverageSchema":"1a1c01bbd47fc00a2c39e90264f33305004495a9","hash":"c41d02269db22f4c7533426f69e46b1e480ccae4"}
}
