TN:
SF:dist/bridge.js
FN:2,(anonymous_0)
FN:2,(anonymous_1)
FN:2,(anonymous_2)
FN:2,(anonymous_3)
FN:2,(anonymous_4)
FN:2,(anonymous_5)
FN:2,(anonymous_6)
FN:2,n
FN:2,(anonymous_8)
FN:2,(anonymous_9)
FN:2,(anonymous_10)
FN:2,(anonymous_11)
FN:2,(anonymous_12)
FN:2,(anonymous_13)
FN:2,(anonymous_14)
FN:2,t
FN:2,i
FN:2,(anonymous_17)
FN:2,a
FN:2,(anonymous_19)
FN:2,(anonymous_20)
FN:2,l
FN:2,(anonymous_22)
FN:2,(anonymous_23)
FN:2,(anonymous_24)
FN:2,(anonymous_25)
FN:2,f
FN:2,c
FN:2,(anonymous_28)
FN:2,d
FN:2,(anonymous_30)
FN:2,(anonymous_31)
FN:2,(anonymous_32)
FN:2,(anonymous_33)
FN:2,(anonymous_34)
FN:2,s
FN:2,p
FN:2,(anonymous_37)
FN:2,(anonymous_38)
FN:2,(anonymous_39)
FN:2,(anonymous_40)
FN:2,(anonymous_41)
FN:2,(anonymous_42)
FN:2,(anonymous_43)
FN:2,g
FN:2,(anonymous_45)
FN:2,(anonymous_46)
FN:2,(anonymous_47)
FN:2,(anonymous_48)
FN:2,(anonymous_49)
FN:2,(anonymous_50)
FN:2,(anonymous_51)
FN:2,(anonymous_52)
FN:2,(anonymous_53)
FN:2,(anonymous_54)
FN:2,(anonymous_55)
FN:2,(anonymous_56)
FN:2,(anonymous_57)
FN:2,(anonymous_58)
FN:2,m
FN:2,(anonymous_60)
FN:2,h
FN:2,(anonymous_62)
FN:2,(anonymous_63)
FN:2,(anonymous_64)
FN:2,(anonymous_65)
FN:2,(anonymous_66)
FN:2,(anonymous_67)
FN:2,(anonymous_68)
FN:2,(anonymous_69)
FN:2,(anonymous_70)
FN:2,(anonymous_71)
FN:2,(anonymous_72)
FN:2,(anonymous_73)
FN:2,(anonymous_74)
FN:2,(anonymous_75)
FN:2,(anonymous_76)
FN:2,(anonymous_77)
FN:2,(anonymous_78)
FN:2,(anonymous_79)
FN:2,(anonymous_80)
FN:2,(anonymous_81)
FN:2,(anonymous_82)
FN:2,(anonymous_83)
FN:2,(anonymous_84)
FN:2,(anonymous_85)
FNF:86
FNH:55
FNDA:1,(anonymous_0)
FNDA:1,(anonymous_1)
FNDA:1,(anonymous_2)
FNDA:1,(anonymous_3)
FNDA:0,(anonymous_4)
FNDA:1,(anonymous_5)
FNDA:1,(anonymous_6)
FNDA:4,n
FNDA:1,(anonymous_8)
FNDA:2,(anonymous_9)
FNDA:1,(anonymous_10)
FNDA:1,(anonymous_11)
FNDA:2,(anonymous_12)
FNDA:32,(anonymous_13)
FNDA:29,(anonymous_14)
FNDA:15,t
FNDA:17,i
FNDA:9,(anonymous_17)
FNDA:0,a
FNDA:0,(anonymous_19)
FNDA:0,(anonymous_20)
FNDA:4,l
FNDA:4,(anonymous_22)
FNDA:0,(anonymous_23)
FNDA:0,(anonymous_24)
FNDA:0,(anonymous_25)
FNDA:4,f
FNDA:0,c
FNDA:0,(anonymous_28)
FNDA:0,d
FNDA:0,(anonymous_30)
FNDA:0,(anonymous_31)
FNDA:0,(anonymous_32)
FNDA:2,(anonymous_33)
FNDA:1,(anonymous_34)
FNDA:3,s
FNDA:69,p
FNDA:81,(anonymous_37)
FNDA:0,(anonymous_38)
FNDA:0,(anonymous_39)
FNDA:0,(anonymous_40)
FNDA:0,(anonymous_41)
FNDA:0,(anonymous_42)
FNDA:189,(anonymous_43)
FNDA:65,g
FNDA:9,(anonymous_45)
FNDA:9,(anonymous_46)
FNDA:4,(anonymous_47)
FNDA:0,(anonymous_48)
FNDA:2,(anonymous_49)
FNDA:2,(anonymous_50)
FNDA:5,(anonymous_51)
FNDA:2,(anonymous_52)
FNDA:4,(anonymous_53)
FNDA:37,(anonymous_54)
FNDA:60,(anonymous_55)
FNDA:9,(anonymous_56)
FNDA:9,(anonymous_57)
FNDA:13,(anonymous_58)
FNDA:0,m
FNDA:0,(anonymous_60)
FNDA:0,h
FNDA:2,(anonymous_62)
FNDA:65,(anonymous_63)
FNDA:33,(anonymous_64)
FNDA:0,(anonymous_65)
FNDA:0,(anonymous_66)
FNDA:0,(anonymous_67)
FNDA:60,(anonymous_68)
FNDA:10,(anonymous_69)
FNDA:10,(anonymous_70)
FNDA:10,(anonymous_71)
FNDA:12,(anonymous_72)
FNDA:10,(anonymous_73)
FNDA:8,(anonymous_74)
FNDA:8,(anonymous_75)
FNDA:10,(anonymous_76)
FNDA:31,(anonymous_77)
FNDA:4,(anonymous_78)
FNDA:17,(anonymous_79)
FNDA:0,(anonymous_80)
FNDA:0,(anonymous_81)
FNDA:0,(anonymous_82)
FNDA:0,(anonymous_83)
FNDA:0,(anonymous_84)
FNDA:0,(anonymous_85)
DA:2,189
LF:1
LH:1
BRDA:2,0,0,1
BRDA:2,0,1,0
BRDA:2,1,0,1
BRDA:2,1,1,1
BRDA:2,2,0,0
BRDA:2,2,1,0
BRDA:2,3,0,0
BRDA:2,3,1,0
BRDA:2,4,0,0
BRDA:2,4,1,0
BRDA:2,5,0,0
BRDA:2,5,1,0
BRDA:2,6,0,0
BRDA:2,6,1,0
BRDA:2,7,0,0
BRDA:2,7,1,0
BRDA:2,8,0,0
BRDA:2,8,1,0
BRDA:2,8,2,0
BRDA:2,9,0,0
BRDA:2,9,1,0
BRDA:2,10,0,0
BRDA:2,10,1,0
BRDA:2,11,0,0
BRDA:2,11,1,0
BRDA:2,12,0,1
BRDA:2,12,1,3
BRDA:2,13,0,1
BRDA:2,13,1,1
BRDA:2,13,2,1
BRDA:2,14,0,1
BRDA:2,14,1,1
BRDA:2,14,2,1
BRDA:2,15,0,27
BRDA:2,15,1,5
BRDA:2,16,0,27
BRDA:2,16,1,20
BRDA:2,17,0,15
BRDA:2,17,1,14
BRDA:2,18,0,8
BRDA:2,18,1,9
BRDA:2,19,0,9
BRDA:2,19,1,4
BRDA:2,20,0,0
BRDA:2,20,1,9
BRDA:2,21,0,9
BRDA:2,21,1,9
BRDA:2,22,0,0
BRDA:2,22,1,0
BRDA:2,23,0,0
BRDA:2,23,1,0
BRDA:2,24,0,0
BRDA:2,24,1,0
BRDA:2,25,0,0
BRDA:2,25,1,0
BRDA:2,25,2,0
BRDA:2,25,3,0
BRDA:2,26,0,4
BRDA:2,26,1,0
BRDA:2,26,2,0
BRDA:2,26,3,0
BRDA:2,27,0,4
BRDA:2,27,1,0
BRDA:2,28,0,0
BRDA:2,28,1,0
BRDA:2,29,0,0
BRDA:2,29,1,0
BRDA:2,29,2,0
BRDA:2,30,0,0
BRDA:2,30,1,0
BRDA:2,31,0,0
BRDA:2,31,1,0
BRDA:2,32,0,0
BRDA:2,32,1,0
BRDA:2,32,2,0
BRDA:2,33,0,0
BRDA:2,33,1,0
BRDA:2,34,0,0
BRDA:2,34,1,0
BRDA:2,35,0,0
BRDA:2,35,1,0
BRDA:2,36,0,0
BRDA:2,36,1,0
BRDA:2,37,0,4
BRDA:2,37,1,0
BRDA:2,37,2,4
BRDA:2,38,0,0
BRDA:2,38,1,0
BRDA:2,39,0,0
BRDA:2,39,1,0
BRDA:2,40,0,0
BRDA:2,40,1,0
BRDA:2,41,0,0
BRDA:2,41,1,0
BRDA:2,42,0,0
BRDA:2,42,1,0
BRDA:2,43,0,0
BRDA:2,43,1,0
BRDA:2,44,0,0
BRDA:2,44,1,0
BRDA:2,45,0,0
BRDA:2,45,1,0
BRDA:2,46,0,0
BRDA:2,46,1,0
BRDA:2,47,0,0
BRDA:2,47,1,0
BRDA:2,48,0,0
BRDA:2,48,1,0
BRDA:2,49,0,32
BRDA:2,49,1,37
BRDA:2,50,0,69
BRDA:2,50,1,55
BRDA:2,50,2,55
BRDA:2,51,0,5
BRDA:2,51,1,76
BRDA:2,52,0,1
BRDA:2,52,1,4
BRDA:2,53,0,3
BRDA:2,53,1,2
BRDA:2,54,0,0
BRDA:2,54,1,0
BRDA:2,55,0,0
BRDA:2,55,1,0
BRDA:2,56,0,0
BRDA:2,56,1,0
BRDA:2,57,0,0
BRDA:2,57,1,0
BRDA:2,58,0,0
BRDA:2,58,1,0
BRDA:2,59,0,0
BRDA:2,59,1,0
BRDA:2,60,0,0
BRDA:2,60,1,0
BRDA:2,61,0,0
BRDA:2,61,1,0
BRDA:2,62,0,0
BRDA:2,62,1,0
BRDA:2,63,0,0
BRDA:2,63,1,0
BRDA:2,64,0,0
BRDA:2,64,1,0
BRDA:2,65,0,189
BRDA:2,65,1,157
BRDA:2,66,0,189
BRDA:2,66,1,189
BRDA:2,67,0,4
BRDA:2,67,1,5
BRDA:2,68,0,4
BRDA:2,68,1,0
BRDA:2,69,0,4
BRDA:2,69,1,4
BRDA:2,69,2,3
BRDA:2,70,0,1
BRDA:2,70,1,3
BRDA:2,71,0,4
BRDA:2,71,1,4
BRDA:2,72,0,1
BRDA:2,72,1,0
BRDA:2,73,0,0
BRDA:2,73,1,3
BRDA:2,74,0,3
BRDA:2,74,1,3
BRDA:2,75,0,1
BRDA:2,75,1,2
BRDA:2,76,0,2
BRDA:2,76,1,2
BRDA:2,77,0,2
BRDA:2,77,1,2
BRDA:2,77,2,2
BRDA:2,78,0,0
BRDA:2,78,1,2
BRDA:2,79,0,2
BRDA:2,79,1,2
BRDA:2,80,0,4
BRDA:2,80,1,2
BRDA:2,81,0,32
BRDA:2,81,1,5
BRDA:2,82,0,32
BRDA:2,82,1,32
BRDA:2,83,0,60
BRDA:2,83,1,32
BRDA:2,84,0,0
BRDA:2,84,1,0
BRDA:2,85,0,0
BRDA:2,85,1,0
BRDA:2,86,0,0
BRDA:2,86,1,0
BRDA:2,87,0,0
BRDA:2,87,1,0
BRDA:2,88,0,0
BRDA:2,88,1,0
BRDA:2,89,0,0
BRDA:2,89,1,0
BRDA:2,90,0,0
BRDA:2,90,1,2
BRDA:2,91,0,2
BRDA:2,91,1,0
BRDA:2,92,0,65
BRDA:2,92,1,33
BRDA:2,93,0,10
BRDA:2,93,1,5
BRDA:2,94,0,33
BRDA:2,94,1,27
BRDA:2,95,0,10
BRDA:2,95,1,6
BRDA:2,96,0,8
BRDA:2,96,1,8
BRDA:2,96,2,0
BRDA:2,97,0,7
BRDA:2,97,1,1
BRDA:2,98,0,4
BRDA:2,98,1,4
BRDA:2,99,0,4
BRDA:2,99,1,0
BRDA:2,100,0,4
BRDA:2,100,1,0
BRDA:2,100,2,0
BRDA:2,101,0,17
BRDA:2,101,1,17
BRDA:2,102,0,17
BRDA:2,102,1,0
BRDA:2,103,0,0
BRDA:2,103,1,0
BRDA:2,104,0,0
BRDA:2,104,1,0
BRDA:2,105,0,0
BRDA:2,105,1,0
BRDA:2,106,0,0
BRDA:2,106,1,0
BRDA:2,107,0,0
BRDA:2,107,1,0
BRDA:2,108,0,0
BRDA:2,108,1,0
BRDA:2,109,0,0
BRDA:2,109,1,0
BRDA:2,110,0,0
BRDA:2,110,1,0
BRDA:2,111,0,0
BRDA:2,111,1,0
BRDA:2,112,0,0
BRDA:2,112,1,0
BRDA:2,113,0,0
BRDA:2,113,1,0
BRDA:2,114,0,0
BRDA:2,114,1,0
BRF:245
BRH:96
end_of_record
TN:
SF:src/utils.ts
FN:1,(anonymous_0)
FN:3,(anonymous_1)
FN:10,tryInvoke
FN:20,(anonymous_3)
FN:30,appendToMappedValue
FN:39,(anonymous_5)
FNF:6
FNH:5
FNDA:6,(anonymous_0)
FNDA:9,(anonymous_1)
FNDA:8,tryInvoke
FNDA:0,(anonymous_3)
FNDA:3,appendToMappedValue
FNDA:2,(anonymous_5)
DA:1,1
DA:2,6
DA:3,9
DA:4,6
DA:5,5
DA:11,8
DA:12,2
DA:13,2
DA:15,6
DA:18,1
DA:19,1
DA:20,1
DA:21,0
DA:22,0
DA:24,0
DA:25,0
DA:27,0
DA:31,3
DA:32,3
DA:33,2
DA:34,2
DA:36,1
DA:39,3
DA:40,2
DA:41,2
DA:42,1
LF:26
LH:21
BRDA:2,0,0,6
BRDA:2,0,1,0
BRDA:4,1,0,5
BRDA:4,1,1,1
BRDA:11,2,0,2
BRDA:11,2,1,6
BRDA:21,3,0,0
BRDA:21,3,1,0
BRDA:32,4,0,2
BRDA:32,4,1,1
BRDA:41,5,0,1
BRDA:41,5,1,1
BRF:12
BRH:9
end_of_record
TN:
SF:web-server-dev/examples/example-multiple.tsx
FN:8,ExampleMultiple
FN:23,(anonymous_1)
FN:25,(anonymous_2)
FN:32,(anonymous_3)
FN:37,(anonymous_4)
FN:43,(anonymous_5)
FN:44,(anonymous_6)
FN:45,(anonymous_7)
FN:49,(anonymous_8)
FN:56,(anonymous_9)
FN:57,(anonymous_10)
FN:58,(anonymous_11)
FN:69,(anonymous_12)
FN:70,(anonymous_13)
FN:75,(anonymous_14)
FN:76,(anonymous_15)
FN:92,(anonymous_16)
FN:99,(anonymous_17)
FN:107,(anonymous_18)
FN:112,(anonymous_19)
FN:114,(anonymous_20)
FN:115,(anonymous_21)
FN:124,AComponent
FN:132,(anonymous_23)
FN:137,(anonymous_24)
FN:138,(anonymous_25)
FN:141,(anonymous_26)
FN:142,(anonymous_27)
FN:143,(anonymous_28)
FN:153,(anonymous_29)
FN:160,(anonymous_30)
FN:161,(anonymous_31)
FN:161,(anonymous_32)
FN:167,(anonymous_33)
FN:168,(anonymous_34)
FN:179,(anonymous_35)
FN:193,(anonymous_36)
FN:194,(anonymous_37)
FN:209,(anonymous_38)
FN:213,(anonymous_39)
FN:225,BComponent
FN:232,(anonymous_41)
FN:234,(anonymous_42)
FN:243,(anonymous_43)
FNF:44
FNH:39
FNDA:13,ExampleMultiple
FNDA:1,(anonymous_1)
FNDA:1,(anonymous_2)
FNDA:3,(anonymous_3)
FNDA:2,(anonymous_4)
FNDA:2,(anonymous_5)
FNDA:0,(anonymous_6)
FNDA:0,(anonymous_7)
FNDA:3,(anonymous_8)
FNDA:1,(anonymous_9)
FNDA:1,(anonymous_10)
FNDA:5,(anonymous_11)
FNDA:2,(anonymous_12)
FNDA:2,(anonymous_13)
FNDA:1,(anonymous_14)
FNDA:3,(anonymous_15)
FNDA:2,(anonymous_16)
FNDA:2,(anonymous_17)
FNDA:2,(anonymous_18)
FNDA:16,(anonymous_19)
FNDA:2,(anonymous_20)
FNDA:3,(anonymous_21)
FNDA:17,AComponent
FNDA:6,(anonymous_23)
FNDA:2,(anonymous_24)
FNDA:1,(anonymous_25)
FNDA:1,(anonymous_26)
FNDA:0,(anonymous_27)
FNDA:0,(anonymous_28)
FNDA:5,(anonymous_29)
FNDA:5,(anonymous_30)
FNDA:3,(anonymous_31)
FNDA:7,(anonymous_32)
FNDA:3,(anonymous_33)
FNDA:1,(anonymous_34)
FNDA:1,(anonymous_35)
FNDA:2,(anonymous_36)
FNDA:5,(anonymous_37)
FNDA:0,(anonymous_38)
FNDA:1,(anonymous_39)
FNDA:20,BComponent
FNDA:5,(anonymous_41)
FNDA:3,(anonymous_42)
FNDA:1,(anonymous_43)
DA:5,1
DA:6,1
DA:9,13
DA:10,13
DA:11,13
DA:12,13
DA:13,13
DA:14,13
DA:16,13
DA:23,13
DA:26,1
DA:27,1
DA:30,13
DA:31,13
DA:33,3
DA:35,3
DA:36,2
DA:37,2
DA:38,2
DA:43,2
DA:44,2
DA:45,0
DA:49,1
DA:50,3
DA:52,1
DA:56,1
DA:57,1
DA:58,5
DA:66,13
DA:68,13
DA:70,2
DA:76,3
DA:93,2
DA:94,2
DA:95,2
DA:99,2
DA:107,2
DA:113,16
DA:115,3
DA:125,17
DA:126,17
DA:127,17
DA:128,17
DA:129,17
DA:131,17
DA:133,6
DA:137,2
DA:138,1
DA:139,1
DA:141,1
DA:142,1
DA:143,0
DA:144,0
DA:152,5
DA:153,5
DA:154,5
DA:160,5
DA:161,7
DA:167,17
DA:169,1
DA:170,1
DA:174,17
DA:176,17
DA:180,1
DA:194,2
DA:195,5
DA:196,5
DA:198,2
DA:211,0
DA:213,1
DA:226,20
DA:227,20
DA:228,20
DA:229,20
DA:230,20
DA:232,20
DA:235,3
DA:236,3
DA:237,3
DA:241,20
DA:243,1
DA:259,1
DA:276,1
LF:83
LH:79
BRDA:35,0,0,2
BRDA:35,0,1,1
BRDA:89,1,0,13
BRDA:89,1,1,11
BRDA:94,2,0,0
BRDA:94,2,1,2
BRDA:108,3,0,13
BRDA:108,3,1,12
BRDA:133,4,0,1
BRDA:133,4,1,5
BRDA:195,5,0,5
BRDA:195,5,1,0
BRF:12
BRH:10
end_of_record
TN:
SF:web-server-dev/examples/example1.tsx
FN:5,Example1
FN:8,(anonymous_1)
FN:19,(anonymous_2)
FN:25,(anonymous_3)
FN:34,(anonymous_4)
FN:36,(anonymous_5)
FN:48,(anonymous_6)
FN:59,(anonymous_7)
FN:70,AComponent
FN:73,(anonymous_9)
FN:74,(anonymous_10)
FN:90,BComponent
FN:92,(anonymous_12)
FN:98,(anonymous_13)
FN:106,(anonymous_14)
FN:113,CComponent
FN:117,(anonymous_16)
FN:118,(anonymous_17)
FN:125,(anonymous_18)
FN:131,(anonymous_19)
FN:137,DeepC
FNF:21
FNH:15
FNDA:2,Example1
FNDA:1,(anonymous_1)
FNDA:0,(anonymous_2)
FNDA:0,(anonymous_3)
FNDA:2,(anonymous_4)
FNDA:0,(anonymous_5)
FNDA:1,(anonymous_6)
FNDA:2,(anonymous_7)
FNDA:7,AComponent
FNDA:1,(anonymous_9)
FNDA:5,(anonymous_10)
FNDA:1,BComponent
FNDA:3,(anonymous_12)
FNDA:1,(anonymous_13)
FNDA:0,(anonymous_14)
FNDA:2,CComponent
FNDA:1,(anonymous_16)
FNDA:0,(anonymous_17)
FNDA:1,(anonymous_18)
FNDA:0,(anonymous_19)
FNDA:8,DeepC
DA:6,2
DA:7,2
DA:9,1
DA:13,2
DA:15,2
DA:20,0
DA:26,0
DA:34,2
DA:48,1
DA:60,2
DA:61,2
DA:71,7
DA:72,7
DA:73,7
DA:75,5
DA:76,5
DA:77,5
DA:82,7
DA:91,1
DA:92,1
DA:93,3
DA:94,3
DA:98,1
DA:101,1
DA:103,1
DA:107,0
DA:108,0
DA:114,2
DA:115,2
DA:117,2
DA:119,0
DA:120,0
DA:125,2
DA:126,1
DA:129,2
DA:132,0
DA:138,8
DA:140,8
DA:141,6
DA:146,2
DA:150,1
LF:41
LH:34
BRDA:50,0,0,2
BRDA:50,0,1,1
BRDA:85,1,0,7
BRDA:85,1,1,6
BRDA:132,2,0,0
BRDA:132,2,1,0
BRDA:138,3,0,8
BRDA:138,3,1,2
BRDA:140,4,0,6
BRDA:140,4,1,2
BRF:10
BRH:8
end_of_record
